{
  "Closure_1": {
    "description": "function arguments should not be optimized away\nFunction arguments should not be optimized away, as this comprimizes the function's length property.\r\n\r\n<b>What steps will reproduce the problem?</b>\n\r\n// ==ClosureCompiler==\r\n// @compilation_level SIMPLE_OPTIMIZATIONS\r\n// @output_file_name default.js\r\n// ==/ClosureCompiler==\r\nfunction foo (bar, baz) {\r\n  return bar;\r\n}\r\nalert (foo.length);\r\nfunction foo (bar, baz) {\r\n  return bar;\r\n}\r\nalert (foo.length);\r\n\r\n--------------------------------------\r\n\r\nWhat is the expected output?\r\n\r\nfunction foo(a,b){return a}alert(foo.length);\r\n\r\n--------------------------------------\r\n\r\nWhat do you see instead?\r\n\r\nfunction foo(a){return a}alert(foo.length);\r\n\r\n--------------------------------------\r\n\r\n<b>What version of the product are you using? On what operating system?</b>\n\r\nI'm using the product from the web page http://closure-compiler.appspot.com/home\r\n\r\nI'm using Firefox 3.6.10 on Ubuntu 10.0.4\r\n\r\n<b>Please provide any additional information below.</b>\n\r\nThe function's length property is essential to many techniques, such as currying functions.",
    "desc_source": "google"
  },
  "Closure_2": {
    "description": "combining @interface and multiple @extends can crash compiler\nCompile this:\r\n---------------------------------\r\n// ==ClosureCompiler==\r\n// @compilation_level SIMPLE_OPTIMIZATIONS\r\n// @warning_level VERBOSE\r\n// @output_file_name default.js\r\n// ==/ClosureCompiler==\r\n\r\n/**\r\n * @interface\r\n * @extends {unknown_1}\r\n * @extends {unknown_2}\r\n */\r\nfunction Foo() {}\r\n---------------------------------\r\n\r\n=&gt; Get this..\r\n---------------------------------------\r\n23: java.lang.NullPointerException\r\n\tat com.google.javascript.jscomp.TypeCheck.checkInterfaceConflictProperties(TypeCheck.java:1544)\r\n\tat com.google.javascript.jscomp.TypeCheck.visitFunction(TypeCheck.java:1635)\r\n\tat com.google.javascript.jscomp.TypeCheck.visit(TypeCheck.java:761)\r\n\tat com.google.javascript.jscomp.NodeTraversal.traverseBranch(NodeTraversal.java:509)\r\n\tat com.google.javascript.jscomp.NodeTraversal.traverseBranch(NodeTraversal.java:502)\r\n\tat com.google.javascript.jscomp.NodeTraversal.traverseBranch(NodeTraversal.java:502)\r\n\tat com.google.javascript.jscomp.NodeTraversal.traverseWithScope(NodeTraversal.java:347)\r\n\tat com.google.javascript.jscomp.TypeCheck.check(TypeCheck.java:400)\r\n\tat com.google.javascript.jscomp.TypeCheck.process(TypeCheck.java:371)\r\n\tat com.google.javascript.jscomp.DefaultPassConfig$29$1.process(DefaultPassConfig.java:1209)\r\n\tat com.google.javascript.jscomp.PhaseOptimizer$PassFactoryDelegate.processInternal(PhaseOptimizer.java:303)\r\n\tat com.google.javascript.jscomp.PhaseOptimizer$NamedPass.process(PhaseOptimizer.java:279)\r\n\tat com.google.javascript.jscomp.PhaseOptimizer.process(PhaseOptimizer.java:191)\r\n\tat com.google.javascript.jscomp.Compiler.check(Compiler.java:814)\r\n\tat com.google.javascript.jscomp.Compiler.compileInternal(Compiler.java:729)\r\n\tat com.google.javascript.jscomp.Compiler.access$000(Compiler.java:85)\r\n\tat com.google.javascript.jscomp.Compiler$2.call(Compiler.java:637)\r\n\tat com.google.javascript.jscomp.Compiler$2.call(Compiler.java:634)\r\n\tat com.google.javascript.jscomp.Compiler.runInCompilerThread(Compiler.java:694)\r\n\tat com.google.javascript.jscomp.Compiler.compile(Compiler.java:634)\r\n\tat com.google.javascript.jscomp.Compiler.compile(Compiler.java:590)\r\n\tat com.google.javascript.jscomp.webservice.backend.CompilerInvokerImpl.compile(CompilerInvokerImpl.java:47)\r\n\tat com.google.javascript.jscomp.webservice.backend.ServerController.executeRequest(ServerController.java:177)\r\n\tat com.google.javascript.jscomp.webservice.backend.CompilationRequestHandler.serviceParsedRequest(CompilationRequestHandler.java:180)\r\n\tat com.google.javascript.jscomp.webservice.backend.CompilationRequestHandler.service(CompilationRequestHandler.java:162)\r\n\tat com.google.javascript.jscomp.webservice.frontend.CompilationServlet.doPost(CompilationServlet.java:83)\r\n\tat javax.servlet.http.HttpServlet.service(HttpServlet.java:637)\r\n\tat javax.servlet.http.HttpServlet.service(HttpServlet.java:717)\r\n\tat org.mortbay.jetty.servlet.ServletHolder.handle(ServletHolder.java:511)\r\n\tat org.mortbay.jetty.servlet.ServletHandler$CachedChain.doFilter(ServletHandler.java:1166)\r\n\tat com.google.apphosting.utils.servlet.ParseBlobUploadFilter.doFilter(ParseBlobUploadFilter.java:102)\r\n\tat org.mortbay.jetty.servlet.ServletHandler$CachedChain.doFilter(ServletHandler.java:1157)\r\n\tat com.google.apphosting.runtime.jetty.SaveSessionFilter.doFilter(SaveSessionFilter.java:35)\r\n\tat org.mortbay.jetty.servlet.ServletHandler$CachedChain.doFilter(ServletHandler.java:1157)\r\n\tat com.google.apphosting.utils.servlet.TransactionCleanupFilter.doFilter(TransactionCleanupFilter.java:43)\r\n\tat org.mortbay.jetty.servlet.ServletHandler$CachedChain.doFilter(ServletHandler.java:1157)\r\n\tat org.mortbay.jetty.servlet.ServletHandler.handle(ServletHandler.java:388)\r\n\tat org.mortbay.jetty.security.SecurityHandler.handle(SecurityHandler.java:216)\r\n\tat org.mortbay.jetty.servlet.SessionHandler.handle(SessionHandler.java:182)\r\n\tat org.mortbay.jetty.handler.ContextHandler.handle(ContextHandler.java:765)\r\n\tat org.mortbay.jetty.webapp.WebAppContext.handle(WebAppContext.java:418)\r\n\tat com.google.apphosting.runtime.jetty.AppVersionHandlerMap.handle(AppVersionHandlerMap.java:266)\r\n\tat org.mortbay.jetty.handler.HandlerWrapper.handle(HandlerWrapper.java:152)\r\n\tat org.mortbay.jetty.Server.handle(Server.java:326)\r\n\tat org.mortbay.jetty.HttpConnection.handleRequest(HttpConnection.java:542)\r\n\tat org.mortbay.jetty.HttpConnection$RequestHandler.headerComplete(HttpConnection.java:923)\r\n\tat com.google.apphosting.runtime.jetty.RpcRequestParser.parseAvailable(RpcRequestParser.java:76)\r\n\tat org.mortbay.jetty.HttpConnection.handle(HttpConnection.java:404)\r\n\tat com.google.apphosting.runtime.jetty.JettyServletEngineAdapter.serviceRequest(JettyServletEngineAdapter.java:146)\r\n\tat com.google.apphosting.runtime.JavaRuntime$RequestRunnable.run(JavaRuntime.java:447)\r\n\tat com.google.tracing.TraceContext$TraceContextRunnable.runInContext(TraceContext.java:454)\r\n\tat com.google.tracing.TraceContext$TraceContextRunnable$1.run(TraceContext.java:461)\r\n\tat com.google.tracing.TraceContext.runInContext(TraceContext.java:703)\r\n\tat com.google.tracing.TraceContext$AbstractTraceContextCallback.runInInheritedContextNoUnref(TraceContext.java:338)\r\n\tat com.google.tracing.TraceContext$AbstractTraceContextCallback.runInInheritedContext(TraceContext.java:330)\r\n\tat com.google.tracing.TraceContext$TraceContextRunnable.run(TraceContext.java:458)\r\n\tat com.google.apphosting.runtime.ThreadGroupPool$PoolEntry.run(ThreadGroupPool.java:251)\r\n\tat java.lang.Thread.run(Thread.java:679)\r\n\r\nOriginal Post Data: \r\noutput_format=json&amp;output_info=compiled_code&amp;output_info=warnings&amp;output_info=errors&amp;output_info=statistics&amp;compilation_level=SIMPLE_OPTIMIZATIONS&amp;warning_level=VERBOSE&amp;output_file_name=default.js&amp;js_code=%2F**%0A*%20%40interface%0A*%20%40extends%20%7BA%7D%0A*%20%40extends%20%7BB%7D%0A*%2F%0Afunction%20Foo()%20%7B%7D\r\n------------------\r\n\r\n\r\nSeems like a combination of @interface plus more than one @extend and where at least one of the @extend types are unknown causes a crash.\r\n\r\nRegards\r\n/ Fredrik Blomqvist",
    "desc_source": "google"
  },
  "Closure_3": {
    "description": "optimization fails with variable in catch clause\nEnter the following in the closure service:\r\n\r\nfunction getStack() {\r\n  var getErrorObject = function() {\r\n    try {\r\n      throw Error(&quot;&quot;);\r\n    } catch(err) {\r\n      return err;\r\n    }\r\n  };\r\n  return getErrorObject().stack;\r\n}\r\nwindow['getStackTrace']=getStack;\r\n\r\nUse Optimization = Simple. Note the following result:\r\n\r\nfunction getStack() \r\n{ \r\n  try \r\n  { \r\n    throw Error(&quot;&quot;); \r\n  }\r\n  catch(a) \r\n  { \r\n  } \r\n  return a.stack \r\n} \r\nwindow.getStackTrace = getStack;\r\n\r\nThe scope of the variable a is limited to the catch clause, but the compiler references it illegally as the return value of the inlined function.",
    "desc_source": "google"
  },
  "Closure_4": {
    "description": "Converting from an interface type to a constructor which @implements itself causes stack overflow.\n// Options: --externs externs/es3.js --property_renaming OFF --variable_renaming OFF --jscomp_warning=checkTypes --js=t.js\r\n\r\n\r\n// File: t.js\r\n/**\r\n * @interface\r\n */\r\nvar OtherType = function() {}\r\n\r\n/**\r\n * @implements {MyType}\r\n * @constructor\r\n */\r\nvar MyType = function() {}\r\n\r\n/**\r\n * @type {MyType}\r\n */\r\nvar x = /** @type {!OtherType} */ (new Object());\r\n\r\nGet Infinite recursion in:\r\n\r\nPrototypeObjectType.isSubtype @ 350\r\n\r\nOptions:\r\n\r\n- prevent cycles in the inheritance/implements graph\r\n- detect cycles after they are created and exit compilation before any subsequent passes run\r\n- detect and remove cycles after they are created but before any subsequent passes run\r\n- make every subsequent pass robust against cycles in that graph",
    "desc_source": "google"
  },
  "Closure_5": {
    "description": "Compiler ignores 'delete' statements, can break functionality.\nWhen the compiler rewrites internally-referenced object variables to non-object  variables, as in the example below, it ignores 'delete' statements. These delete statements work as expected with the objects originally written, but don't function the same when the variables are no longer object properties. See:\r\n\r\n(function(arg) {\r\n  var foo = {};\r\n\r\n  foo.bar = arg;\r\n\r\n  console.log(foo.bar);\r\n\r\n  delete foo.bar;\r\n\r\n  console.log(foo.bar);\r\n})();\r\n\r\nCompiles to (simple setting):\r\n(function(a){console.log(a);delete a;console.log(a)})();\r\n\r\nPerhaps the compiler needs to look for these delete statements and change them to setting the rewritten variable to undefined instead.",
    "desc_source": "google"
  },
  "Closure_6": {
    "description": "better 'this' type checking\n/** @constructor */\r\nfunction F() {}\r\nF.prototype.bar = function() { this.baz(); };\r\nF.prototype.baz = function() { };\r\n\r\n/** @constructor */\r\nfunction G() {}\r\nG.prototype.bar = F.prototype.bar;\r\n\r\nWe should notice that &quot;F.prototype.bar&quot; and &quot;G.prototype.bar&quot; have different &quot;this&quot; types, and emit a warning.",
    "desc_source": "google"
  },
  "Closure_7": {
    "description": "Bad type inference with goog.isFunction and friends\nexperimental/johnlenz/typeerror/test.js:16: WARNING - Property length\r\nnever defined on Number\r\n      var i = object.length;\r\n\r\n\r\nThis is the reduced test case:\r\n\r\n/**\r\n * @param {*} object Any object.\r\n * @return {boolean}\r\n */\r\ntest.isMatched = function(object) {\r\n  if (goog.isDef(object)) {\r\n    if (goog.isFunction(object)) {\r\n      // return object();\r\n    } else if (goog.isBoolean(object)) {\r\n      // return object;\r\n    } else if (goog.isString(object)) {\r\n      // return test.isDef(object);\r\n    } else if (goog.isArray(object)) {\r\n      var i = object.length;\r\n    }\r\n  }\r\n  return false;\r\n};",
    "desc_source": "google"
  },
  "Closure_8": {
    "description": "Obfuscated code triggers TypeError in Firefox\nThe Closure Compiler is a great tool, but I'm having problems with it. It often produces code that triggers TypeError in Firefox, even though original code does not. Here is why. The original code may look as follows:\r\n\r\nfunction(argument){\r\n...//use argument\r\nvar variable = ...;\r\n...//argument not used anymore\r\n}\r\n\r\nBut often Closure Compiler will translate it to:\r\nfunction(a){\r\n...\r\nvar a = ...;\r\n...\r\n}\r\n\r\nThis is not wrong JS, since argument is no longer used, Closure Compiler tries to reuse the name 'a' for something else.\r\n\r\nThis triggers the following in Firefox 13-15:\r\nTypeError: variable a re-declares argument\r\n\r\nStill, the resulting code is correct and runs, but it's very annoying debugging it when I'm getting all the time a lot of TypeErrors in the console.\r\n\r\nAlso, our customers have noticed these TypeErrors when testing the product and it undermines our code reliability.\r\n\r\nCould you please rename variables in such a way as to avoid these TypeErrors (not to rename vars in a way that will coincide with function argument names)?\r\n\r\n<b>What steps will reproduce the problem?</b>\nThis happens reproducibly on our real-life JS input, which I cannot submit for various reasons. If my problem description is not clear enough, please make a comment and I will try to construct some artificial example that also triggers the TypeError.\r\n\r\n<b>What is the expected output? What do you see instead?</b>\nThe expected output is obfuscated code with variables renamed to unique names, in order not to trigger TypeError in Firefox. Instead I see variables renamed to the same name, which runs OK, but Firefox complains with TypeError.\r\n\r\n<b>What version of the product are you using? On what operating system?</b>\nClosure Compiler (http://code.google.com/closure/compiler)\r\nVersion: 20120917 (revision 2180)\r\nBuilt on: 2012/09/17 14:33\r\n\r\n<b>Please provide any additional information below.</b>",
    "desc_source": "google"
  },
  "Closure_9": {
    "description": "Compiler fails to find amd module in a subdirectory\n<b>What steps will reproduce the problem?</b>\n\r\n1. Create 1st AMD module in lib/Foo.js\r\n2. Create 2nd AMD module in Bar.js depending on lib/Foo.js\r\n3. Try to compile both files with Bar.js as main module\r\n\r\n<b>What is the expected output? What do you see instead?</b>\n\r\njava -jar compiler.jar --transform_amd_modules --process_common_js_modules --common_js\r\n_entry_module=Bar.js --compilation_level=ADVANCED_OPTIMIZATIONS --js_output_file=out.js --js=Bar.js --js=lib/Foo.js\r\nERROR - required entry point &quot;module$lib$Foo&quot; never provided\r\n\r\n1 error(s), 0 warning(s)\r\nmake: *** [out.js] Error 1\r\n\r\n<b>What version of the product are you using? On what operating system?</b>\n\r\nLatest version from trunk including fix for issue #804\r\n\r\n<b>Please provide any additional information below.</b>\n\r\nFind minimal not-working example attached with Makefile. The same setup has been working prior to fix for #804 (although with backslashes). This feature does not seem to have enough unit test coverage.",
    "desc_source": "google"
  },
  "Closure_10": {
    "description": "Wrong code generated if mixing types in ternary operator\n<b>What steps will reproduce the problem?</b>\n1. Use Google Closure Compiler to compile this code:\r\n\r\n    var a =(Math.random()&gt;0.5? '1' : 2 ) + 3 + 4;\r\n\r\nYou can either simple or advanced. It doesn't matter\r\n\r\n\r\n<b>What is the expected output? What do you see instead?</b>\n\r\nI'm seeing this as a result:\r\n    var a = (0.5 &lt; Math.random() ? 1 : 2) + 7;\r\n\r\nThis is obviously wrong as the '1' string literal got converted to a number, and 3+4 got combined into 7 while that's not ok as '1' + 3 + 4 = '134', not '17'.\r\n\r\n<b>What version of the product are you using? On what operating system?</b>\n\r\n\r\n<b>Please provide any additional information below.</b>\n\r\nSeems like this issue happens only when you are mixing types together. If both 1 and 2 are string literals or if they are both numbers it won't happen. I was also a little surprised to see this happening in simple mode as it actually breaks the behavior.",
    "desc_source": "google"
  },
  "Closure_11": {
    "description": "Record type invalid property not reported on function with @this annotation\nCode:\r\n\r\nvar makeClass = function(protoMethods) {\r\n  var clazz = function() {\r\n    this.initialize.apply(this, arguments);\r\n  }\r\n  for (var i in protoMethods) {\r\n    clazz.prototype[i] = protoMethods[i];\r\n  }\r\n\r\n  return clazz;\r\n}\r\n\r\n/**\r\n * @constructor\r\n * @param {{name: string, height: number}} options\r\n */\r\nvar Person = function(options){};\r\nPerson = makeClass(/** @lends Person.prototype */ {\r\n  /**\r\n   * @this {Person}\r\n   * @param {{name: string, height: number}} options\r\n   */\r\n  initialize: function(options) {\r\n    /** @type {string} */ this.name_ = options.thisPropDoesNotExist;\r\n  },\r\n\r\n  /**\r\n   * @param {string} message\r\n   * @this {Person}\r\n   */\r\n  say: function(message) {\r\n    window.console.log(this.name_ + ' says: ' + message);\r\n  }\r\n});\r\n\r\n\r\nvar joe = new Person({name: 'joe', height: 300});\r\njoe.say('hi');\r\n\r\n\r\ncompiled with:\r\njava -jar build/compiler.jar --formatting=PRETTY_PRINT --jscomp_error=checkTypes --jscomp_error=externsValidation --compilation_level=SIMPLE_OPTIMIZATIONS repro.js\r\n\r\n\r\nI would expect an error on this line:\r\n    /** @type {string} */ this.name_ = options.thisPropDoesNotExist;\r\n\r\nwhich works in other contexts.\r\n\r\nThanks!",
    "desc_source": "google"
  },
  "Closure_12": {
    "description": "Try/catch blocks incorporate code not inside original blocks\n<b>What steps will reproduce the problem?</b>\n\r\nStarting with this code:\r\n\r\n-----\r\nfunction a() {\r\n var x = '1';\r\n try {\r\n  x += somefunction();\r\n } catch(e) {\r\n }\r\n x += &quot;2&quot;;\r\n try {\r\n  x += somefunction();\r\n } catch(e) {\r\n }\r\n document.write(x);\r\n}\r\n\r\na();\r\na();\r\n-----\r\n\r\nIt gets compiled to:\r\n\r\n-----\r\nfunction b() {\r\n  var a;\r\n  try {\r\n    a = &quot;1&quot; + somefunction()\r\n  }catch(c) {\r\n  }\r\n  try {\r\n    a = a + &quot;2&quot; + somefunction()\r\n  }catch(d) {\r\n  }\r\n  document.write(a)\r\n}\r\nb();\r\nb();\r\n-----\r\n\r\n<b>What is the expected output? What do you see instead?</b>\n\r\nThe problem is that it's including the constant &quot;1&quot; and &quot;2&quot; inside the try block when the shouldn't be. When executed uncompiled, the script prints &quot;1212&quot;. When compiled, the script prints &quot;undefinedundefined&quot;.\r\n\r\nThis behavior doesn't happen if the entire function gets inlined, or if the code between the two try blocks is sufficiently complex.\r\n\r\n\r\n<b>What version of the product are you using? On what operating system?</b>\n\r\nClosure Compiler (http://code.google.com/closure/compiler)\r\nVersion: 20120430 (revision 1918)\r\nBuilt on: 2012/04/30 18:02\r\njava version &quot;1.6.0_33&quot;\r\nJava(TM) SE Runtime Environment (build 1.6.0_33-b03-424-11M3720)\r\nJava HotSpot(TM) 64-Bit Server VM (build 20.8-b03-424, mixed mode)",
    "desc_source": "google"
  },
  "Closure_13": {
    "description": "true/false are not always replaced for !0/!1\n<b>What steps will reproduce the problem?</b>\n\r\nfunction some_function() {\r\n  var fn1;\r\n  var fn2;\r\n\r\n  if (any_expression) {\r\n    fn2 = external_ref;\r\n    fn1 = function (content) {\r\n      return fn2();\r\n    }\r\n  }\r\n\r\n  return {\r\n    method1: function () {\r\n      if (fn1) fn1();\r\n      return true;\r\n    },\r\n    method2: function () {\r\n      return false;\r\n    }\r\n  }\r\n}\r\n\r\n<b>What is the expected output? What do you see instead?</b>\n\r\nWe expect that true/false will be replaced for !0/!1, but it doesn't happend.\r\n\r\nfunction some_function() {\r\n  var a, b;\r\n  any_expression &amp;&amp; (b = external_ref, a = function () {\r\n    return b()\r\n  });\r\n  return {\r\n    method1: function () {\r\n      a &amp;&amp; a();\r\n      return true\r\n    },\r\n    method2: function () {\r\n      return false\r\n    }\r\n  }\r\n};\r\n\r\n<b>What version of the product are you using? On what operating system?</b>\n\r\nThis is output for latest official build.\r\nI also got the same output for 20120430, 20120305. But 20111117 is OK.\r\n\r\n<b>Please provide any additional information below.</b>\n\r\nHere is just one of example. I found too many non-replaced true/false in compiler output. Replacement non-replaced true/false to !1/!0 in conpiler output saves 1-2 kb for 850 kb js file.",
    "desc_source": "google"
  },
  "Closure_14": {
    "description": "bogus 'missing return' warning\nThe following sample code compiles with &quot;Missing return statement. Function expected to return boolean.&quot; warning:\r\n\r\n/**\r\n * @return {boolean}\r\n */\r\nfunction fb(a)\r\n{\r\n    try\r\n    {\r\n        alert(a);      // Some method, which can throw\r\n        if (a &gt; 0)\r\n            return false;\r\n    }\r\n    finally\r\n    {\r\n        a = 5;\r\n    }\r\n    \r\n    return true;\r\n}",
    "desc_source": "google"
  },
  "Closure_15": {
    "description": "Switched order of \"delete key\" and \"key in\" statements changes semantic\n// Input:\r\n\r\nvar customData = { key: 'value' };\r\n\r\nfunction testRemoveKey( key ) {\r\n\tvar dataSlot = customData,\r\n\t\tretval = dataSlot &amp;&amp; dataSlot[ key ],\r\n\t\thadKey = dataSlot &amp;&amp; ( key in dataSlot );\r\n\r\n\tif ( dataSlot )\r\n\t\tdelete dataSlot[ key ];\r\n\r\n\treturn hadKey ? retval : null;\r\n};\r\n\r\nconsole.log( testRemoveKey( 'key' ) ); // 'value'\r\nconsole.log( 'key' in customData ); // false\r\n\r\n\r\n// Compiled version:\r\n\r\nvar customData={key:&quot;value&quot;};function testRemoveKey(b){var a=customData,c=a&amp;&amp;a[b];a&amp;&amp;delete a[b];return a&amp;&amp;b in a?c:null}console.log(testRemoveKey(&quot;key&quot;));console.log(&quot;key&quot;in customData);\r\n\r\n// null\r\n// false\r\n\r\n\r\n&quot;b in a&quot; is executed after &quot;delete a[b]&quot; what obviously doesn't make sense in this case.\r\n\r\n\r\nReproducible on: http://closure-compiler.appspot.com/home and in &quot;Version: 20120430 (revision 1918) Built on: 2012/04/30 18:02&quot;",
    "desc_source": "google"
  },
  "Closure_16": {
    "description": "JSCompiler does not recursively resolve typedefs\ngoog.provide('a.b.c');\r\n\r\ngoog.scope(function() {\r\nvar b = a.b;\r\nvar c = b.c;\r\n\r\n/** @typedef {string} */\r\nc.MyType;\r\n\r\n/** @param {c.MyType} x The variable. */\r\nc.myFunc = function(x) {};\r\n\r\n});\r\n\r\nresults in a compiler error.\r\n\r\ngiven that JSCompiler *does* recursively resolve other names, this appears to be a bug rather than an intended limitation.",
    "desc_source": "google"
  },
  "Closure_17": {
    "description": "@const dumps type cast information\nThe following code compiles fine:\r\n\r\n/**\r\n* Class defining an interface with two numbers.\r\n* @interface\r\n*/\r\nfunction TwoNumbers() {}\r\n\r\n/** @type number */\r\nTwoNumbers.prototype.first;\r\n\r\n/** @type number */\r\nTwoNumbers.prototype.second;\r\n\r\nvar SOME_DEFAULT =\r\n  /** @type {TwoNumbers} */ ({first: 1, second: 2});\r\n\r\n/**\r\n * Class with a two number member.\r\n * @constructor\r\n */\r\nfunction HasTwoNumbers() {\r\n  /** @type {TwoNumbers} */\r\n  this.twoNumbers = this.getTwoNumbers();\r\n}\r\n\r\n/**\r\n * Get the default two numbers.\r\n * @return {TwoNumbers}\r\n */\r\nHasTwoNumbers.prototype.getTwoNumbers = function() {\r\n  return SOME_DEFAULT;\r\n};\r\n\r\nNow realizing that SOME_DEFAULTS is actually a preset constant which should not change I would like to say for that line (just adding an @const)\r\n\r\n/** @const */ var SOME_DEFAULT =\r\n  /** @type {TwoNumbers} */ ({first: 1, second: 2});\r\n\r\nHowever that starts throwing warnings as adding the @const makes the compiler dump the type. (Does the value get inlined without the typecast?)\r\n\r\nExpected:\r\nCompiles fine.\r\n\r\nError can be reproduced on:\r\nhttp://closure-compiler.appspot.com/home\r\ncopy-past the attached file in there, it throws a warning and does not compile.",
    "desc_source": "google"
  },
  "Closure_18": {
    "description": "Dependency sorting with closurePass set to false no longer works.\n<b>What steps will reproduce the problem?</b>\n\r\n1. Instantiate new instance of Compiler\r\n\r\n2. Set closurePass to false to prevent goog.require/goog.provide removal.\r\ncompilerOptions.setClosurePass(false);\r\n\r\n3. Turn dependency sorting on.\r\nDependencyOptions dependencyOptions = new DependencyOptions();\r\ndependencyOptions.setDependencySorting(true);\r\n\r\n4. Compile js code\r\n\r\n\r\nWhat is the expected output? \r\nDependent files should be sorted and concatenated in their dependent order.\r\n\r\nWhat do you see instead?\r\nDependent files are not sorted.\r\n\r\n<b>What version of the product are you using? On what operating system?</b>\n&gt; r1824\r\nmac OS 10.7\r\n\r\n\r\n<b>Please provide any additional information below.</b>\nThis worked in the r1810 release. However, it looks like this was changed in r1824. The compiler now expects closurePass to be true for dependency sorting to work.\r\nhttp://code.google.com/p/closure-compiler/source/detail?path=/trunk/src/com/google/javascript/jscomp/Compiler.java&amp;r=1824\r\n\r\nWhat we are looking for is a way to sort dependencies and concatenate all files in their dependent order without removing the goog.require/goog.provide js calls. Turning closurePass to true causes the goog calls to be replaced. We use this methodology in local development to test our JS code.\r\n\r\nThanks!",
    "desc_source": "google"
  },
  "Closure_19": {
    "description": "Type refining of 'this' raises IllegalArgumentException\n<b>What steps will reproduce the problem?</b>\n1. goog.isFunction(this) or goog.isObject(this) or goog.isNull(this) etc.\r\n\r\n<b>What is the expected output? What do you see instead?</b>\n\r\nExpected: normal compilation, checking the type of this\r\nActual output:\r\n\r\n23: java.lang.IllegalArgumentException: Node cannot be refined. \r\nTHIS 1 [source_file: Input_0] : global this\r\n\r\n\tat com.google.javascript.jscomp.type.ChainableReverseAbstractInterpreter.declareNameInScope(ChainableReverseAbstractInterpreter.java:172)\r\n\tat com.google.javascript.jscomp.type.ClosureReverseAbstractInterpreter.restrictParameter(ClosureReverseAbstractInterpreter.java:240)\r\n\tat com.google.javascript.jscomp.type.ClosureReverseAbstractInterpreter.getPreciserScopeKnowingConditionOutcome(ClosureReverseAbstractInterpreter.java:221)\r\n\tat com.google.javascript.jscomp.TypeInference.branchedFlowThrough(TypeInference.java:239)\r\n\tat com.google.javascript.jscomp.TypeInference.branchedFlowThrough(TypeInference.java:59)\r\n\tat com.google.javascript.jscomp.DataFlowAnalysis$BranchedForwardDataFlowAnalysis.flow(DataFlowAnalysis.java:448)\r\n\tat com.google.javascript.jscomp.DataFlowAnalysis.analyze(DataFlowAnalysis.java:213)\r\n\tat com.google.javascript.jscomp.DataFlowAnalysis.analyze(DataFlowAnalysis.java:181)\r\n\tat com.google.javascript.jscomp.TypeInferencePass.inferTypes(TypeInferencePass.java:90)\r\n\tat com.google.javascript.jscomp.TypeInferencePass$TypeInferringCallback.enterScope(TypeInferencePass.java:106)\r\n\tat com.google.javascript.jscomp.NodeTraversal.pushScope(NodeTraversal.java:581)\r\n\tat com.google.javascript.jscomp.NodeTraversal.traverseWithScope(NodeTraversal.java:345)\r\n\tat com.google.javascript.jscomp.TypeInferencePass.inferTypes(TypeInferencePass.java:81)\r\n\tat com.google.javascript.jscomp.TypeInferencePass.process(TypeInferencePass.java:74)\r\n\tat com.google.javascript.jscomp.DefaultPassConfig$24$1.process(DefaultPassConfig.java:1119)\r\n\tat com.google.javascript.jscomp.PhaseOptimizer$PassFactoryDelegate.processInternal(PhaseOptimizer.java:296)\r\n\tat com.google.javascript.jscomp.PhaseOptimizer$NamedPass.process(PhaseOptimizer.java:273)\r\n\tat com.google.javascript.jscomp.PhaseOptimizer.process(PhaseOptimizer.java:187)\r\n\tat com.google.javascript.jscomp.Compiler.check(Compiler.java:768)\r\n\tat com.google.javascript.jscomp.Compiler.compileInternal(Compiler.java:683)\r\n\tat com.google.javascript.jscomp.Compiler.access$000(Compiler.java:79)\r\n\tat com.google.javascript.jscomp.Compiler$1.call(Compiler.java:586)\r\n\tat com.google.javascript.jscomp.Compiler$1.call(Compiler.java:583)\r\n\tat com.google.javascript.jscomp.Compiler$2.run(Compiler.java:628)\r\n\tat com.google.javascript.jscomp.Compiler.runCallable(Compiler.java:651)\r\n\tat com.google.javascript.jscomp.Compiler.runInCompilerThread(Compiler.java:601)\r\n\tat com.google.javascript.jscomp.Compiler.compile(Compiler.java:583)\r\n\r\n<b>What version of the product are you using? On what operating system?</b>\n\r\nAny version (local and http://closure-compiler.appspot.com/).\r\n\r\n<b>Please provide any additional information below.</b>\n\r\nA workaround is to assign 'this' to a variable. &quot;var a=this;goog.isNull(a)&quot; works.",
    "desc_source": "google"
  },
  "Closure_20": {
    "description": "String conversion optimization is incorrect\n<b>What steps will reproduce the problem?</b>\n\r\nvar f = {\r\n  valueOf: function() { return undefined; }\r\n}\r\nString(f)\r\n\r\n<b>What is the expected output? What do you see instead?</b>\n\r\nExpected output: &quot;[object Object]&quot;\r\nActual output: &quot;undefined&quot;\r\n\r\n<b>What version of the product are you using? On what operating system?</b>\n\r\nAll versions (http://closure-compiler.appspot.com/ as well).\r\n\r\n<b>Please provide any additional information below.</b>\n\r\nThe compiler optimizes String(x) calls by replacing them with x + ''. This is correct in most cases, but incorrect in corner cases like the one mentioned above.",
    "desc_source": "google"
  },
  "Closure_21": {
    "description": "Classify non-rightmost expressions as problematic\n<b>Purpose of code changes:</b>\nWhen it comes to an expression involving the comma operator, only the\r\nfirst element of such a sequence is checked for being free of side\r\neffects. If the element is free of side effects, it is classified as\r\nproblematic and a warning is issued.\r\n\r\nAs other non-rightmost elements are not checked for being free of side\r\neffects and therefore cannot be classified as problematic, this leads\r\nto unexpected behavior:\r\n\r\n1. foo((1, 2, 42)) is transformed into foo((1, 3)) and a warning is\r\nissued only with regard to the first element.\r\n2. foo((bar(), 2, 42)) is transformed into foo((bar(), 3)) and no\r\nwarning is issued.\r\n3. foo(((1, 2, 3), (4, 5, 42))) is transformed into foo((1, 4, 42)) and\r\nwarnings are issued with regard to the first elements of inner\r\nsequences only.",
    "desc_source": "google"
  },
  "Closure_22": {
    "description": "Classify non-rightmost expressions as problematic\n<b>Purpose of code changes:</b>\nWhen it comes to an expression involving the comma operator, only the\r\nfirst element of such a sequence is checked for being free of side\r\neffects. If the element is free of side effects, it is classified as\r\nproblematic and a warning is issued.\r\n\r\nAs other non-rightmost elements are not checked for being free of side\r\neffects and therefore cannot be classified as problematic, this leads\r\nto unexpected behavior:\r\n\r\n1. foo((1, 2, 42)) is transformed into foo((1, 3)) and a warning is\r\nissued only with regard to the first element.\r\n2. foo((bar(), 2, 42)) is transformed into foo((bar(), 3)) and no\r\nwarning is issued.\r\n3. foo(((1, 2, 3), (4, 5, 42))) is transformed into foo((1, 4, 42)) and\r\nwarnings are issued with regard to the first elements of inner\r\nsequences only.",
    "desc_source": "google"
  },
  "Closure_23": {
    "description": "tryFoldArrayAccess does not check for side effects\n<b>What steps will reproduce the problem?</b>\n1. Compile the following program with simple or advanced optimization:\r\nconsole.log([console.log('hello, '), 'world!'][1]);\r\n\r\n<b>What is the expected output? What do you see instead?</b>\nThe expected output would preserve side effects. It would not transform the program at all or transform it into:\r\n\r\nconsole.log((console.log(&quot;hello&quot;), &quot;world!&quot;));\r\n\r\nInstead, the program is transformed into:\r\n\r\nconsole.log(&quot;world!&quot;);\r\n\r\n<b>What version of the product are you using? On what operating system?</b>\nRevision 2022. Ubuntu 12.04.\r\n\r\n<b>Please provide any additional information below.</b>\ntryFoldArrayAccess in com.google.javascript.jscomp.PeepholeFoldConstants should check whether   every array element that is not going to be preserved has no side effects.",
    "desc_source": "google"
  },
  "Closure_24": {
    "description": "goog.scope doesn't properly check declared functions\nThe following code is a compiler error:\r\n\r\ngoog.scope(function() {\r\n  var x = function(){};\r\n});\r\n\r\nbut the following code is not:\r\n\r\ngoog.scope(function() {\r\n  function x() {}\r\n});\r\n\r\nBoth code snippets should be a compiler error, because they prevent the goog.scope from being unboxed.",
    "desc_source": "google"
  },
  "Closure_25": {
    "description": "anonymous object type inference behavior is different when calling constructors\nThe following compiles fine with:\r\njava -jar build/compiler.jar --compilation_level=ADVANCED_OPTIMIZATIONS --jscomp_error=accessControls --jscomp_error=checkTypes --jscomp_error=checkVars --js ~/Desktop/reverse.js\r\n\r\nreverse.js:\r\n/**\r\n * @param {{prop1: string, prop2: (number|undefined)}} parry\r\n */\r\nfunction callz(parry) {\r\n  if (parry.prop2 &amp;&amp; parry.prop2 &lt; 5) alert('alright!');\r\n  alert(parry.prop1);\r\n}\r\n\r\ncallz({prop1: 'hi'});\r\n\r\n\r\n\r\nHowever, the following does not:\r\n/**\r\n * @param {{prop1: string, prop2: (number|undefined)}} parry\r\n * @constructor\r\n */\r\nfunction callz(parry) {\r\n  if (parry.prop2 &amp;&amp; parry.prop2 &lt; 5) alert('alright!');\r\n  alert(parry.prop1);\r\n}\r\n\r\nnew callz({prop1: 'hi'});\r\n\r\n\r\n/Users/dolapo/Desktop/reverse.js:10: ERROR - actual parameter 1 of callz does not match formal parameter\r\nfound   : {prop1: string}\r\nrequired: {prop1: string, prop2: (number|undefined)}\r\nnew callz({prop1: 'hi'});\r\n\r\n\r\n\r\nThanks!",
    "desc_source": "google"
  },
  "Closure_26": {
    "description": "ProcessCommonJSModules module$exports failures when checkTypes enabled\nIf you define a module (echo.js) as:\r\ndefine(function() { return {\r\n  echo: function(val) {\r\n    window.console.log(val);\r\n  }\r\n}});\r\n\r\nand an entry point* that does not define any new modules as:\r\nvar echo = require('echo');\r\necho.echo('hello world');\r\n\r\nand compile with:\r\njava -jar build/compiler.jar --formatting=PRETTY_PRINT --jscomp_error=checkTypes --compilation_level=SIMPLE_OPTIMIZATIONS --transform_amd_modules --process_common_js_modules --js=echo.js --js=echo-main.js --common_js_entry_module=echo-main.js\r\n\r\nYou get the error:\r\necho-main.js:1: ERROR - Property module$exports never defined on module$echo_main\r\n\r\nwhich is probably happening because of ProcessCommonJSModules#emitOptionalModuleExportsOverride is testing a property that doesn't exist. I can try to cook up a patch but it would probably fall back to using goog.isDef and there's probably a cleaner way :)\r\n\r\n\r\n\r\n\r\n*p.s what is the intended definition of entry points that do not define new modules. the following leaves a call to a require function:\r\nrequire(['echo'], function(echo) {\r\n  echo.echo('hello world');\r\n});",
    "desc_source": "google"
  },
  "Closure_27": {
    "description": "Error trying to build try-catch block (AST)\n1. EXAMPLE\r\n\r\nNode nodeTry = IR.block(\r\n  IR.var(\r\n    IR.name(&quot;testing&quot;), \r\n    IR.number(11)\r\n  )\r\n);\r\nNode nodeCatch = IR.catchNode(\r\n  IR.name(&quot;blabla&quot;),\r\n    IR.block(\r\n      IR.var(\r\n        IR.name(&quot;testing&quot;),\r\n\tIR.number(22)\r\n      )\r\n    )\r\n);\r\nIR.tryCatch(nodeTry, nodeCatch);\r\n\r\n\r\n2. THROWS ERROR\r\n\r\nException in thread &quot;main&quot; java.lang.RuntimeException: java.lang.RuntimeException: INTERNAL COMPILER ERROR.\r\nPlease report this problem.\r\nnull\r\n  Node(FUNCTION tt): input.js:2:4\r\n    function tt() {\r\n  Parent(BLOCK): input.js:1:4\r\ntry {\r\n\r\n\r\n3. SOLUTION\r\n\r\nIR.block is verifing the catch node is a statement which it isnt.",
    "desc_source": "google"
  },
  "Closure_28": {
    "description": "constant functions not inlined aggressively enough\nIf you call a function that returns 'false' enough times under certain conditions, it doesn't get inlined.\r\n\r\n// ==ClosureCompiler==\r\n// @compilation_level ADVANCED_OPTIMIZATIONS\r\n// @output_file_name default.js\r\n// ==/ClosureCompiler==\r\n\r\nfunction f() { return false; }\r\nif (!f()) alert('hi'); // repeat this about 25 times",
    "desc_source": "google"
  },
  "Closure_29": {
    "description": "closure compiler screws up a perfectly valid isFunction() implementation\nhi, this function does not get compiled correctly via google closure compiler\r\n\r\n isFunction = function(functionToCheck) {\r\n    var getType;\r\n    getType = {}; //just an object\r\n    return functionToCheck &amp;&amp; getType.toString.apply(functionToCheck) === '[object Function]';\r\n  };\r\n\r\ngets compiled into \r\n\r\nisFunction = function(a) {\r\n  return a &amp;&amp; &quot;[object Function]&quot; === (void 0).apply(a)\r\n};\r\n\r\nto make it work, we have to use an array instead of an object (even though we just want to call the object toString method)\r\n\r\n  isFunction = function(functionToCheck) {\r\n    var getType;\r\n    getType = []; //not it's an array \r\n    return functionToCheck &amp;&amp; getType.toString.apply(functionToCheck) === '[object Function]';\r\n  };\r\n\r\ngets compiled into\r\n\r\nisFunction = function(a) {\r\n  var b;\r\n  b = [];\r\n  return a &amp;&amp; &quot;[object Function]&quot; === b.toString.apply(a)\r\n};\r\n\r\nand it does what it should do. \r\n\r\ni wasted an hour to find that bug. bugs me. great tool otherwise.",
    "desc_source": "google"
  },
  "Closure_30": {
    "description": "Combining temporary strings are over-optimized in advanced build\n<b>What steps will reproduce the problem?</b>\n1. This bug only manifests itself in large code bases. How large, and what the specifics are, I haven't yet worked out, since the output differs. But the principle code is:\r\n\r\nsgxColorRGBA.prototype.asHex = function() {\r\n\tvar hexString = &quot;&quot;;\r\n\t\r\n\tstr = (sgxFloor(this.r*255)).toString(16);\r\n\tif (str.length &lt; 2) { str = &quot;0&quot;+str; }\r\n\thexString += str;\r\n\r\n\tstr = (sgxFloor(this.g*255)).toString(16);\r\n\tif (str.length &lt; 2) { str = &quot;0&quot;+str; }\r\n\thexString += str;\r\n\r\n\tstr = (sgxFloor(this.b*255)).toString(16);\r\n\tif (str.length &lt; 2) { str = &quot;0&quot;+str; }\r\n\thexString += str;\r\n\r\n\tstr = (sgxFloor(this.a*255)).toString(16);\r\n\tif (str.length &lt; 2) { str = &quot;0&quot;+str; }\r\n\thexString += str;\r\n\r\n\treturn hexString;\r\n}\r\n\r\nNote that 'str' is not declared as var.\r\n\r\n<b>What is the expected output? What do you see instead?</b>\nI see this:\r\nsgxColorRGBA.prototype.pb = function() {\r\n  str = A(255 * this.A).toString(16);\r\n  2 &gt; str.length &amp;&amp; (str = &quot;0&quot; + str);\r\n  str = A(255 * this.w).toString(16);\r\n  2 &gt; str.length &amp;&amp; (str = &quot;0&quot; + str);\r\n  str = A(255 * this.s).toString(16);\r\n  2 &gt; str.length &amp;&amp; (str = &quot;0&quot; + str);\r\n  str = A(255 * this.r).toString(16);\r\n  2 &gt; str.length &amp;&amp; (str = &quot;0&quot; + str);\r\n  return&quot;&quot; + str + str + str + str\r\n};\r\n\r\nObviously, repeatedly adding 'str' is broken in the final line, compared to the original. So whatever is aggregating the result is seeing a temporary 'str' reference and combining it, I guess. If 'str' is declared as var, the problem goes away.\r\n\r\nI'd expect a warning, at least.\r\n\r\n<b>What version of the product are you using? On what operating system?</b>\n\r\nLive at http://closure-compiler.appspot.com\r\n\r\n<b>Please provide any additional information below.</b>\n\r\nAs a stand-alone method, both 'var str' and 'str' works. It's only when the project hits a certain (undetermined) size that it fails.",
    "desc_source": "google"
  },
  "Closure_31": {
    "description": "Add support for --manage_closure_dependencies and --only_closure_dependencies with compilation level WHITESPACE_ONLY\nThe compiler options --manage_closure_dependencies and --only_closure_dependencies are currently ignored with compilation level WHITESPACE_ONLY. It would be helpful for testing, if dependency management were supported for WHITESPACE_ONLY in addition to SIMPLE_OPTIMIZATIONS and ADVANCED_OPTIMIZATIONS. For example, both Closure Builder and plovr automatically manage dependencies for all compilation levels.\r\n\r\nThe proposed change (see attached diff) does not automatically manage dependencies, but it enables dependency management if either --manage_closure_dependencies or --only_closure_dependencies is specified, or if at least one --closure_entry_point is specified.\r\n\r\nThe attached diff passed the JUnit tests: ant test",
    "desc_source": "google"
  },
  "Closure_32": {
    "description": "Preserve doesn't preserve whitespace at start of line\n<b>What steps will reproduce the problem?</b>\n\r\nCode such as:\r\n/**\r\n * @preserve\r\n\r\nThis\r\n  was\r\n    ASCII\r\n       Art\r\n\r\n*/\r\n\r\n<b>What is the expected output? What do you see instead?</b>\n\r\nThe words line up on the left:\r\n/*\r\nThis\r\nwas\r\nASCII\r\nArt\r\n*/\r\n\r\n\r\n<b>What version of the product are you using? On what operating system?</b>\n\r\nLive web verison.\r\n\r\n\r\n<b>Please provide any additional information below.</b>",
    "desc_source": "google"
  },
  "Closure_33": {
    "description": "weird object literal invalid property error on unrelated object prototype\nApologies in advance for the convoluted repro case and the vague summary.\r\n\r\nCompile the following code (attached as repro.js) with:\r\njava -jar build/compiler.jar --compilation_level=ADVANCED_OPTIMIZATIONS --jscomp_error=accessControls --jscomp_error=checkTypes --jscomp_error=checkVars --js repro.js *\r\n\r\n/**\r\n * @param {{text: string}} opt_data\r\n * @return {string}\r\n */\r\nfunction temp1(opt_data) {\r\n  return opt_data.text;\r\n}\r\n\r\n/**\r\n * @param {{activity: (boolean|number|string|null|Object)}} opt_data\r\n * @return {string}\r\n */\r\nfunction temp2(opt_data) {\r\n  /** @notypecheck */\r\n  function __inner() {\r\n    return temp1(opt_data.activity);\r\n  }\r\n  return __inner();\r\n}\r\n\r\n/**\r\n * @param {{n: number, text: string, b: boolean}} opt_data\r\n * @return {string}\r\n */\r\nfunction temp3(opt_data) {\r\n  return 'n: ' + opt_data.n + ', t: ' + opt_data.text + '.';\r\n}\r\n\r\nfunction callee() {\r\n  var output = temp3({\r\n    n: 0,\r\n    text: 'a string',\r\n    b: true\r\n  })\r\n  alert(output);\r\n}\r\n\r\ncallee();\r\n\r\n\r\nyields:\r\nrepro.js:30: ERROR - actual parameter 1 of temp3 does not match formal parameter\r\nfound   : {b: boolean, n: number, text: (string|undefined)}\r\nrequired: {b: boolean, n: number, text: string}\r\n  var output = temp3({\r\n\r\nIt seems like temp3 is actually being called with the right type {b: boolean, n: number, text: string} though it seems to think that text is a (string|undefined)\r\nThis seems to happen because of the seemingly unrelated code in functions temp1 and temp2. If I change the name of the text property (as in repro3.js) it works.\r\nAdditionally, if I fix the type of the activity property in the record type of temp2 it works (as in repro2.js)\r\n\r\nThis comes up in our codebase in some situations where we don't have type info for all the objects being passed into a function. It's always a tricky one to find because it reports an error at a location that looks correct.\r\n\r\n\r\n* it also fails with SIMPLE_OPTIMIZATIONS",
    "desc_source": "google"
  },
  "Closure_34": {
    "description": "StackOverflowError exception when running closure compiler (javascript attached)\n<b>What steps will reproduce the problem?</b>\n\r\n1. I'm trying to run: java -jar compiler.jar --js AdMedia.eam.js --js_output_file AdMedia.eam.min.js\r\n2. AdMedia.eam.js is attached.\r\n\r\n<b>What is the expected output? What do you see instead?</b>\n\r\nI get the following exception:\r\njava.lang.RuntimeException: java.lang.RuntimeException: java.lang.StackOverflowError\r\n        at com.google.javascript.jscomp.Compiler.runCallable(Compiler.java:643)\r\n        at com.google.javascript.jscomp.Compiler.runInCompilerThread(Compiler.java:588)\r\n        at com.google.javascript.jscomp.Compiler.toSource(Compiler.java:1492)\r\n        at com.google.javascript.jscomp.AbstractCommandLineRunner.processResults(AbstractCommandLineRunner.java:788)\r\n        at com.google.javascript.jscomp.AbstractCommandLineRunner.doRun(AbstractCommandLineRunner.java:726)\r\n        at com.google.javascript.jscomp.AbstractCommandLineRunner.run(AbstractCommandLineRunner.java:334)\r\n        at com.google.javascript.jscomp.CommandLineRunner.main(CommandLineRunner.java:871)\r\nCaused by: java.lang.RuntimeException: java.lang.StackOverflowError\r\n        at com.google.javascript.jscomp.Compiler.runCallable(Compiler.java:643)\r\n        at com.google.javascript.jscomp.Compiler.runInCompilerThread(Compiler.java:588)\r\n        at com.google.javascript.jscomp.Compiler.toSource(Compiler.java:1608)\r\n        at com.google.javascript.jscomp.Compiler$5.call(Compiler.java:1503)\r\n        at com.google.javascript.jscomp.Compiler$5.call(Compiler.java:1492)\r\n        at com.google.javascript.jscomp.Compiler$2.run(Compiler.java:615)\r\n        at java.lang.Thread.run(Unknown Source)\r\nCaused by: java.lang.StackOverflowError\r\n        at com.google.javascript.jscomp.CodeGenerator.add(CodeGenerator.java:91)\r\n        at com.google.javascript.jscomp.CodeGenerator.addExpr(CodeGenerator.java:881)\r\n        at com.google.javascript.jscomp.CodeGenerator.add(CodeGenerator.java:103)\r\n        at com.google.javascript.jscomp.CodeGenerator.addExpr(CodeGenerator.java:881)\r\n        at com.google.javascript.jscomp.CodeGenerator.add(CodeGenerator.java:103)\r\n        at com.google.javascript.jscomp.CodeGenerator.addExpr(CodeGenerator.java:881)\r\n        at com.google.javascript.jscomp.CodeGenerator.add(CodeGenerator.java:103)\r\n        at com.google.javascript.jscomp.CodeGenerator.addExpr(CodeGenerator.java:881)\r\n        at com.google.javascript.jscomp.CodeGenerator.add(CodeGenerator.java:103)\r\n        at com.google.javascript.jscomp.CodeGenerator.addExpr(CodeGenerator.java:881)\r\n        at com.google.javascript.jscomp.CodeGenerator.add(CodeGenerator.java:103)\r\n        at com.google.javascript.jscomp.CodeGenerator.addExpr(CodeGenerator.java:881)\r\n.\r\n.\r\n.\r\n\r\n\r\n<b>What version of the product are you using? On what operating system?</b>\n\r\nClosure:\r\nClosure Compiler (http://code.google.com/closure/compiler)\r\nVersion: 20120305 (revision 1810)\r\nBuilt on: 2012/03/05 20:55\r\n\r\nJava:\r\njava version &quot;1.6.0_31&quot;\r\nJava(TM) SE Runtime Environment (build 1.6.0_31-b05)\r\nJava HotSpot(TM) Client VM (build 20.6-b01, mixed mode, sharing)\r\n\r\nWindows 7 (64-bit)\r\n\r\n<b>Please provide any additional information below.</b>\n\r\nWorks fine on the following Java version:\r\njava version &quot;1.7.0&quot;\r\nJava(TM) SE Runtime Environment (build 1.7.0-b147)\r\nJava HotSpot(TM) 64-Bit Server VM (build 21.0-b17, mixed mode)",
    "desc_source": "google"
  },
  "Closure_35": {
    "description": "assignment to object in conditional causes type error on function w/ record type return type\nslightly dodgy code :)\r\n\r\n/** @returns {{prop1: (Object|undefined), prop2: (string|undefined), prop3: (string|undefined)}} */\r\nfunction func(a, b) {\r\n  var results;\r\n  if (a) {\r\n    results = {};\r\n    results.prop1 = {a: 3};\r\n  }\r\n  if (b) {\r\n    results = results || {};\r\n    results.prop2 = 'prop2';\r\n  } else {\r\n    results = results || {};\r\n    results.prop3 = 'prop3';\r\n  }\r\n  return results;\r\n}\r\nresults in this error:\r\n\r\n\r\nJSC_TYPE_MISMATCH: inconsistent return type\r\nfound   : ({prop1: {a: number}}|{})\r\nrequired: {prop1: (Object|null|undefined), prop2: (string|undefined), prop3: (string|undefined)} at line 18 character 7\r\nreturn results;\r\n\r\n\r\n\r\ndefining results on the first line on the function causes it the world.\r\nthe still dodgy, but slightly less so, use of this is if the function return type were that record type|undefined and not all branches were guaranteed to be executed.",
    "desc_source": "google"
  },
  "Closure_36": {
    "description": "goog.addSingletonGetter prevents unused class removal\n<b>What steps will reproduce the problem?</b>\n\r\n// ==ClosureCompiler==\r\n// @compilation_level ADVANCED_OPTIMIZATIONS\r\n// @output_file_name default.js\r\n// @use_closure_library true\r\n// @formatting pretty_print,print_input_delimiter\r\n// @warning_level VERBOSE\r\n// @debug true\r\n// ==/ClosureCompiler==\r\n\r\ngoog.provide('foo');\r\n\r\nvar foo = function() { this.values = []; };\r\ngoog.addSingletonGetter(foo);\r\n\r\nfoo.prototype.add = function(value) {this.values.push(value)};\r\n\r\n\r\n<b>What is the expected output? What do you see instead?</b>\n\r\nExpect: The code is completely removed.\r\n\r\nInstead:\r\n\r\n(function($ctor$$) {\r\n  $ctor$$.$getInstance$ = function $$ctor$$$$getInstance$$() {\r\n    return $ctor$$.$instance_$ || ($ctor$$.$instance_$ = new $ctor$$)\r\n  }\r\n})(function() {\r\n});\r\n\r\n\r\nWhat version of the product are you using? On what operating system?\r\n\r\nhttp://closure-compiler.appspot.com on Feb 28, 2012\r\n\r\nPlease provide any additional information below.",
    "desc_source": "google"
  },
  "Closure_37": {
    "description": "incomplete function definition crashes the compiler when ideMode is enabled\nThe code:\r\n\r\nf f f ;\r\nfunction t\r\n\r\nThe cause:\r\n\r\nRhino is creating an incomplete FUNCTION node.  We could fix this in Rhino or the IRFactory.  If it is invalid in Rhino we should fix it there, I'm not sure how to determine this so maybe we should fix it in the IRFactory and be done with it.\r\n\r\nThe stack trace:\r\n\r\nCaused by: java.lang.RuntimeException: INTERNAL COMPILER ERROR.\r\nat com.google.common.base.Preconditions.checkState(Preconditions.java:135)\r\nat com.google.javascript.jscomp.NodeTraversal.traverseFunction(NodeTraversal.java:544)\r\nat com.google.javascript.jscomp.NodeTraversal.traverseBranch(NodeTraversal.java:493)\r\nat com.google.javascript.jscomp.NodeTraversal.traverseBranch(NodeTraversal.java:501)\r\nat com.google.javascript.jscomp.NodeTraversal.traverse(NodeTraversal.java:281)\r\nat com.google.javascript.jscomp.NodeTraversal.traverse(NodeTraversal.java:459)\r\nat com.google.javascript.jscomp.PrepareAst.process(PrepareAst.java:70)\r\nat com.google.javascript.jscomp.Compiler.prepareAst(Compiler.java:1836)\r\nat com.google.javascript.jscomp.JsAst.parse(JsAst.java:100)\r\nat com.google.javascript.jscomp.JsAst.getAstRoot(JsAst.java:53)\r\nat com.google.javascript.jscomp.CompilerInput.getAstRoot(CompilerInput.java:120)\r\nat com.google.javascript.jscomp.Compiler.parseInputs(Compiler.java:1303)\r\nat com.google.javascript.jscomp.Compiler.parse(Compiler.java:697)",
    "desc_source": "google"
  },
  "Closure_38": {
    "description": "Identifier minus a negative number needs a space between the \"-\"s\n<b>What steps will reproduce the problem?</b>\n1. Compile the attached file with      java -jar build/compiler.jar --compilation_level ADVANCED_OPTIMIZATIONS --js bulletfail.js --js_output_file cc.js\r\n2. Try to run the file in a JS engine, for example           node cc.js\r\n\r\n<b>What is the expected output? What do you see instead?</b>\n\r\nThe file does not parse properly, because it contains\r\n\r\n  g--0.0\r\n\r\nThis is subtraction of a negative number, but it looks like JS engines interpret it as decrementing g, and then fail to parse the 0.0. (g- -0.0, with a space, would parse ok.)\r\n\r\n<b>What version of the product are you using? On what operating system?</b>\n\r\nTrunk closure compiler on Ubuntu\r\n\r\n<b>Please provide any additional information below.</b>",
    "desc_source": "google"
  },
  "Closure_39": {
    "description": "externExport with @typedef can generate invalid externs\n<b>What steps will reproduce the problem?</b>\n1. Create a file that has a @typedef and code referencing the type def above and below the typedef declaration.\r\n2. Run the closure compiler and grab the externExport string stored on the last result for review.\r\n3. I have attached both source and output files displaying the issue.\r\n\r\n<b>What is the expected output? What do you see instead?</b>\n\r\nThe code above the @typedef references the aliased name of the @typedef as expected however the code below the @typedef tries embedding the body of the @typedef and ends up truncating it if the length is too long with a &quot;...&quot;. This throws bad type errors when compiling against this extern. What is odd is this only seems to be the case when the parameter with the type is optional. When neither are optional it embeds the types, which is not a big deal, except when types are long; they get truncated and throw errors.\r\n\r\n\r\n<b>What version of the product are you using? On what operating system?</b>\n\r\nplovr built from revision 3103:d6db24beeb7f\r\nRevision numbers for embedded Closure Tools:\r\nClosure Library:    1374\r\nClosure Compiler:   1559\r\nClosure Templates:    23\r\n\r\n<b>Please provide any additional information below.</b>",
    "desc_source": "google"
  },
  "Closure_40": {
    "description": "smartNameRemoval causing compiler crash\n<b>What steps will reproduce the problem?</b>\nCompiler the following code in advanced mode:\r\n\r\n{{{\r\nvar goog = {};\r\ngoog.inherits = function(x, y) {};\r\nvar ns = {};\r\n/** @constructor */ ns.PageSelectionModel = function(){};\r\n\r\n/** @constructor */ \r\nns.PageSelectionModel.FooEvent = function() {};\r\n/** @constructor */ \r\nns.PageSelectionModel.SelectEvent = function() {};\r\ngoog.inherits(ns.PageSelectionModel.ChangeEvent, ns.PageSelectionModel.FooEvent);\r\n}}}\r\n\r\n\r\n<b>What is the expected output? What do you see instead?</b>\nThe compiler will crash. The last var check throws an illegal state exception because it knows something is wrong.\r\n\r\nThe crash is caused by smartNameRemoval. It has special logic for counting references in class-defining function calls (like goog.inherits), and it isn't properly creating a reference to PageSelectionModel.",
    "desc_source": "google"
  },
  "Closure_41": {
    "description": "In ADVANCED mode, Compiler fails to warn about overridden methods with different signatures.\nIn ADVANCED mode, Compiler fails to warn about overridden methods with different signatures. The following code only warns in the one instance noted in the comment, whereas I would expect it to complain about the declarations of both Bar.prototype.add and Bar.prototype.sub, as they claim @inheritDoc, but have seemingly different signatures from that of their superclass methods.\r\n\r\nIt would be helpful to have such a warning so that when you change the signature of a superclass method, you can run the Compiler to trigger warnings and find all of the other signatures that you need to update.\r\n\r\nRun the following:\r\n\r\n// ==ClosureCompiler==\r\n// @compilation_level ADVANCED_OPTIMIZATIONS\r\n// @output_file_name default.js\r\n// @use_closure_library true\r\n// ==/ClosureCompiler==\r\n\r\ngoog.provide('Foo');\r\ngoog.provide('Bar');\r\n\r\n\r\n/** @constructor */\r\nFoo = function() {};\r\n\r\n\r\n/**\r\n * @param {number} a\r\n * @param {number} b\r\n * @return {number}\r\n */\r\nFoo.prototype.add = function(a, b) {\r\n  return a + b;\r\n};\r\n\r\n\r\n/**\r\n * @param {number} a\r\n * @param {number} b\r\n * @return {number}\r\n */\r\nFoo.prototype.sub = goog.abstractMethod;\r\n\r\n\r\n/**\r\n * @constructor\r\n * @extends {Foo}\r\n */\r\nBar = function() {\r\n  goog.base(this);\r\n};\r\ngoog.inherits(Bar, Foo);\r\n\r\n\r\n/** @inheritDoc */\r\nBar.prototype.add = function(one) {\r\n  return one;\r\n};\r\n\r\n\r\n/** @inheritDoc */\r\nBar.prototype.sub = function(one) {\r\n  return one;\r\n};\r\n\r\n\r\nvar foo = /** @type {Foo} */ (new Bar());\r\nalert(foo.add(3, 4));\r\n\r\nvar bar = new Bar();\r\n// THIS PRODUCES JSC_WRONG_ARGUMENT_COUNT\r\nalert(bar.add(3, 4));",
    "desc_source": "google"
  },
  "Closure_42": {
    "description": "Simple \"Whitespace only\" compression removing \"each\" keyword from \"for each (var x in arr)\" loop\n<b>What steps will reproduce the problem?</b>\nSee below code snippet before after compression\r\n\r\n---Before---\r\ncontactcenter.screenpop.updatePopStatus = function(stamp, status) {\r\nfor each ( var curTiming in this.timeLog.timings ) {\r\nif ( curTiming.callId == stamp ) {\r\ncurTiming.flag = status;\r\nbreak;\r\n}\r\n}\r\n};\r\n---After---\r\ncontactcenter.screenpop.updatePopStatus=function(stamp,status){for(var curTiming in this.timeLog.timings)if(curTiming.callId==stamp){curTiming.flag=status;break}};\r\n\r\n\r\n<b>What is the expected output? What do you see instead?</b>\n---each keyword should be preserved\r\n\r\n<b>What version of the product are you using? On what operating system?</b>\n<b>Please provide any additional information below.</b>\nfor each (** in **) ---&gt;  returns object value\r\nfor (** in **) --&gt; returns index",
    "desc_source": "google"
  },
  "Closure_43": {
    "description": "@lends does not work unless class is defined beforehand\n<b>What steps will reproduce the problem?</b>\nWith advanced optimizations enabled as well as type checking (--jscomp_error=checkTypes), try to use @lends in the same way it's used on the jsdoc page at http://code.google.com/p/jsdoc-toolkit/wiki/TagLends - using either a utility method called &quot;makeClass&quot; or another method of class constructing such as John Resig's method at http://ejohn.org/blog/simple-javascript-inheritance/\r\n\r\n<b>What is the expected output? What do you see instead?</b>\nExpected output is to have code compiled but instead I get a compile error such as:\r\n\r\nERROR - Variable Person.prototype not declared before @lends annotation.\r\n\r\n\r\n<b>What version of the product are you using? On what operating system?</b>\nLatest svn build, OS X.",
    "desc_source": "google"
  },
  "Closure_44": {
    "description": "alert(/ / / / /)\nalert(/ / / / /);\r\noutput: alert(/ /// /);\r\nshould be: alert(/ // / /);",
    "desc_source": "google"
  },
  "Closure_45": {
    "description": "Assignment removed when used as an expression result to Array.push\n<b>What steps will reproduce the problem?</b>\n1. Open online closure-compiler\r\n2. Input code:\r\n  function f() {\r\n    var a = [], b;\r\n    a.push(b = []);\r\n    b[0] = 1;\r\n    return a;\r\n  }\r\n3. Press [Compile]\r\n\r\n<b>What is the expected output? What do you see instead?</b>\nExcept OK.\r\nOutput: function f(){var a=[];a.push([]);return a}; //wrong\r\n\r\n<b>What version of the product are you using? On what operating system?</b>\nCurrent online version.",
    "desc_source": "google"
  },
  "Closure_46": {
    "description": "ClassCastException during TypeCheck pass\n<b>What steps will reproduce the problem?</b>\n1. Compile code that has a ProxyObjectType that references a RecordType.  For example, we have a NamedType in a typedef that references a RecordType.\r\n\r\n<b>Please provide any additional information below.</b>\n\r\nPatch attached.  Is this the correct fix?",
    "desc_source": "google"
  },
  "Closure_47": {
    "description": "Original source line numbers are one-based in source maps.\nGenerated source line/column numbers and original column numbers are zero-based. Original source line numbers should be zero based as well.",
    "desc_source": "google"
  },
  "Closure_48": {
    "description": "Type checking error when replacing a function with a stub after calling.\nGiven the following Javascript:\r\n\r\n  /** @constructor */\r\n  var myclass = function() {\r\n  }\r\n  \r\n  /** @param {boolean} success */\r\n  myclass.prototype.fn = function(success) { }\r\n  \r\n  myclass.prototype.test = function() {\r\n    this.fn();\r\n    this.fn = function() { };\r\n  }\r\n\r\nI would expect an error at both lines of test(). Instead, the second line causes the error in the first not to be reported.",
    "desc_source": "google"
  },
  "Closure_49": {
    "description": "Incorrect output if a function is assigned to a variable, and the function contains a variable with the same name\n<b>What steps will reproduce the problem?</b>\n\r\n 1. Enter the following into the online compiler\r\n\r\n  var foo = function bar(){\r\n    var bar;\r\n    alert(bar)\r\n  };\r\n\r\n 2.  Compile using simple optimization\r\n\r\n<b>What is the expected output? What do you see instead?</b>\n\r\n I'd expect to see\r\n\r\n  var foo = function() {\r\n    alert(void 0)\r\n  };\r\n\r\n Instead I see\r\n\r\n  var foo = function bar() {\r\n    alert(bar)\r\n  };\r\n\r\n<b>What version of the product are you using? On what operating system?</b>\n\r\n Using http://closure-compiler.appspot.com/home\r\n\r\n<b>Please provide any additional information below.</b>\n\r\n The compiled output is correct if you remove the &quot;var foo =&quot; part, or if you rename the function from &quot;bar&quot; to something else.",
    "desc_source": "google"
  },
  "Closure_50": {
    "description": "Optimisation: convert array.join(\",\") to array.join()\n<b>What steps will reproduce the problem?</b>\n\r\nCompile this code:\r\n\r\nvar variable = confirm(&quot;value from user&quot;);\r\nvar array = [ &quot;constant&quot;, variable ];\r\nalert( array.join(&quot;,&quot;) );\r\n\r\n\r\n<b>What is the expected output? What do you see instead?</b>\n\r\n$ java -jar /usr/local/slando/lib/Google/compiler.jar --compilation_level ADVANCED_OPTIMIZATIONS --js foo.js\r\nvar a=[&quot;constant&quot;,confirm(&quot;value from user&quot;)];alert(a.join(&quot;,&quot;));\r\n\r\nWe could save three bytes here by producing:\r\n\r\nvar a=[&quot;constant&quot;,confirm(&quot;value from user&quot;)];alert(a.join());\r\n\r\n\r\n<b>What version of the product are you using? On what operating system?</b>\n\r\n$ java -jar /usr/local/slando/lib/Google/compiler.jar --version\r\nClosure Compiler (http://code.google.com/closure/compiler)\r\nVersion: 1180\r\nBuilt on: 2011/06/15 21:40\r\n\r\nRunning on Linux 2.6.18\r\n\r\n\r\n<b>Please provide any additional information below.</b>\n\r\nHere's a common pattern this would be useful in:\r\n\r\nvar my_jquery_selectors = [];\r\n// ... append to my_jquery_selectors from various parts of the codebase ...\r\n$(my_jquery_selectors.join(&quot;,&quot;)).html(&quot;the code is more readable with the comma left in place&quot;);",
    "desc_source": "google"
  },
  "Closure_51": {
    "description": "-0.0 becomes 0 even in whitespace mode\nAffects dart: http://code.google.com/p/dart/issues/detail?id=146",
    "desc_source": "google"
  },
  "Closure_52": {
    "description": "Converts string properties into numbers in literal object definitions\n<b>What steps will reproduce the problem?</b>\n1. Minimize the following script:\r\n\r\nvar lit = {&quot;0102&quot;:&quot;Zero One Zero Two&quot;};\r\nalert(lit[&quot;0102&quot;]);\r\n\r\n<b>What is the expected output? What do you see instead?</b>\n\r\nExpected:\r\nvar lit={&quot;0102&quot;:&quot;Zero One Zero Two&quot;};alert(lit[&quot;0102&quot;]);\r\n\r\nActual:\r\nvar lit={102:&quot;Zero One Zero Two&quot;};alert(lit[&quot;0102&quot;]);\r\n\r\n<b>What version of the product are you using? On what operating system?</b>\n\r\nr1459\r\n\r\n<b>Please provide any additional information below.</b>",
    "desc_source": "google"
  },
  "Closure_53": {
    "description": "compiler-20110811 crashes with index(1) must be less than size(1)\n<b>What steps will reproduce the problem?</b>\nRun compiler on https://raw.github.com/scottschiller/SoundManager2/master/script/soundmanager2-nodebug.js\r\n\r\nYou can copy this into the Appspot closure compiler to see the error:\r\n// ==ClosureCompiler==\r\n// @output_file_name default.js\r\n// @compilation_level SIMPLE_OPTIMIZATIONS\r\n// @code_url https://raw.github.com/scottschiller/SoundManager2/master/script/soundmanager2-nodebug.js\r\n// ==/ClosureCompiler==\r\n\r\nI've attached a dump of the error from appspot.\r\n\r\n(This is the popular SoundManager library for HTML5 audio)\r\n\r\n<b>What is the expected output? What do you see instead?</b>\nGot crash...\r\n\r\n<b>What version of the product are you using? On what operating system?</b>\nLatest (compiler-20110811). We were previously using the June build, and had no problems\r\n\r\n<b>Please provide any additional information below.</b>",
    "desc_source": "google"
  },
  "Closure_54": {
    "description": "Prototype methods can't be used from the constructor in case prototype is explicitly defined.\nConsider the following source code:\r\nhttp://trac.webkit.org/browser/trunk/Source/WebCore/inspector/front-end/DOMAgent.js\r\n\r\nWhen I mark WebInspector.DOMAgent as a @constructor, I get the following warning.\r\n\r\nSource/WebCore/inspector/front-end/DOMAgent.js:48: WARNING - Property _setAttributesPayload never defined on WebInspector.DOMNode\r\n        this._setAttributesPayload(payload.attributes);\r\n\r\nIt sounds like the problem is in the way we define prototypes in line 83-ish. That's the way WebKit style tells us to do.",
    "desc_source": "google"
  },
  "Closure_55": {
    "description": "Exception when emitting code containing getters\nConsider the following source code: http://trac.webkit.org/browser/trunk/Source/WebCore/inspector/front-end/Settings.js#L123\r\n\r\nFollowing exception fires unless I remove the &quot;get name()&quot; getter from the code.\r\n\r\njava.lang.RuntimeException: java.lang.IllegalStateException: Expected function but was call Reference node CALL 128 [free_call: 1] [source_file: Settings.js]\r\n\tat com.google.javascript.jscomp.Compiler.runCallable(Compiler.java:629)\r\n\tat com.google.javascript.jscomp.Compiler.runInCompilerThread(Compiler.java:574)\r\n\tat com.google.javascript.jscomp.Compiler.compile(Compiler.java:556)\r\n\tat com.google.javascript.jscomp.Compiler.compile(Compiler.java:515)\r\n\tat com.google.javascript.jscomp.AbstractCommandLineRunner.doRun(AbstractCommandLineRunner.java:662)\r\n\tat com.google.javascript.jscomp.AbstractCommandLineRunner.run(AbstractCommandLineRunner.java:295)\r\n\tat com.google.javascript.jscomp.CommandLineRunner.main(CommandLineRunner.java:758)\r\nCaused by: java.lang.IllegalStateException: Expected function but was call Reference node CALL 128 [free_call: 1] [source_file: Settings.js]\r\n\tat com.google.javascript.jscomp.AstValidator$1.handleViolation(AstValidator.java:51)\r\n\tat com.google.javascript.jscomp.AstValidator.violation(AstValidator.java:763)\r\n\tat com.google.javascript.jscomp.AstValidator.validateNodeType(AstValidator.java:768)\r\n\tat com.google.javascript.jscomp.AstValidator.validateFunctionExpression(AstValidator.java:359)\r\n\tat com.google.javascript.jscomp.AstValidator.validateObjectLitGetKey(AstValidator.java:696)\r\n\tat com.google.javascript.jscomp.AstValidator.validateObjectLitKey(AstValidator.java:677)\r\n\tat com.google.javascript.jscomp.AstValidator.validateObjectLit(AstValidator.java:670)\r\n\tat com.google.javascript.jscomp.AstValidator.validateExpression(AstValidator.java:252)\r\n\tat com.google.javascript.jscomp.AstValidator.validateAssignmentExpression(AstValidator.java:603)\r\n\tat com.google.javascript.jscomp.AstValidator.validateExpression(AstValidator.java:219)\r\n\tat com.google.javascript.jscomp.AstValidator.validateExprStmt(AstValidator.java:476)\r\n\tat com.google.javascript.jscomp.AstValidator.validateStatement(AstValidator.java:126)\r\n\tat com.google.javascript.jscomp.AstValidator.validateScript(AstValidator.java:89)\r\n\tat com.google.javascript.jscomp.AstValidator.validateCodeRoot(AstValidator.java:79)\r\n\tat com.google.javascript.jscomp.AstValidator.process(AstValidator.java:63)\r\n\tat com.google.javascript.jscomp.PhaseOptimizer$PassFactoryDelegate.processInternal(PhaseOptimizer.java:273)\r\n\tat com.google.javascript.jscomp.PhaseOptimizer$NamedPass.process(PhaseOptimizer.java:250)\r\n\tat com.google.javascript.jscomp.PhaseOptimizer.process(PhaseOptimizer.java:168)\r\n\tat com.google.javascript.jscomp.Compiler.optimize(Compiler.java:1634)\r\n\tat com.google.javascript.jscomp.Compiler.compileInternal(Compiler.java:664)\r\n\tat com.google.javascript.jscomp.Compiler.access$000(Compiler.java:70)\r\n\tat com.google.javascript.jscomp.Compiler$1.call(Compiler.java:559)\r\n\tat com.google.javascript.jscomp.Compiler$1.call(Compiler.java:556)\r\n\tat com.google.javascript.jscomp.Compiler$2.run(Compiler.java:601)\r\n\tat java.lang.Thread.run(Thread.java:680)",
    "desc_source": "google"
  },
  "Closure_56": {
    "description": "Last warning or error in output is truncated\nThe last error or warning statement written to the output appears to be getting truncated. It's causing a problem for my error / warning parser.\r\n\r\nTo reproduce, create a file called test.js and add the following content to it:\r\n\r\n---------------\r\nalert(foo);\r\nalert(bar);\r\n---------------\r\n\r\nWhen compiled, the output looks like this:\r\n\r\n---------------\r\n&gt;java -jar compiler.jar --warning_level VERBOSE --js test.js\r\ntest.js:1: ERROR - variable foo is undefined\r\nalert(foo);\r\n      ^\r\n\r\ntest.js:2: ERROR - variable bar is undefined\r\n\r\n2 error(s), 0 warning(s)\r\n---------------\r\n\r\nIf you look at the last error includes neither the line the error occurred on nor the column-indicating caret. This happens with warnings as well.\r\n\r\nTested against r1257 committed 2011-07-11 11:11:32 -0700.",
    "desc_source": "google"
  },
  "Closure_57": {
    "description": "compiler crashes when  goog.provide used with non string\n<b>What steps will reproduce the problem?</b>\n1. insert  goog.provide(some.function);\r\n2. compile.\r\n<b>3.</b>\n\r\n<b>What is the expected output? What do you see instead?</b>\n\r\nThis should give an error diagnostic. What it gives is:\r\n\r\njava.lang.RuntimeException: java.lang.RuntimeException: INTERNAL COMPILER ERROR.\r\nPlease email js-compiler@google.com with this stack trace.\r\nGETPROP 17 [originalname: Spike] [source_file: file.js] is not a string node\r\n Node(CALL): file.js:17:12\r\ngoog.provide(mine.Spike);\r\n...\r\n[stack traces...]\r\n\r\nI think this is the current build as of the day of this report.",
    "desc_source": "google"
  },
  "Closure_58": {
    "description": "Online CC bug: report java error.\n<b>What steps will reproduce the problem?</b>\n1. open http://closure-compiler.appspot.com/\r\n2. input js code:\r\n  function keys(obj) {\r\n    var a = [], i = 0;\r\n    for (a[i++] in obj)\r\n      ;\r\n    return a;\r\n  }\r\n3. press [compile] button.\r\n\r\n<b>What is the expected output? What do you see instead?</b>\nExcept OK. See java error.\r\n\r\n<b>What version of the product are you using? On what operating system?</b>\nOnline CC version.",
    "desc_source": "google"
  },
  "Closure_59": {
    "description": "Cannot exclude globalThis checks through command line\n<b>What steps will reproduce the problem?</b>\n1. Run command line utility\r\n2. Supply flags --warning_level VERBOSE --jscomp_off globalThis --jscomp_off nonStandardJsDocs\r\n\r\n<b>What is the expected output? What do you see instead?</b>\nI expect that globalThis and nonStandardJsDocs warnings will be ignored. Only nonStandardJsDocs warnings are ignored.\r\n\r\n<b>What version of the product are you using? On what operating system?</b>\nVersion 1180\r\nSun OS 5.10\r\n\r\n<b>Please provide any additional information below.</b>\n--jscomp_error also doesn't work with globalThis (works with nonStandardJSDocs).",
    "desc_source": "google"
  },
  "Closure_60": {
    "description": "void function () {}(); wrongly identified as having no side effects\nThis code results in the execution of the function and should not be identified as having no side effects.",
    "desc_source": "google"
  },
  "Closure_61": {
    "description": "Closure removes needed code.\n<b>What steps will reproduce the problem?</b>\n1. Try the following code, in Simple mode\r\nMath.blah = function(test) { test.a = 5; };\r\nvar test = new Object();\r\nMath.blah(test); \r\n2. The output is\r\nMath.blah=function(a){a.a=5};var test={};\r\n\r\n\r\n<b>What is the expected output? What do you see instead?</b>\nNote that Math.blah(test) was removed. It should not be. It issues a warning: JSC_USELESS_CODE: Suspicious code. This code lacks side-effects. Is there a bug? at line 4 character 9\r\n\r\n<b>What version of the product are you using? On what operating system?</b>\nTested on Google hosted Closure service.\r\n\r\n<b>Please provide any additional information below.</b>\nClosure seems to be protective about Math in particular, and doesn't like people messing around with her? So, when I try the following code:-\r\nvar n = {};\r\nn.blah = function(test) { test.a = 5; };\r\nvar test = new Object();\r\nn.blah(test);\r\n\r\nIt works. When I replace n by Math, then again, Closure kicks out blah. I need that poor fellow. Please talk some sense into it.",
    "desc_source": "google"
  },
  "Closure_62": {
    "description": "Column-indicating caret is sometimes not in error output\nFor some reason, the caret doesn't always show up in the output when there are errors.\r\n\r\nWhen test.js looks like this:\r\n\r\n\r\n&gt;alert(1;\r\n\r\n\r\n, the output is this:\r\n\r\n\r\n&gt;java -jar compiler.jar --js test.js\r\ntest.js:1: ERROR - Parse error. missing ) after argument list\r\n\r\n1 error(s), 0 warning(s)\r\n\r\n\r\nHowever, when test.js looks like this (notice the line break after the semicolon):\r\n\r\n\r\n&gt;alert(1;\r\n&gt;\r\n\r\n\r\n, the output is this:\r\n\r\n\r\n&gt;java -jar compiler.jar --js test.js\r\ntest.js:1: ERROR - Parse error. missing ) after argument list\r\nalert(1;\r\n        ^\r\n\r\n1 error(s), 0 warning(s)\r\n\r\n\r\nThat's the simplest reproduction of the problem that I could come up with, but I just encountered the problem in a file with ~100 LOC in it. This is the first time I believe I've run into the problem, but when it happens, my error parser fails and it becomes a pain to track down the raw output to find the actual problem.\r\n\r\nTested against r1171, committed 6/10 08:06. The problem is present going back to at least r1000, so this isn't a new issue.",
    "desc_source": "google"
  },
  "Closure_64": {
    "description": "--language_in=ECMASCRIPT5_STRICT results in 1 'use strict' per input file\n<b>What steps will reproduce the problem?</b>\n1.  Create a JS file called &quot;get_num.js&quot; with the contents &quot;var getNum = function() { return 5; };&quot;\r\n2.  Create a JS file called &quot;alert.js&quot; with the contents &quot;alert(getNum());&quot;\r\n3.  Compile the two files with the following command:\r\n\r\njava -jar compiler.jar --language_in=ECMASCRIPT5_STRICT --compilation_level=ADVANCED_OPTIMIZATIONS --warning_level=VERBOSE --js get_num.js --js alert.js\r\n\r\n<b>What is the expected output? What do you see instead?</b>\n\r\nI would expect the output to be:\r\n\r\n'use strict';alert(5);\r\n\r\nor, if the compiler wants to be really clever, just &quot;alert(5)&quot; since this is already ES5 Strict compliant.\r\n\r\n\r\n<b>What version of the product are you using? On what operating system?</b>\nHead on Mac OS X\r\n\r\n<b>Please provide any additional information below.</b>\n\r\nhttps://groups.google.com/forum/#!topic/closure-compiler-discuss/TOLXpePju5Q",
    "desc_source": "google"
  },
  "Closure_65": {
    "description": "String escaping mishandles null byte\n<b>What steps will reproduce the problem?</b>\n1. Run:\r\nvar x = &quot;\\u00003&quot;; if (x.length &lt; 2) { alert(&quot;fail&quot;); } else { alert(&quot;win&quot;); }\r\n2. Compile and run\r\n\r\n<b>What is the expected output? What do you see instead?</b>\n&quot;win&quot; is expected. &quot;fail&quot; is observed\r\n\r\n<b>What version of the product are you using? On what operating system?</b>\nr1167 on OS x 10.6\r\n\r\n<b>Please provide any additional information below.</b>\nThe problem is here: http://code.google.com/p/closure-compiler/source/browse/trunk/src/com/google/javascript/jscomp/CodeGenerator.java#1015\r\n\r\nHere's a patch that fixes it:\r\n$ svn diff\r\nIndex: src/com/google/javascript/jscomp/CodeGenerator.java\r\n===================================================================\r\n--- src/com/google/javascript/jscomp/CodeGenerator.java\t(revision 1167)\r\n+++ src/com/google/javascript/jscomp/CodeGenerator.java\t(working copy)\r\n@@ -1012,7 +1012,7 @@\r\n     for (int i = 0; i &lt; s.length(); i++) {\r\n       char c = s.charAt(i);\r\n       switch (c) {\r\n-        case '\\0': sb.append(&quot;\\\\0&quot;); break;\r\n+        case '\\0': sb.append(&quot;\\\\000&quot;); break;\r\n         case '\\n': sb.append(&quot;\\\\n&quot;); break;\r\n         case '\\r': sb.append(&quot;\\\\r&quot;); break;\r\n         case '\\t': sb.append(&quot;\\\\t&quot;); break;\r\n\r\nYou could also lookahead and output &quot;\\\\000&quot; only if the following char is 0-7 (octal valid) and otherwise output &quot;\\\\0&quot;. Is 2 bytes worth the complexity?",
    "desc_source": "google"
  },
  "Closure_66": {
    "description": "@enum does not type correctly\n<b>What steps will reproduce the problem?</b>\n\r\n1. create an enum with any syntax\r\nmy example:\r\n/** \r\n@type {Object}\r\n*/\r\nvar NS = {};\r\n\r\n/**\r\n@enum {number}\r\n*/\r\nNS.keys = { \r\n\ta: 1, \r\n\tb: 2, \r\n\tc: 3\r\n};\r\n\r\n/**\r\n@enum\r\n*/\r\nwindow['gKEYS'] = NS.keys;\r\n\r\n\r\n2. complie with --compilation_level ADVANCED_OPTIMIZATIONS --summary_detail_level 3 --warning_level VERBOSE\r\n\r\n3. look at the % typed\r\n\r\n<b>What is the expected output? What do you see instead?</b>\nit shouldn't count the enum as un-typed; it does...\r\n\r\n<b>What version of the product are you using? On what operating system?</b>\nVersion: 1043\r\nBuilt on: 2011/05/02 19:47\r\n\r\n<b>Please provide any additional information below.</b>\n\r\ni also tried to tersely coerce the type, eg:\r\n/** @type {number} */ a:  (/** @type {number} */(1)),\r\n\r\nwhich has no effect.",
    "desc_source": "google"
  },
  "Closure_67": {
    "description": "Advanced compilations renames a function and then deletes it, leaving a reference to a renamed but non-existent function\nIf we provide the below code to advanced:\r\n\r\n\r\nfunction A() {\r\nthis._x = 1;\r\n}\r\n\r\nA.prototype['func1'] = // done to save public reference to func1\r\nA.prototype.func1 = function() {\r\n  this._x = 2;\r\n  this.func2();\r\n}\r\n\r\nA.prototype.func2 = function() {\r\n  this._x = 3;\r\n  this.func3();\r\n}\r\n\r\nwindow['A'] = A;\r\n\r\n\r\nWe get the output:\r\n\r\n\r\nfunction a() {\r\n  this.a = 1\r\n}\r\na.prototype.func1 = a.prototype.b = function() {\r\n  this.a = 2;\r\n  this.c() // Problem!\r\n};\r\nwindow.A = a;\r\n\r\n\r\nSo the compiler emits no errors, and renames 'func2' to 'c' but ends up throwing away the definition of that function!\r\n\r\nThe problem arises when I use:\r\n\r\nA.prototype['func1'] = // done to save public reference to func1\r\nA.prototype.func1 = function() {\r\n...\r\n}\r\n\r\nThe ['func1'] line is apparently enough to save the reference correctly, but also has the side effect of causing the function innards to do the wrong thing.\r\n\r\nI can of course instead write it as:\r\n\r\nA.prototype['func1'] = A.prototype.func1;\r\nA.prototype.func1 = function() {\r\n  this._x = 2;\r\n  this.func2();\r\n}\r\n\r\nIn which case Advanced will compile correctly and the results will also be valid.\r\n\r\nfunction a() {\r\n  this.a = 1\r\n}\r\na.prototype.func1 = a.prototype.b;\r\na.prototype.b = function() {\r\n  this.a = 2;\r\n  this.a = 3 // func2, correctly minified\r\n};\r\nwindow.A = a;\r\n\r\n\r\nFor now I can just use the expected way of declaring that func1 export, but since the compiler returns with no errors or warnings and creates a function with no definition, it seems worth reporting.",
    "desc_source": "google"
  },
  "Closure_68": {
    "description": "Cryptic error message on invalid \"@type function\" annotation\n<b>What steps will reproduce the problem?</b>\n1.  test.js:\r\n\r\n    /**\r\n     * @type function\r\n     */\r\n    var callback;\r\n\r\n2. java -jar compiler.jar --js test.js \r\n\r\n<b>What is the expected output? What do you see instead?</b>\n\r\nWarning reported is:\r\n\r\ntest.js:3: WARNING - Parse error. Unexpected end of file\r\n */\r\n  ^\r\n\r\nExpected to see the actual warning (e.g., &quot;expected '('&quot;, for the *previous* line)\r\n\r\n<b>What version of the product are you using? On what operating system?</b>\n\r\ncompiler-20110502\r\n\r\n<b>Please provide any additional information below.</b>\n\r\nSimply adding &quot;()&quot; to it (&quot;@type function()&quot;) removes the warning, but it would be much more effective if it could communicate that properly.",
    "desc_source": "google"
  },
  "Closure_69": {
    "description": "Compiler should warn/error when instance methods are operated on\n<b>What steps will reproduce the problem?</b>\n1. Compile and run the following code:\r\n  goog.require('goog.graphics.Path');\r\n  function demo() {\r\n    var path = new goog.graphics.Path();\r\n    var points = [[1,1], [2,2]];\r\n    for (var i = 0; i &lt; points.length; i++) {\r\n      (i == 0 ? path.moveTo : path.lineTo)(points[i][0], points[i][1]);\r\n    }\r\n  }\r\n  goog.exportSymbol('demo', demo);\r\n\r\n<b>What is the expected output? What do you see instead?</b>\nI expect it to either work or produce a warning.  In this case, the latter since there's an error in the javascript - when calling path.moveTo(x, y), &quot;this&quot; is set correctly to the path element in the moveTo function.  But when the function is operated on, as in (i == 0 ? path.moveTo : path.lineTo)(x, y), it's no longer an instance method invocation, so &quot;this&quot; reverts to the window object.  In this case, an error results because moveTo references a field in Path that is now &quot;undefined&quot;.  Better would be to issue a warning/error that an instance method is being converted to a normal function (perhaps only if it references this).\r\n\r\n<b>What version of the product are you using? On what operating system?</b>\nUnknown (it's built into my build tools) - I presume this issue is present in all builds.  Running on ubuntu.\r\n\r\n<b>Please provide any additional information below.</b>",
    "desc_source": "google"
  },
  "Closure_70": {
    "description": "unexpected typed coverage of less than 100%\n<b>What steps will reproduce the problem?</b>\n1. Create JavaScript file:\r\n/*global window*/\r\n/*jslint sub: true*/\r\n/**\r\n * @constructor\r\n * @param {!Element} element\r\n */\r\nfunction Example(element) {\r\n    /**\r\n     * @param {!string} ns\r\n     * @param {!string} name\r\n     * @return {undefined}\r\n     */\r\n    this.appendElement = function appendElement(ns, name) {\r\n        var e = element.ownerDocument.createElementNS(ns, name);\r\n        element.appendChild(e);\r\n    };\r\n}\r\nwindow[&quot;Example&quot;] = Example;\r\n2. compile it:\r\njava -jar compiler.jar --jscomp_error checkTypes --summary_detail_level 3 --js v.js --js_output_file compiled.js\r\n3. observe the outcome:\r\n0 error(s), 0 warning(s), 73.7% typed\r\n\r\n<b>What is the expected output? What do you see instead?</b>\nThis was expected:\r\n0 error(s), 0 warning(s), 100% typed\r\n\r\n<b>What version of the product are you using? On what operating system?</b>\nClosure Compiler Version: 964, Built on: 2011/04/05 14:31 on GNU/Linux.\r\n\r\n<b>Please provide any additional information below.</b>",
    "desc_source": "google"
  },
  "Closure_71": {
    "description": "no warnings when @private prop is redeclared on subclass\n<b>What steps will reproduce the problem?</b>\n/** @constructor */ function Foo() { /** @private */ this.x_ = 3; }\r\n\r\nthen, in a separate file:\r\n/** @constructor \r\n * @extends {Foo} */ function SubFoo() { /** @private */ this.x_ = 3; }\r\n\r\nthen, compile with --jscomp_error=visibility\r\n\r\nExpected: You should get an error.\r\nActual: No error.\r\n\r\nYou get an error as appropriate if the second @private annotation is removed.",
    "desc_source": "google"
  },
  "Closure_72": {
    "description": "Internal Compiler Error on Bullet\n<b>What steps will reproduce the problem?</b>\n1. The attachment is the Bullet physics library, compiled from C++ to JS using Emscripten.\r\n2. I tried to compile it using the Closure Compiler, latest downloadable version (Apr 5 2011), with\r\n\r\njava -jar apr5compiler.jar --compilation_level ADVANCED_OPTIMIZATIONS --variable_map_output_file js.vars --js bullet_1_1_q1.js --js_output_file bullet_1_1_q1.cc.js\r\n\r\n<b>What is the expected output? What do you see instead?</b>\n\r\nI would expect it to compile successfully. Instead it halts (after a few hours) with\r\n\r\n\r\n==================\r\njava.lang.RuntimeException: java.lang.RuntimeException: INTERNAL COMPILER ERROR.\r\nPlease report this problem.\r\nnull\r\n  Node(LABEL): bullet_1_1_q1.js:60150:8\r\n        $for_body$5: while(1) { \r\n  Parent(BLOCK): bullet_1_1_q1.js:60043:26\r\n      if (__label__ == 0) {\r\n\r\n\tat com.google.javascript.jscomp.Compiler.runCallable(Unknown Source)\r\n\tat com.google.javascript.jscomp.Compiler.runInCompilerThread(Unknown Source)\r\n\tat com.google.javascript.jscomp.Compiler.compile(Unknown Source)\r\n\tat com.google.javascript.jscomp.Compiler.compile(Unknown Source)\r\n\tat com.google.javascript.jscomp.AbstractCommandLineRunner.doRun(Unknown Source)\r\n\tat com.google.javascript.jscomp.AbstractCommandLineRunner.run(Unknown Source)\r\n\tat com.google.javascript.jscomp.CommandLineRunner.main(Unknown Source)\r\nCaused by: java.lang.RuntimeException: INTERNAL COMPILER ERROR.\r\nPlease report this problem.\r\nnull\r\n  Node(LABEL): bullet_1_1_q1.js:60150:8\r\n        $for_body$5: while(1) { \r\n  Parent(BLOCK): bullet_1_1_q1.js:60043:26\r\n      if (__label__ == 0) {\r\n\r\n\tat com.google.common.base.Preconditions.checkState(Preconditions.java:129)\r\n\tat com.google.javascript.jscomp.RenameLabels$ProcessLabels.shouldTraverse(Unknown Source)\r\n\tat com.google.javascript.jscomp.NodeTraversal.traverseBranch(Unknown Source)\r\n\tat com.google.javascript.jscomp.NodeTraversal.traverseBranch(Unknown Source)\r\n\tat com.google.javascript.jscomp.NodeTraversal.traverseBranch(Unknown Source)\r\n\tat com.google.javascript.jscomp.NodeTraversal.traverseBranch(Unknown Source)\r\n\tat com.google.javascript.jscomp.NodeTraversal.traverseBranch(Unknown Source)\r\n\tat com.google.javascript.jscomp.NodeTraversal.traverseBranch(Unknown Source)\r\n\tat com.google.javascript.jscomp.NodeTraversal.traverseBranch(Unknown Source)\r\n\tat com.google.javascript.jscomp.NodeTraversal.traverseBranch(Unknown Source)\r\n\tat com.google.javascript.jscomp.NodeTraversal.traverseBranch(Unknown Source)\r\n\tat com.google.javascript.jscomp.NodeTraversal.traverseBranch(Unknown Source)\r\n\tat com.google.javascript.jscomp.NodeTraversal.traverseBranch(Unknown Source)\r\n\tat com.google.javascript.jscomp.NodeTraversal.traverseBranch(Unknown Source)\r\n\tat com.google.javascript.jscomp.NodeTraversal.traverseBranch(Unknown Source)\r\n\tat com.google.javascript.jscomp.NodeTraversal.traverseBranch(Unknown Source)\r\n\tat com.google.javascript.jscomp.NodeTraversal.traverseBranch(Unknown Source)\r\n\tat com.google.javascript.jscomp.NodeTraversal.traverseBranch(Unknown Source)\r\n\tat com.google.javascript.jscomp.NodeTraversal.traverseBranch(Unknown Source)\r\n\tat com.google.javascript.jscomp.NodeTraversal.traverseBranch(Unknown Source)\r\n\tat com.google.javascript.jscomp.NodeTraversal.traverseBranch(Unknown Source)\r\n\tat com.google.javascript.jscomp.NodeTraversal.traverseBranch(Unknown Source)\r\n\tat com.google.javascript.jscomp.NodeTraversal.traverseBranch(Unknown Source)\r\n\tat com.google.javascript.jscomp.NodeTraversal.traverseFunction(Unknown Source)\r\n\tat com.google.javascript.jscomp.NodeTraversal.traverseBranch(Unknown Source)\r\n\tat com.google.javascript.jscomp.NodeTraversal.traverseBranch(Unknown Source)\r\n\tat com.google.javascript.jscomp.NodeTraversal.traverseBranch(Unknown Source)\r\n\tat com.google.javascript.jscomp.NodeTraversal.traverse(Unknown Source)\r\n\tat com.google.javascript.jscomp.NodeTraversal.traverse(Unknown Source)\r\n\tat com.google.javascript.jscomp.RenameLabels.process(Unknown Source)\r\n\tat com.google.javascript.jscomp.PhaseOptimizer$PassFactoryDelegate.processInternal(Unknown Source)\r\n\tat com.google.javascript.jscomp.PhaseOptimizer$NamedPass.process(Unknown Source)\r\n\tat com.google.javascript.jscomp.PhaseOptimizer.process(Unknown Source)\r\n\tat com.google.javascript.jscomp.Compiler.optimize(Unknown Source)\r\n\tat com.google.javascript.jscomp.Compiler.compileInternal(Unknown Source)\r\n\tat com.google.javascript.jscomp.Compiler.access$000(Unknown Source)\r\n\tat com.google.javascript.jscomp.Compiler$1.call(Unknown Source)\r\n\tat com.google.javascript.jscomp.Compiler$1.call(Unknown Source)\r\n\tat com.google.javascript.jscomp.Compiler$2.run(Unknown Source)\r\n\tat java.lang.Thread.run(Thread.java:662)\r\nCaused by: java.lang.IllegalStateException\r\n\t... 40 more\r\n==================\r\n\r\n\r\n<b>What version of the product are you using? On what operating system?</b>\n\r\nThe Closure Compiler download from Apr 5 2011, on Ubuntu 10.04 32 bit.",
    "desc_source": "google"
  },
  "Closure_73": {
    "description": "Codepoint U+007f appears raw in output\n<b>What steps will reproduce the problem?</b>\n1. Open http://closure-compiler.appspot.com/home in your browser\r\n2. Enter the source code: alert('\\x7f')\r\n3. Hit the &quot;Compile&quot; button.\r\n\r\nWhat is the expected output?\r\nalert(&quot;\\x7f&quot;)\r\n\r\nWhat do you see instead?\r\nalert(&quot;\u007f&quot;);\r\n\r\n\r\n<b>What version of the product are you using? On what operating system?</b>\nThe version live on 11 April 2011.\r\n\r\n<b>Please provide any additional information below.</b>\nCodepoint U+007f is a delete control character and is the only non-printable ASCII codepoint that is not &lt;= U+0020.  http://www.fileformat.info/info/unicode/char/7f/index.htm\r\n\r\nIt should probably not appear raw in emitted source code because, it can confuse encoders.",
    "desc_source": "google"
  },
  "Closure_74": {
    "description": "Obvious optimizations don't works in \"inline if\"\nTry it (advanced mode):\r\n    alert(true == null ? a() : b());\r\n\r\nEVER true != null, in this case, EVER will trigger b(), but we get:\r\n    alert(!0 == null ? a() : b());\r\n\r\nSame for:\r\n    alert(true == false ? a() : b());\r\n\r\nReal life use:\r\n    function sum(a, b){\r\n      return (a == true ? 2 : a) + b;\r\n    }\r\n    alert(sum(true, 1));\r\n\r\nResults in:\r\n    alert((!0 == !0 ? 2 : 1) + 1);\r\n\r\nBut correct is:\r\n    alert(3);",
    "desc_source": "google"
  },
  "Closure_75": {
    "description": "closure compiled swfobject error\nswfobject.js code\r\n\r\nfunction urlEncodeIfNecessary(s) {\r\n\tvar regex = /[\\\\\\&quot;&lt;&gt;\\.;]/;\r\n\tvar hasBadChars = regex.exec(s) != null;\r\n\treturn hasBadChars &amp;&amp; typeof encodeURIComponent != UNDEF ? encodeURIComponent(s) : s;\r\n}\r\n\r\nclosure compiled:\r\n\r\nfunction Z(a){return/[\\&quot;&lt;&gt;.;]/.exec(a)!=\r\nnull&amp;&amp;typeof encodeURIComponent!=j?encodeURIComponent(a):a}\r\n\r\nbut it's error.and minify erray:\r\nFatal error: Uncaught exception 'JSMin_UnterminatedStringException' with message 'Unterminated String: '&quot;&lt;&gt;.;]/.exec(a)!=''\r\n\r\nreturn/[\\&quot;&lt;&gt;.;]/ to  return /[\\&quot;&lt;&gt;.;]/   that's OK\r\n\r\n\r\nie = !+&quot;\\v1&quot;,   closure compiled to   ie=!1,    my god!!",
    "desc_source": "google"
  },
  "Closure_76": {
    "description": "Assignments within conditions are sometimes incorrectly removed\n<b>What steps will reproduce the problem?</b>\n\r\n1. See attachment.\r\n2. Run original.\r\n3. Run compiled.\r\n\r\n\r\n<b>What is the expected output? What do you see instead?</b>\n\r\n* Both should return &quot;true&quot;\r\n* Original does return &quot;true&quot;\r\n* Compiled returns &quot;undefined&quot;\r\n\r\n\r\n<b>What version of the product are you using? On what operating system?</b>\n\r\nClosure Compiler (http://code.google.com/closure/compiler)\r\nVersion: 706\r\nBuilt on: 2011/01/19 19:53\r\n\r\nMac OS X 10.6\r\n\r\n<b>Please provide any additional information below.</b>\n\r\nIn the attached reduction if the &quot;echo&quot; functions aren't used then the entire body of the function is compiled away, they are there to demonstrate that the first assignment in the condition is removed.\r\n\r\n\r\nOriginal:\r\n\r\nfunction reduction()\r\n{\r\n    var a, b;\r\n    if (echo(b = true) || echo(b = false))\r\n        a = b;\r\n    else\r\n        a = null;\r\n    return a;\r\n}\r\n\r\n\r\nCompiled:\r\n\r\nfunction reduction() {\r\n    var a;\r\n    return echo(true) || echo(a = false) ? a: null\r\n}",
    "desc_source": "google"
  },
  "Closure_77": {
    "description": "\\0 \\x00 and \\u0000 are translated to null character\n<b>What steps will reproduce the problem?</b>\n1. write script with string constant &quot;\\0&quot; or &quot;\\x00&quot; or &quot;\\u0000&quot;\r\n\r\n<b>What is the expected output? What do you see instead?</b>\nI expected a string literal with &quot;\\0&quot; (or something like that)\r\nand instead get a string literal with three null character values.\r\n\r\n<b>What version of the product are you using? On what operating system?</b>\ncompiler-20110119.zip on windows 7 x64\r\n\r\n<b>Please provide any additional information below.</b>\n\r\nThis is causing an issue with IE9 and jQuery.getScript. It causes IE9 to interpret the null character as the end of the file instead of a null character.",
    "desc_source": "google"
  },
  "Closure_78": {
    "description": "division by zero wrongly throws JSC_DIVIDE_BY_0_ERROR\n<b>What steps will reproduce the problem?</b>\n\r\nunaliased division by zero `1/0`\r\n\r\n<b>What is the expected output? What do you see instead?</b>\n\r\nI expect minified code, but an error is thrown instead.\r\n\r\n<b>What version of the product are you using? On what operating system?</b>\n\r\nappspot\r\n\r\n<b>Please provide any additional information below.</b>\n\r\nDivision by zero is a perfectly sane operation in ECMAScript. See 11.5.2 [0] of the ECMAScript 5 specification. Aliased division by zero `(n=1)/0` is permitted.\r\n\r\n[0] http://es5.github.com/#x11.5.2",
    "desc_source": "google"
  },
  "Closure_79": {
    "description": "RuntimeException when compiling with extern prototype\n<b>What steps will reproduce the problem?</b>\n\r\n1. java -jar compiler.jar --compilation_level ADVANCED_OPTIMIZATIONS --externs prototype.js --js bootloader.js\r\n\r\n<b>What is the expected output? What do you see instead?</b>\n\r\njava.lang.RuntimeException: java.lang.RuntimeException: INTERNAL COMPILER ERROR.\r\nPlease report this problem.\r\nnull\r\n  Node(FUNCTION ): prototype.js:213:11\r\n  function Str(key, holder, stack) {\r\n  Parent(BLOCK): prototype.js:160:12\r\n(function() {\r\n\r\n\tat com.google.javascript.jscomp.Compiler.runCallable(Unknown Source)\r\n\tat com.google.javascript.jscomp.Compiler.runInCompilerThread(Unknown Source)\r\n\tat com.google.javascript.jscomp.Compiler.compile(Unknown Source)\r\n\tat com.google.javascript.jscomp.Compiler.compile(Unknown Source)\r\n\tat com.google.javascript.jscomp.AbstractCommandLineRunner.doRun(Unknown Source)\r\n\tat com.google.javascript.jscomp.AbstractCommandLineRunner.run(Unknown Source)\r\n\tat com.google.javascript.jscomp.CommandLineRunner.main(Unknown Source)\r\nCaused by: java.lang.RuntimeException: INTERNAL COMPILER ERROR.\r\nPlease report this problem.\r\nnull\r\n  Node(FUNCTION ): prototype.js:213:11\r\n  function Str(key, holder, stack) {\r\n  Parent(BLOCK): prototype.js:160:12\r\n(function() {\r\n\r\n\tat com.google.common.base.Preconditions.checkState(Preconditions.java:129)\r\n\tat com.google.javascript.jscomp.Normalize$DuplicateDeclarationHandler.onRedeclaration(Unknown Source)\r\n\tat com.google.javascript.jscomp.SyntacticScopeCreator.declareVar(Unknown Source)\r\n\tat com.google.javascript.jscomp.SyntacticScopeCreator.scanVars(Unknown Source)\r\n\tat com.google.javascript.jscomp.SyntacticScopeCreator.scanVars(Unknown Source)\r\n\tat com.google.javascript.jscomp.SyntacticScopeCreator.scanVars(Unknown Source)\r\n\tat com.google.javascript.jscomp.SyntacticScopeCreator.scanVars(Unknown Source)\r\n\tat com.google.javascript.jscomp.SyntacticScopeCreator.scanVars(Unknown Source)\r\n\tat com.google.javascript.jscomp.SyntacticScopeCreator.scanVars(Unknown Source)\r\n\tat com.google.javascript.jscomp.SyntacticScopeCreator.scanVars(Unknown Source)\r\n\tat com.google.javascript.jscomp.SyntacticScopeCreator.scanVars(Unknown Source)\r\n\tat com.google.javascript.jscomp.SyntacticScopeCreator.scanRoot(Unknown Source)\r\n\tat com.google.javascript.jscomp.SyntacticScopeCreator.createScope(Unknown Source)\r\n\tat com.google.javascript.jscomp.NodeTraversal.getScope(Unknown Source)\r\n\r\n\r\n<b>What version of the product are you using? On what operating system?</b>\nVersion: 706\r\nBuilt on: 2011/01/19 19:53\r\n\r\nMac OS X 10.6.0",
    "desc_source": "google"
  },
  "Closure_80": {
    "description": "Unexpected expression nodeDELPROP 1\nAs of version 20110119 of the closure compiler, the following code produces an error when it's compiled with advanced compilation enabled:\r\n\r\n    function x() { return delete a; }\r\n\r\n\r\nThe exact output of the compiler:\r\n\r\n\r\njava.lang.RuntimeException: java.lang.RuntimeException: INTERNAL COMPILER ERROR.\r\nPlease report this problem.\r\nUnexpected expression nodeDELPROP 1 [sourcename: stdin]\r\n parent:RETURN 1 [sourcename: stdin]\r\n  Node(RETURN): stdin:1:15\r\nfunction x() { return delete a; }\r\n  Parent(BLOCK): stdin:1:13\r\nfunction x() { return delete a; }\r\n\r\n\tat com.google.javascript.jscomp.Compiler.runCallable(Unknown Source)\r\n\tat com.google.javascript.jscomp.Compiler.runInCompilerThread(Unknown Source)\r\n\tat com.google.javascript.jscomp.Compiler.compile(Unknown Source)\r\n\tat com.google.javascript.jscomp.Compiler.compile(Unknown Source)\r\n\tat com.google.javascript.jscomp.AbstractCommandLineRunner.doRun(Unknown Source)\r\n\tat com.google.javascript.jscomp.AbstractCommandLineRunner.run(Unknown Source)\r\n\tat com.google.javascript.jscomp.CommandLineRunner.main(Unknown Source)\r\nCaused by: java.lang.RuntimeException: INTERNAL COMPILER ERROR.\r\nPlease report this problem.\r\nUnexpected expression nodeDELPROP 1 [sourcename: stdin]\r\n parent:RETURN 1 [sourcename: stdin]\r\n  Node(RETURN): stdin:1:15\r\nfunction x() { return delete a; }\r\n  Parent(BLOCK): stdin:1:13\r\nfunction x() { return delete a; }\r\n\r\n\tat com.google.javascript.jscomp.NodeUtil.evaluatesToLocalValue(Unknown Source)\r\n\tat com.google.javascript.jscomp.NodeUtil.evaluatesToLocalValue(Unknown Source)\r\n\tat com.google.javascript.jscomp.PureFunctionIdentifier$FunctionAnalyzer.visit(Unknown Source)\r\n\tat com.google.javascript.jscomp.NodeTraversal.traverseBranch(Unknown Source)\r\n\tat com.google.javascript.jscomp.NodeTraversal.traverseBranch(Unknown Source)\r\n\tat com.google.javascript.jscomp.NodeTraversal.traverseFunction(Unknown Source)\r\n\tat com.google.javascript.jscomp.NodeTraversal.traverseBranch(Unknown Source)\r\n\tat com.google.javascript.jscomp.NodeTraversal.traverseBranch(Unknown Source)\r\n\tat com.google.javascript.jscomp.NodeTraversal.traverseBranch(Unknown Source)\r\n\tat com.google.javascript.jscomp.NodeTraversal.traverse(Unknown Source)\r\n\tat com.google.javascript.jscomp.NodeTraversal.traverse(Unknown Source)\r\n\tat com.google.javascript.jscomp.PureFunctionIdentifier.process(Unknown Source)\r\n\tat com.google.javascript.jscomp.PureFunctionIdentifier$Driver.process(Unknown Source)\r\n\tat com.google.javascript.jscomp.PhaseOptimizer$PassFactoryDelegate.processInternal(Unknown Source)\r\n\tat com.google.javascript.jscomp.PhaseOptimizer$NamedPass.process(Unknown Source)\r\n\tat com.google.javascript.jscomp.PhaseOptimizer.process(Unknown Source)\r\n\tat com.google.javascript.jscomp.Compiler.optimize(Unknown Source)\r\n\tat com.google.javascript.jscomp.Compiler.compileInternal(Unknown Source)\r\n\tat com.google.javascript.jscomp.Compiler.access$000(Unknown Source)\r\n\tat com.google.javascript.jscomp.Compiler$1.call(Unknown Source)\r\n\tat com.google.javascript.jscomp.Compiler$1.call(Unknown Source)\r\n\tat com.google.javascript.jscomp.Compiler$2.run(Unknown Source)\r\n\tat java.lang.Thread.run(Thread.java:680)\r\nCaused by: java.lang.IllegalStateException: Unexpected expression nodeDELPROP 1 [sourcename: stdin]\r\n parent:RETURN 1 [sourcename: stdin]\r\n\t... 23 more",
    "desc_source": "google"
  },
  "Closure_81": {
    "description": "An unnamed function statement statements should generate a parse error\nAn unnamed function statement statements should generate a parse error, but it does not, for example:\r\n\r\nfunction () {};\r\n\r\nNote: Unnamed function expression are legal:\r\n\r\n(function(){});",
    "desc_source": "google"
  },
  "Closure_82": {
    "description": ".indexOf fails to produce missing property warning\nThe following code compiled with VERBOSE warnings or with the missingProperties check enabled fails to produce a warning or error:\r\n\r\nvar s = new String(&quot;hello&quot;);\r\nalert(s.toLowerCase.indexOf(&quot;l&quot;));\r\n\r\nHowever, other string functions do properly produce the warning:\r\n\r\nvar s = new String(&quot;hello&quot;);\r\nalert(s.toLowerCase.substr(0, 1));",
    "desc_source": "google"
  },
  "Closure_83": {
    "description": "Cannot see version with --version\n<b>What steps will reproduce the problem?</b>\n1. Download sources of latest (r698) command-line version of closure compiler.\r\n2. Build (with ant from command line).\r\n3. Run compiler (java -jar compiler.jar --version).\r\n\r\nWhat is the expected output?\r\nClosure Compiler (http://code.google.com/closure/compiler)\r\nVersion: 698\r\nBuilt on: 2011/01/17 12:16\r\n\r\nWhat do you see instead?\r\n\u041e\u043f\u0446\u0438\u044f &quot;--version&quot; \u0442\u0440\u0435\u0431\u0443\u0435\u0442 \u043e\u043f\u0435\u0440\u0430\u043d\u0434\r\n(Option &quot;--version&quot; requires operand)\r\nand full list of options with description.\r\n\r\n<b>What version of the product are you using? On what operating system?</b>\nLatest source of command-line compiler from SVN (r698). OS Linux Mint 7, Sun Java 1.6.0_22.\r\n\r\n<b>Please provide any additional information below.</b>\nWhen running compiler with\r\njava -jar compiler.jar --version ?\r\nit shows error message, then version info, then full list of options.",
    "desc_source": "google"
  },
  "Closure_84": {
    "description": "Invalid left-hand side of assignment not detected\n<b>What steps will reproduce the problem?</b>\nCompile this:\r\n  var x=0,y=1;x||y=8\r\n\r\n<b>What is the expected output? What do you see instead?</b>\nI expect an error, because this is parsed as (x||y)=8, which is an invalid left-hand side of an assignment. Instead, I get\r\n  var x=0,y=1;x||y=8;\r\nwhich, like the input, is invalid code.",
    "desc_source": "google"
  },
  "Closure_85": {
    "description": "Reproduceable crash with switch statement\nWhen attempting to compile the following code with default options (-jar compiler.jar --js filename) always produces the same error.\r\n\r\nfunction a(b) {\r\n  switch (b.v) {\r\n    case 'SWITCH':\r\n      if (b.i &gt;= 0) {\r\n        return b.o;\r\n      } else {\r\n        return undefined;\r\n      }\r\n      break;\r\n  }\r\n}\r\n\r\nWhenever I try and compile the above script I get a RuntimeException thrown:\r\n\r\nINTERNAL COMPILER ERROR.\r\nPlease report this problem.\r\nnull\r\n  Node(BREAK): C:\\test.js:11:3\r\n      break;\r\n  Parent: NULL\r\n\r\nThe result of calling --version on compiler.jar:\r\n\r\nVersion: 20100917 (revision 440)\r\nBuilt on: 2010/09/17 17:55\r\n\r\nThe result of calling -version on java.exe:\r\n\r\njava version &quot;1.6.0_11&quot;\r\nJava(TM) SE Runtime Environment (build 1.6.0_11-b03)\r\nJava HotSpot(TM) Client VM (build 11.0-b16, mixed mode, sharing)\r\n\r\nAnyone else with the same issue - to work around in the short term, comment out the &quot;break;&quot; line.",
    "desc_source": "google"
  },
  "Closure_86": {
    "description": "side-effects analysis incorrectly removing function calls with side effects\nSample Code:\r\n---\r\n/** @constructor */\r\nfunction Foo() {\r\n  var self = this;\r\n  window.setTimeout(function() {\r\n    window.location = self.location;\r\n  }, 0);\r\n}\r\n\r\nFoo.prototype.setLocation = function(loc) {\r\n  this.location = loc;\r\n};\r\n\r\n(new Foo()).setLocation('http://www.google.com/');\r\n---\r\n\r\nThe setLocation call will get removed in advanced mode.",
    "desc_source": "google"
  },
  "Closure_87": {
    "description": "IE8 error: Object doesn't support this action\n<b>What steps will reproduce the problem?</b>\n1. Use script with fragment like\r\n    if (e.onchange) {\r\n      e.onchange({\r\n        _extendedByPrototype: Prototype.emptyFunction,\r\n        target: e\r\n      });\r\n    }\r\n2. Compile with Compiler (command-line, latest version)\r\n3. Use in IE8\r\n\r\nWhat is the expected output?\r\nScript:\r\nif(b.onchange){b.onchange({_extendedByPrototype:Prototype.emptyFunction,target\r\n:b})}\r\n\r\nWhat do you see instead?\r\nScript:\r\nb.onchange&amp;&amp;b.onchange({_extendedByPrototype:Prototype.emptyFunction,target\r\n:b})\r\nIE8:\r\nError message &quot;Object doesn't support this action&quot;\r\n\r\n<b>What version of the product are you using? On what operating system?</b>\nVersion: 20100917 (revision 440)\r\nBuilt on: 2010/09/17 17:55",
    "desc_source": "google"
  },
  "Closure_88": {
    "description": "Incorrect assignment removal from expression in simple mode.\nfunction closureCompilerTest(someNode) {\r\n   var nodeId;\r\n   return ((nodeId=someNode.id) &amp;&amp; (nodeId=parseInt(nodeId.substr(1))) &amp;&amp; nodeId&gt;0);\r\n}\r\n\r\nCOMPILES TO:\r\n\r\nfunction closureCompilerTest(b){var a;return b.id&amp;&amp;(a=parseInt(a.substr(1)))&amp;&amp;a&gt;0};\r\n\r\n&quot;nodeId=someNode.id&quot; is replaced with simply &quot;b.id&quot; which is incorrect as the value of &quot;nodeId&quot; is used.",
    "desc_source": "google"
  },
  "Closure_89": {
    "description": "Compiler removes function properties that it should not\nThe Compiler appears to remove properties that are added to functions. I do not believe that it should do such a thing. In the following example, I add a property named &quot;alwaysCall&quot; to a function that I check later. The property appears to be stripped, which changes the behavior of the program. To see this in action run the following through http://closure-compiler.appspot.com/home:\r\n\r\n// ==ClosureCompiler==\r\n// @compilation_level ADVANCED_OPTIMIZATIONS\r\n// @output_file_name default.js\r\n// @use_closure_library true\r\n// @formatting pretty_print\r\n// ==/ClosureCompiler==\r\n\r\nvar lastMsg;\r\nvar map = {};\r\n\r\nvar addToMap = function(key, func) {\r\n  map[key] = func;\r\n};\r\n\r\nvar f1 = function() { alert('f1'); };\r\nf1.alwaysCall = true;\r\nvar f2 = function() { alert('f2'); };\r\n\r\naddToMap('f1', f1);\r\naddToMap('f2', f2);\r\n\r\nvar callFunctionByKey = function(key) {\r\n  var f = map[key];\r\n  if (f.alwaysCall) f();\r\n};\r\n\r\ncallFunctionByKey(Math.random() &gt; 0.5 ? 'f1' : 'f2');\r\n\r\n\r\nThe compiled code is:\r\n\r\n\r\nvar a = {};\r\na.f1 = function() {\r\n  alert(&quot;f1&quot;)\r\n};\r\na.f2 = function() {\r\n  alert(&quot;f2&quot;)\r\n};\r\nvar b = a[Math.random() &gt; 0.5 ? &quot;f1&quot; : &quot;f2&quot;];\r\nb.a &amp;&amp; b();\r\n\r\nNote that a.f1 does not have a property defined on it anymore, though it still appears to be checked on this line of code:\r\n\r\nb.a &amp;&amp; b();\r\n\r\nSo it looks like it is missing the following:\r\n\r\na.f1.a =  true;\r\n\r\nFor now, I can workaround this by quoting the property:\r\n\r\nf1['alwaysCall'] = true;\r\n\r\n// In callFunctionByKey:\r\nif (f['alwaysCall']) f();\r\n\r\nBut that seems as though it should not be necessary.",
    "desc_source": "google"
  },
  "Closure_90": {
    "description": "@this emits warning when used with a typedef\n<b>What steps will reproduce the problem?</b>\n\r\n1. Compile this with r520:\r\n\r\ngoog.provide('bug');\r\n\r\n/**\r\n * @this {bug.Thing}\r\n */\r\nbug.sharedMethod = function() {};\r\n\r\n/**\r\n * @constructor\r\n */\r\nbug.A = function() {};\r\n\r\n/**\r\n * @constructor\r\n */\r\nbug.B = function() {};\r\n\r\n/**\r\n * @type {bug.A|bug.B}\r\n */\r\nbug.Thing = goog.typedef;\r\n\r\n2. Observe this warning:\r\n\r\nOct 28, 2010 9:59:15 PM com.google.javascript.jscomp.PhaseOptimizer$NamedPass process\r\nINFO: sanityCheckVars\r\nOct 28, 2010 9:59:15 PM com.google.javascript.jscomp.LoggerErrorManager println\r\nWARNING: /home/elf/JSPATH/compiler_bug_this_typedef.js:6: WARNING - @this type of a function must be an object\r\nActual type: (bug.A|bug.B|null)\r\nbug.sharedMethod = function() {};\r\n\r\n\r\nNote that @this {!bug.Thing} doesn't work either, while @this {bug.A|bug.B} works.  This code did not emit a warning in r481.\r\n\r\nThis code is what caused me to run into http://code.google.com/p/closure-compiler/issues/detail?id=268",
    "desc_source": "google"
  },
  "Closure_91": {
    "description": "support @lends annotation\nSome javascript toolkits (dojo, base, etc.) have a special way of declaring (what java calls) classes, for example in dojo:\r\n\r\ndojo.declare(&quot;MyClass&quot;, [superClass1, superClass2], { \r\n    foo: function(){ ... } \r\n    bar: function(){ ... } \r\n}); \r\n\r\nJSDoc (or at least JSDoc toolkit) supports this via annotations: \r\n\r\n/** \r\n * @name MyClass \r\n * @class \r\n * @extends superClass1 \r\n * @extends superClass2 \r\n */ \r\ndojo.declare(&quot;MyClass&quot;, [superClass1, superClass2], /** @lends \r\nMyClass.prototype */ { \r\n    foo: function(){ ... } \r\n    bar: function(){ ... } \r\n}); \r\n\r\nThe @lends keyword in particular is useful since it tells JSDoc that foo and bar are part of MyClass's prototype.   But closure compiler isn't picking up on that, thus I get a bunch of errors about &quot;dangerous use of this&quot; inside of foo() and bar(). \r\n\r\nSo, can @lends support be added to the closure compiler?\r\n\r\nThe workaround is to use @this on every method, but not sure if that is sufficient to make advanced mode compilation work correctly.",
    "desc_source": "google"
  },
  "Closure_92": {
    "description": "bug with implicit namespaces across modules\nIf there are three modules, the latter two of which depend on the root module:\r\n\r\n// Module A\r\ngoog.provide('apps');\r\n\r\n// Module B\r\ngoog.provide('apps.foo.bar.B');\r\n\r\n// Module C\r\ngoog.provide('apps.foo.bar.C');\r\n\r\nand this is compiled in SIMPLE_OPTIMIZATIONS mode, the following code will be produced:\r\n\r\n// Module A\r\nvar apps={};apps.foo.bar={};apps.foo={};\r\n\r\n// Module B\r\napps.foo.bar.B={};\r\n\r\n// Module C\r\napps.foo.bar.C={};\r\n\r\nThis will result in a runtime error in Module A because apps.foo.bar is assigned before apps.foo.\r\n\r\nThe patch for the fix (with regression test) is available at:\r\nhttp://codereview.appspot.com/2416041",
    "desc_source": "google"
  },
  "Closure_94": {
    "description": "closure-compiler @define annotation does not allow line to be split on 80 characters.\n<b>What steps will reproduce the problem?</b>\n1.  Create a JavaScript file with the followiing:\r\n/** @define {string} */\r\nvar CONSTANT = &quot;some very long string name that I want to wrap &quot; +\r\n               &quot;and so break using a + since I don't want to &quot; +\r\n               &quot;introduce a newline into the string.&quot;\r\n2.  Run closure-compiler on the .js file.\r\n3.  See it generate an error on the '+'.\r\n\r\n<b>What is the expected output? What do you see instead?</b>\nIt should work, since the line is assigning a constant value to the var.\r\n\r\n<b>Please provide any additional information below.</b>\nRemoving the '+' and making the string all one line does work correctly.",
    "desc_source": "google"
  },
  "Closure_95": {
    "description": "Use @public tag to prevent compression of symbol names\nGiven this input code:\r\n\r\n\tGlow = {};\r\n\t/** @public */ Glow.versions = [1,2,3];\r\n\tGlow.showVersions = function() { alert(Glow.versions); }\r\n\t\r\n\t// exports\r\n\twindow['Glow'] = Glow;\r\n\tGlow['versions'] = Glow.versions;\r\n\tGlow['showVersions'] = Glow.showVersions;\r\n\r\nThe compiler (with ADVANCED_OPTIMIZATIONS on) will produce the following\r\noutput code:\r\n\r\n\tGlow = {};\r\n\tGlow.a = [1, 2, 3];\r\n\tGlow.b = function() { alert(Glow.a) };\r\n\twindow.Glow = Glow;\r\n\tGlow.versions = Glow.a;\r\n\tGlow.showVersions = Glow.b\r\n\r\nFrom outside the Glow library, a user may do the following (in their own,\r\nuncompressed code):\r\n\r\n\tGlow.versions = [4,5,6];\r\n\tGlow.showVersions();\r\n\r\nOnly in the compiled code will the user-code produces &quot;1,2,3&quot; instead of\r\nthe expected &quot;4,5,6&quot;. This is because the compiler renamed the reference to\r\n[1,2,3] in `showVersions()` to &quot;Glow.a&quot;, whilst the user assigned a new\r\narray to &quot;Glow.versions&quot;, and therefore the two different names now refer\r\nto two different arrays.\r\n\r\nI can avoid this by using the stringy-name to refer to Glow[&quot;versions&quot;],\r\nbut I would then have to do that everywhere in my code which is a annoying\r\nand bug-prone (if I or someone else should ever forget). I'd prefer to tell\r\nthe compiler once about my wish to have a property name left uncompresed,\r\nrather than relying on a side effect (the fact that the compiler won't\r\ncompress stringy-named properties) and then having to invoke that\r\nside-effect consistently everywhere.\r\n\r\nInstead I'm requesting that when the compiler sees a property is marked by\r\nthe author as @public it should then leave that name uncompressed everywhere.\r\n\r\nSo, given the input code above, the desired output would be:\r\n\r\n\tGlow = {};\r\n\tGlow.versions = [1, 2, 3];\r\n\tGlow.b = function() { alert(Glow.versions) };\r\n\twindow.Glow = Glow;\r\n\tGlow.versions = Glow.versions; // not needed now\r\n\tGlow.showVersions = Glow.b\r\n\r\nI'm not fixed on a particular tag, but @public seems an obvious choice, and\r\nI'd prefer to use tags that already exist in JsDoc Toolkit.\r\n\r\nNote that my proposed feature is different than the `@export Glow.versions`\r\ntag proposal, as that tag would merely be a shortcut for &quot;Glow['versions']\r\n= Glow.versions;&quot;, which, as I've shown above, doesn't solve this problem.",
    "desc_source": "google"
  },
  "Closure_96": {
    "description": "Missing type-checks for var_args notation\n<b>What steps will reproduce the problem?</b>\n1. Compile this:\r\n//-------------------------------------\r\n// ==ClosureCompiler==\r\n// @compilation_level SIMPLE_OPTIMIZATIONS\r\n// @warning_level VERBOSE\r\n// @output_file_name default.js\r\n// @formatting pretty_print\r\n// ==/ClosureCompiler==\r\n\r\n/**\r\n* @param {...string} var_args\r\n*/\r\nfunction foo(var_args) {\r\n    return arguments.length;\r\n}\r\n\r\nfoo('hello'); // no warning - ok\r\nfoo(123); // warning - ok\r\nfoo('hello', 123); // no warning! error.\r\n//-------------------------------------\r\n\r\n<b>What is the expected output? What do you see instead?</b>\nShould get a type-mismatch warning for the second parameter in the third foo() call.\r\n\r\n<b>What version of the product are you using? On what operating system?</b>\nBoth online compiler and the 20100616 release.\r\n\r\n<b>Please provide any additional information below.</b>\nSeems like the type-checker treats 'var_args' as a single param and thus fails to type check the subsequent parameters.\r\n\r\n// Fredrik",
    "desc_source": "google"
  },
  "Closure_97": {
    "description": "Unsigned Shift Right (>>>) bug operating on negative numbers\n<b>What steps will reproduce the problem?</b>\ni = -1 &gt;&gt;&gt; 0 ;\r\n\r\n<b>What is the expected output? What do you see instead?</b>\nExpected: i = -1 &gt;&gt;&gt; 0 ;  // or // i = 4294967295 ;\r\nInstead: i = -1 ;\r\n\r\n<b>What version of the product are you using? On what operating system?</b>\nThe UI version as of 7/18/2001 (http://closure-compiler.appspot.com/home)\r\n\r\n<b>Please provide any additional information below.</b>\n-1 &gt;&gt;&gt; 0 == 4294967295 == Math.pow( 2, 32 ) - 1\r\nTest in any browser and/or See ECMA-262-5 11.7.3",
    "desc_source": "google"
  },
  "Closure_98": {
    "description": "bad variable inlining in closure\n// ==ClosureCompiler==\r\n// @compilation_level SIMPLE_OPTIMIZATIONS\r\n// @output_file_name default.js\r\n// @formatting pretty_print\r\n// ==/ClosureCompiler==\r\n\r\nfunction foo() {\r\n var arr = [1, 2, 3, 4, 5];\r\n for (var i = 0, l = arr.length; i &lt; l; i++) {\r\n   var j = arr[i];\r\n   (function() {\r\n     var k = j;\r\n     setTimeout(function() { console.log(k); }, 0);\r\n   })();\r\n }\r\n}\r\nfoo();\r\n\r\n&quot;k&quot; will get incorrectly inlined.",
    "desc_source": "google"
  },
  "Closure_99": {
    "description": "Prototypes declared with quotes produce a JSC_USED_GLOBAL_THIS warning.\nCompiling the following code (in advanced optimizations with VERBOSE\r\nwarning levels):\r\n\r\n/** @constructor */\r\nfunction MyClass() {}\r\nMyClass.prototype[&quot;MyMethod&quot;] = function(a) {\r\n  this.a = a;\r\n}\r\nwindow[&quot;MyClass&quot;] = MyClass;\r\n\r\nResults in the following warning: &quot;dangerous use of the global this\r\nobject.&quot; This notation is convenient to declare a prototype that is purely\r\nused for export purposes. The warning can be suppressed by using an @this\r\nnotation.\r\n\r\nGiven the following externs:\r\n\r\n/**@interface */\r\nfunction MyParent() {}\r\n/** @param {*} a */\r\nMyParent.prototype.MyMethod = function(a) {}\r\n\r\nAnd the following code:\r\n\r\n/**\r\n* @constructor\r\n* @implements {MyParent}\r\n*/\r\nfunction MyClass() {}\r\nMyClass.prototype[&quot;MyMethod&quot;] = function(a) {\r\n  this.a2 = a;\r\n}\r\nwindow[&quot;MyClass&quot;] = MyClass;\r\n\r\nThe compiler also produces the waring: &quot;property MyMethod on interface\r\nMyParent is not implemented by type MyClass&quot;.",
    "desc_source": "google"
  },
  "Closure_100": {
    "description": "Only assignment to \"this\" issues a \"dangerous use of the global this object\" warning.\n<b>What steps will reproduce the problem?</b>\n1. Compile this:\r\n//////////////////////////////////////////\r\n// ==ClosureCompiler==\r\n// @compilation_level ADVANCED_OPTIMIZATIONS\r\n// @output_file_name default.js\r\n// ==/ClosureCompiler==\r\n\r\n/** @constructor */\r\nfunction Foo()\r\n{\r\n    this._bar = null;\r\n};\r\n\r\n/** @this {Foo} */\r\nfunction writeMethodWithAnnotation()\r\n{\r\n   this._bar = 123; // no warning. ok\r\n}\r\n\r\n/** @this {Foo} */\r\nfunction readMethodWithAnnotation()\r\n{\r\n   return this._bar; // no warning. ok\r\n}\r\n\r\n//----\r\n\r\nfunction writeMethodWithoutAnnotation()\r\n{\r\n   this._bar = 123; // warning. ok.\r\n}\r\n\r\nfunction readMethodWithoutAnnotation()\r\n{\r\n   return this._bar; // &lt;- No warning!\r\n}\r\n//////////////////////////////////////////\r\n\r\n<b>What is the expected output? What do you see instead?</b>\n- Should get two &quot;dangerous use of the global this object&quot; warnings in the \r\nreadMethodWithAnnotation and writeMethodWithoutAnnotation functions.\r\n- Only writeMethodWithoutAnnotation warns.\r\n\r\n<b>What version of the product are you using? On what operating system?</b>\nBoth 20100330 and online compiler.\r\n\r\n<b>Please provide any additional information below.</b>\nref: http://code.google.com/closure/compiler/docs/js-for-compiler.html \r\n&quot;To prevent compiler warnings, you must use a @this annotation whenever \r\nthis appears in a function that is neither a prototype method nor a \r\nfunction marked as a @constructor.&quot;\r\n\r\nThis also means the example code in the docs won't trig a warning.\r\n-----\r\n/**\r\n * Returns the roster widget element.\r\n * @this {Widget} &lt;-- currently this doesn't matter\r\n * @return {Element}\r\n */\r\nfunction() {\r\n  return this.getComponent().getElement();\r\n});\r\n------\r\n\r\n// Fredrik",
    "desc_source": "google"
  },
  "Closure_101": {
    "description": "--process_closure_primitives can't be set to false\n<b>What steps will reproduce the problem?</b>\n1. compile a file with &quot;--process_closure_primitives false&quot;\r\n2. compile a file with &quot;--process_closure_primitives true&quot; (default)\r\n3. result: primitives are processed in both cases.\r\n\r\n<b>What is the expected output? What do you see instead?</b>\nThe file should still have its goog.provide/require tags in place.\r\nInstead they are processed.\r\n\r\n<b>What version of the product are you using? On what operating system?</b>\ncurrent SVN (also tried two of the preceding binary releases with same \r\nresult)\r\n\r\n<b>Please provide any additional information below.</b>\nFlag can't be set to false due to a missing &quot;else&quot; in the command-line \r\nparser.",
    "desc_source": "google"
  },
  "Closure_102": {
    "description": "compiler assumes that 'arguments' can be shadowed\nThe code:\r\nfunction name() {\r\n   var arguments = Array.prototype.slice.call(arguments, 0);\r\n}\r\n\r\ngets compiled to:\r\nfunction name(){ var c=Array.prototype.slice.call(c,0); }\r\n\r\nThanks to tescosquirrel for the report.",
    "desc_source": "google"
  },
  "Closure_103": {
    "description": "Compiler gives false error with respect to unreachable code\nTry compiling the following in the Closure Compiler UI:\r\n\r\n// ==ClosureCompiler==\r\n// @compilation_level SIMPLE_OPTIMIZATIONS\r\n// @output_file_name default.js\r\n// ==/ClosureCompiler==\r\n\r\nfunction instanceOf(value, type) {\r\n  try {\r\n    // first try built-in test -- if it succeeds, we're golden.\r\n    if (value instanceof type) {\r\n      return true;\r\n    }\r\n  } catch (exception) {\r\n    if (exception instanceof TypeError) {\r\n      throw exception; // indicates that &quot;type&quot; is not a type\r\n    }\r\n    // Otherwise, assume the exception was caused by \r\n    // the Firefox 1.0.3 bug.  Work around it.\r\n    return (type === Object);\r\n  }\r\n}\r\n\r\nThe Compiler issues the following warning:\r\n\r\nJSC_UNREACHABLE_CODE: unreachable code at line 7 character 0\r\n  } catch (exception) {\r\n\r\nThis code is from a Firefox extension (Chickenfoot) where (at least\r\nhistorically) calling instanceof in this manner could throw a security\r\nexception (or something else, I forget what -- Chickenfoot has been around\r\nsince Firefox 1.0) which is why the catch blocks is there and is indeed\r\nreachable.",
    "desc_source": "google"
  },
  "Closure_104": {
    "description": "Typos in externs/html5.js\nLine 354:\r\nCanvasRenderingContext2D.prototype.globalCompositingOperation;\r\n\r\nLine 366:\r\nCanvasRenderingContext2D.prototype.mitreLimit;\r\n\r\nThey should be globalCompositeOperation and miterLimit, respectively.",
    "desc_source": "google"
  },
  "Closure_105": {
    "description": "Array Join Munged Incorrectly\n$.fn.hasClass = function(selector) {\r\n\treturn ( this.length &gt; 0 ? \r\n\t\t\t\t!( ( ['', this[0].className, ''].join(' ') ).indexOf( ['', selector, \r\n''].join(' ') ) == -1 )\r\n\t\t\t\t: false );\r\n};\r\n\r\nmunges into\r\n\r\n$.fn.hasClass=function(a){return this.length&gt;0?\r\n(&quot;&quot;+this[0].className).indexOf(&quot;&quot;+a)!=-1:false};\r\n\r\nwhich is not identical. Looks like there might be an issue with join and ' '.",
    "desc_source": "google"
  },
  "Closure_106": {
    "description": "Exception thrown from com.google.javascript.jscomp.CollapseProperties.addStubsForUndeclaredProperties\nThe attached javascript file results in a Java exception being thrown when compiling with ADVANCED_OPTIMIZATIONS\r\n\r\n[~/Projects/Music Theory/trunk] # java -jar ./ext/closure-compiler/compiler.jar --js /tmp/musictheory.net/v2/js/core.js --compilation_level \r\nADVANCED_OPTIMIZATIONS\r\njava.lang.RuntimeException: java.lang.IllegalArgumentException\r\n\tat com.google.javascript.jscomp.Compiler.runInCompilerThread(Unknown Source)\r\n\tat com.google.javascript.jscomp.Compiler.compile(Unknown Source)\r\n\tat com.google.javascript.jscomp.Compiler.compile(Unknown Source)\r\n\tat com.google.javascript.jscomp.AbstractCompilerRunner.doRun(Unknown Source)\r\n\tat com.google.javascript.jscomp.AbstractCompilerRunner.run(Unknown Source)\r\n\tat com.google.javascript.jscomp.CompilerRunner.main(Unknown Source)\r\nCaused by: java.lang.IllegalArgumentException\r\n\tat com.google.common.base.Preconditions.checkArgument(Preconditions.java:71)\r\n\tat com.google.javascript.jscomp.CollapseProperties.addStubsForUndeclaredProperties(Unknown Source)\r\n\tat com.google.javascript.jscomp.CollapseProperties.updateObjLitOrFunctionDeclarationAtAssignNode(Unknown Source)\r\n\tat com.google.javascript.jscomp.CollapseProperties.updateObjLitOrFunctionDeclaration(Unknown Source)\r\n\tat com.google.javascript.jscomp.CollapseProperties.collapseDeclarationOfNameAndDescendants(Unknown Source)\r\n\tat com.google.javascript.jscomp.CollapseProperties.collapseDeclarationOfNameAndDescendants(Unknown Source)\r\n\tat com.google.javascript.jscomp.CollapseProperties.collapseDeclarationOfNameAndDescendants(Unknown Source)\r\n\tat com.google.javascript.jscomp.CollapseProperties.collapseDeclarationOfNameAndDescendants(Unknown Source)\r\n\tat com.google.javascript.jscomp.CollapseProperties.process(Unknown Source)\r\n\tat com.google.javascript.jscomp.PhaseOptimizer$PassFactoryDelegate.processInternal(Unknown Source)\r\n\tat com.google.javascript.jscomp.PhaseOptimizer$NamedPass.process(Unknown Source)\r\n\tat com.google.javascript.jscomp.PhaseOptimizer.process(Unknown Source)\r\n\tat com.google.javascript.jscomp.Compiler.optimize(Unknown Source)\r\n\tat com.google.javascript.jscomp.Compiler.compileInternal(Unknown Source)\r\n\tat com.google.javascript.jscomp.Compiler.access$000(Unknown Source)\r\n\tat com.google.javascript.jscomp.Compiler$1.call(Unknown Source)\r\n\tat com.google.javascript.jscomp.Compiler$1.call(Unknown Source)\r\n\tat com.google.javascript.jscomp.Compiler$2.run(Unknown Source)\r\n\tat java.lang.Thread.run(Thread.java:637)\r\n\r\nI'm guessing that I did something wrong in my script which adds the goog.exportSymbol() calls, but it probably should give me a nice warning or error instead \r\nof throwing a Java exception ;)",
    "desc_source": "google"
  },
  "Closure_107": {
    "description": "Variable names prefixed with MSG_ cause error with advanced optimizations\nVariables named something with MSG_ seem to cause problems with the module system, even if no modules are used in the code.\r\n\r\n$ echo &quot;var MSG_foo='bar'&quot; | closure --compilation_level ADVANCED_OPTIMIZATIONS\r\nstdin:1: ERROR - message not initialized using goog.getMsg\r\nvar MSG_foo='bar'\r\n    ^\r\n\r\nIt works fine with msg_foo, MSG2_foo, etc.",
    "desc_source": "google"
  },
  "Closure_108": {
    "description": "precondition crash: goog.scope local with aliased in the type declaration\nvar goog = {};\r\ngoog.scope;\r\n\r\nvar ns = {};\r\nns.sub = {};\r\n/** @constructor */\r\nns.sub.C = function() {};\r\n\r\n\r\ngoog.scope(function() {\r\n  var sub = ns.sub;\r\n  /** @type {sub.C} */\r\n  var x = null;\r\n});\r\n\r\n\r\nproduces:\r\n\r\njava.lang.IllegalStateException at com.google.common.base.Preconditions.checkState(Preconditions.java:137) at com.google.javascript.jscomp.ScopedAliases$AliasedTypeNode.applyAlias(ScopedAliases.java:236) at com.google.javascript.jscomp.ScopedAliases.hotSwapScript(ScopedAliases.java:147) at com.google.javascript.jscomp.ScopedAliases.process(ScopedAliases.java:128) at",
    "desc_source": "google"
  },
  "Closure_109": {
    "description": "Constructor types that return all or unknown fail to parse\nConstructor types that return the all type or the unknown type currently fail to parse:\r\n\r\n/** @type {function(new:?)} */ var foo = function() {};\r\n/** @type {function(new:*)} */ var bar = function() {};\r\n\r\nfoo.js:1: ERROR - Bad type annotation. type not recognized due to syntax error\r\n/** @type {function(new:?)} */ var foo = function() {};\r\n                        ^\r\n\r\nfoo.js:2: ERROR - Bad type annotation. type not recognized due to syntax error\r\n/** @type {function(new:*)} */ var bar = function() {};\r\n                        ^\r\n\r\nThis is an issue for a code generator that I'm working on.",
    "desc_source": "google"
  },
  "Closure_110": {
    "description": "Allow @private top-level functions in goog.scope\n<b>What steps will reproduce the problem?</b>\n\r\n<b>1.</b>\ngoog.scope(function() {\r\n    /* @private */\r\n    function test() {}\r\n});\r\n\r\n<b>2.</b>\nThe code above gives an error &quot;The local variable test is in a goog.scope and is not an alias.&quot;\r\n\r\nWhat is the expected output?\r\n\r\nThe code above should compile, and function test() be referenceable only from inside the file in question. If I replace &quot;function test&quot; with &quot;var test = function&quot;, the code compiles.",
    "desc_source": "google"
  },
  "Closure_111": {
    "description": "goog.isArray doesn't hint compiler\n<b>What steps will reproduce the problem?</b>\n<b>1.</b>\n\r\n/**\r\n * @param {*} object\r\n * @return {*}\r\n */\r\nvar test = function(object) {\r\n  if (goog.isArray(object)) {\r\n    /** @type {Array} */ var x = object;\r\n    return x;\r\n  }\r\n};\r\n\r\n2. ADVANCED_OPTIMIZATIONS\r\n\r\n<b>What is the expected output? What do you see instead?</b>\n\r\nERROR - initializing variable\r\nfound   : *\r\nrequired: (Array|null)\r\n    /** @type {Array} */ var x = object;\r\n                                 ^\r\n<b>What version of the product are you using? On what operating system?</b>\n\r\nClosure Compiler (http://code.google.com/closure/compiler)\r\nVersion: v20130411-90-g4e19b4e\r\nBuilt on: 2013/06/03 12:07\r\n\r\n<b>Please provide any additional information below.</b>\n\r\ngoog.is* is supposed to help the compiler to check which type we're dealing with.",
    "desc_source": "google"
  },
  "Closure_112": {
    "description": "Template types on methods incorrectly trigger inference of a template on the class if that template type is unknown\nSee i.e.\r\n\r\n\r\n\r\n/**\r\n  * @constructor\r\n  * @template CLASS\r\n  */\r\nvar Class = function() {};\r\n\r\n/**\r\n  * @param {function(CLASS):CLASS} a\r\n  * @template T\r\n  */\r\nClass.prototype.foo = function(a) {\r\n  return 'string';\r\n};\r\n\r\n/** @param {number} a\r\n  * @return {string} */\r\nvar a = function(a) { return '' };\r\n\r\nnew Class().foo(a);\r\n\r\n\r\nThe CLASS type is never specified. If the @template T line is removed from the foo method, the block compiles with but with the @annotation on the method, the compiler seems to try to infer CLASS from the usage and fails compilation.",
    "desc_source": "google"
  },
  "Closure_113": {
    "description": "Bug in require calls processing\nThe Problem\r\n\r\nProcessClosurePrimitives pass has a bug in processRequireCall method.\r\nThe method processes goog.require calls. If a require symbol is invalid i.e is not provided anywhere, the method collects it for further error reporting. If the require symbol is valid, the method removes it from the ast.\r\n\r\nAll invalid require calls must be left for further using/checking of the code! The related comment in the code confirms this.\r\n\r\nNevertheless, the second condition (requiresLevel.isOn() -&gt; see source code) is invalid and always causes removing of the requires when we want to check these requires.\r\n\r\nIn any case, the method should not use the requiresLevel to decide if we need removing. The requiresLevel should be used to check if we need error reporting. \r\n\r\nThe Solution\r\n\r\nRemove the condition.\r\nPlease see the attached patch.",
    "desc_source": "google"
  },
  "Closure_114": {
    "description": "Crash on the web closure compiler\nWith the web application (http://closure-compiler.appspot.com/home)\r\n\r\nConfig:\r\n\r\n// ==ClosureCompiler==\r\n// @output_file_name default.js\r\n// @compilation_level ADVANCED_OPTIMIZATIONS\r\n// ==/ClosureCompiler==\r\n\r\n\r\nCode:\r\n\r\nvar g=function(m){return m*Math.random()|0},d=document,h=d.getElementById('h'),c=d.getElementById('c'),l;\r\n(l=function(){requestAnimationFrame(l);h.style.textShadow=&quot;0 0 1px #000,&quot;+(g(10)-5)+&quot;px &quot;+(g(10)-5)+&quot;px 0 #888,0 0 180px rgb(&quot;+g(255)+&quot;,&quot;+g(255)+&quot;,&quot;+g(255)+&quot;)&quot;})();\r\nd.addEventListener('mousemove',function(v){c.style.marginTop=(v.pageY/10+15|0)+'px'})\r\n\r\n\r\nCause:\r\n\r\nvar l; // D\u00e9clare l variable\r\n\r\n// Store function in l var and call\r\n(l = function(){ ... })       ();\r\n\r\n\r\nCrash repport: (long)\r\n\r\n23: java.lang.RuntimeException: INTERNAL COMPILER ERROR.\r\nPlease report this problem.\r\nUnexpected variable l\r\n  Node(NAME l): Input_0:2:36\r\n(l=function(){requestAnimationFrame(l);h.style.textShadow=&quot;0 0 1px #000,&quot;+(g(10)-5)+&quot;px &quot;+(g(10)-5)+&quot;px 0 #888,0 0 180px rgb(&quot;+g(255)+&quot;,&quot;+g(255)+&quot;,&quot;+g(255)+&quot;)&quot;})();\r\n  Parent(CALL): Input_0:2:14\r\n(l=function(){requestAnimationFrame(l);h.style.textShadow=&quot;0 0 1px #000,&quot;+(g(10)-5)+&quot;px &quot;+(g(10)-5)+&quot;px 0 #888,0 0 180px rgb(&quot;+g(255)+&quot;,&quot;+g(255)+&quot;,&quot;+g(255)+&quot;)&quot;})();\r\n\r\n\tat com.google.javascript.jscomp.VarCheck.visit(VarCheck.java:159)\r\n\tat com.google.javascript.jscomp.NodeTraversal.traverseBranch(NodeTraversal.java:544)\r\n\tat com.google.javascript.jscomp.NodeTraversal.traverseBranch(NodeTraversal.java:538)\r\n\tat com.google.javascript.jscomp.NodeTraversal.traverseBranch(NodeTraversal.java:538)\r\n\tat com.google.javascript.jscomp.NodeTraversal.traverseBranch(NodeTraversal.java:538)\r\n\tat com.google.javascript.jscomp.NodeTraversal.traverseBranch(NodeTraversal.java:538)\r\n\tat com.google.javascript.jscomp.NodeTraversal.traverseRoots(NodeTraversal.java:318)\r\n\tat com.google.javascript.jscomp.NodeTraversal.traverseRoots(NodeTraversal.java:507)\r\n\tat com.google.javascript.jscomp.VarCheck.process(VarCheck.java:102)\r\n\tat com.google.javascript.jscomp.PhaseOptimizer$NamedPass.process(PhaseOptimizer.java:271)\r\n\tat com.google.javascript.jscomp.PhaseOptimizer.process(PhaseOptimizer.java:215)\r\n\tat com.google.javascript.jscomp.Compiler.optimize(Compiler.java:1918)\r\n\tat com.google.javascript.jscomp.Compiler.compileInternal(Compiler.java:751)\r\n\tat com.google.javascript.jscomp.Compiler.access$000(Compiler.java:85)\r\n\tat com.google.javascript.jscomp.Compiler$2.call(Compiler.java:652)\r\n\tat com.google.javascript.jscomp.Compiler$2.call(Compiler.java:649)\r\n\tat com.google.javascript.jscomp.Compiler.runInCompilerThread(Compiler.java:709)\r\n\tat com.google.javascript.jscomp.Compiler.compile(Compiler.java:649)\r\n\tat com.google.javascript.jscomp.Compiler.compile(Compiler.java:605)\r\n\tat com.google.javascript.jscomp.webservice.backend.CompilerInvokerImpl.compile(CompilerInvokerImpl.java:47)\r\n\tat com.google.javascript.jscomp.webservice.backend.ServerController.executeRequest(ServerController.java:174)\r\n\tat com.google.javascript.jscomp.webservice.backend.CompilationRequestHandler.serviceParsedRequest(CompilationRequestHandler.java:180)\r\n\tat com.google.javascript.jscomp.webservice.backend.CompilationRequestHandler.service(CompilationRequestHandler.java:162)\r\n\tat com.google.javascript.jscomp.webservice.frontend.CompilationServlet.doPost(CompilationServlet.java:83)\r\n\tat javax.servlet.http.HttpServlet.service(HttpServlet.java:637)\r\n\tat javax.servlet.http.HttpServlet.service(HttpServlet.java:717)\r\n\tat org.mortbay.jetty.servlet.ServletHolder.handle(ServletHolder.java:511)\r\n\tat org.mortbay.jetty.servlet.ServletHandler$CachedChain.doFilter(ServletHandler.java:1166)\r\n\tat com.google.apphosting.utils.servlet.ParseBlobUploadFilter.doFilter(ParseBlobUploadFilter.java:125)\r\n\tat org.mortbay.jetty.servlet.ServletHandler$CachedChain.doFilter(ServletHandler.java:1157)\r\n\tat com.google.apphosting.runtime.jetty.SaveSessionFilter.doFilter(SaveSessionFilter.java:35)\r\n\tat org.mortbay.jetty.servlet.ServletHandler$CachedChain.doFilter(ServletHandler.java:1157)\r\n\tat com.google.apphosting.utils.servlet.JdbcMySqlConnectionCleanupFilter.doFilter(JdbcMySqlConnectionCleanupFilter.java:60)\r\n\tat org.mortbay.jetty.servlet.ServletHandler$CachedChain.doFilter(ServletHandler.java:1157)\r\n\tat com.google.apphosting.utils.servlet.TransactionCleanupFilter.doFilter(TransactionCleanupFilter.java:43)\r\n\tat org.mortbay.jetty.servlet.ServletHandler$CachedChain.doFilter(ServletHandler.java:1157)\r\n\tat org.mortbay.jetty.servlet.ServletHandler.handle(ServletHandler.java:388)\r\n\tat org.mortbay.jetty.security.SecurityHandler.handle(SecurityHandler.java:216)\r\n\tat org.mortbay.jetty.servlet.SessionHandler.handle(SessionHandler.java:182)\r\n\tat org.mortbay.jetty.handler.ContextHandler.handle(ContextHandler.java:765)\r\n\tat org.mortbay.jetty.webapp.WebAppContext.handle(WebAppContext.java:418)\r\n\tat com.google.apphosting.runtime.jetty.AppVersionHandlerMap.handle(AppVersionHandlerMap.java:266)\r\n\tat org.mortbay.jetty.handler.HandlerWrapper.handle(HandlerWrapper.java:152)\r\n\tat org.mortbay.jetty.Server.handle(Server.java:326)\r\n\tat org.mortbay.jetty.HttpConnection.handleRequest(HttpConnection.java:542)\r\n\tat org.mortbay.jetty.HttpConnection$RequestHandler.headerComplete(HttpConnection.java:923)\r\n\tat com.google.apphosting.runtime.jetty.RpcRequestParser.parseAvailable(RpcRequestParser.java:76)\r\n\tat org.mortbay.jetty.HttpConnection.handle(HttpConnection.java:404)\r\n\tat com.google.apphosting.runtime.jetty.JettyServletEngineAdapter.serviceRequest(JettyServletEngineAdapter.java:146)\r\n\tat com.google.apphosting.runtime.JavaRuntime$RequestRunnable.run(JavaRuntime.java:439)\r\n\tat com.google.tracing.TraceContext$TraceContextRunnable.runInContext(TraceContext.java:435)\r\n\tat com.google.tracing.TraceContext$TraceContextRunnable$1.run(TraceContext.java:442)\r\n\tat com.google.tracing.CurrentContext.runInContext(CurrentContext.java:186)\r\n\tat com.google.tracing.TraceContext$AbstractTraceContextCallback.runInInheritedContextNoUnref(TraceContext.java:306)\r\n\tat com.google.tracing.TraceContext$AbstractTraceContextCallback.runInInheritedContext(TraceContext.java:298)\r\n\tat com.google.tracing.TraceContext$TraceContextRunnable.run(TraceContext.java:439)\r\n\tat com.google.apphosting.runtime.ThreadGroupPool$PoolEntry.run(ThreadGroupPool.java:251)\r\n\tat java.lang.Thread.run(Thread.java:722)\r\nCaused by: java.lang.IllegalStateException: Unexpected variable l\r\n\t... 58 more\r\n\r\nOriginal Post Data: \r\noutput_format=json&amp;output_info=compiled_code&amp;output_info=warnings&amp;output_info=errors&amp;output_info=statistics&amp;compilation_level=ADVANCED_OPTIMIZATIONS&amp;warning_level=verbose&amp;output_file_name=default.js&amp;js_code=var%20g%3Dfunction(m)%7Breturn%20m*Math.random()%7C0%7D%2Cd%3Ddocument%2Ch%3Dd.getElementById('h')%2Cc%3Dd.getElementById('c')%2Cl%3B%0A(l%3Dfunction()%7BrequestAnimationFrame(l)%3Bh.style.textShadow%3D%220%200%201px%20%23000%2C%22%2B(g(10)-5)%2B%22px%20%22%2B(g(10)-5)%2B%22px%200%20%23888%2C0%200%20180px%20rgb(%22%2Bg(255)%2B%22%2C%22%2Bg(255)%2B%22%2C%22%2Bg(255)%2B%22)%22%7D)()%3B%0Ad.addEventListener('mousemove'%2Cfunction(v)%7Bc.style.marginTop%3D(v.pageY%2F10%2B15%7C0)%2B'px'%7D)",
    "desc_source": "google"
  },
  "Closure_115": {
    "description": "Erroneous optimization in ADVANCED_OPTIMIZATIONS mode\n<b>What steps will reproduce the problem?</b>\n\r\n1. Create a file input.js with the following &quot;minimal&quot; test case:\r\n\r\n    window[&quot;anchor&quot;] = function (obj, modifiesProp) {\r\n        return (function (saved) {\r\n            return modifiesProp(obj) + saved;\r\n        })(obj[&quot;prop&quot;]);\r\n    }\r\n\r\n2. Compile it with:\r\n\r\n    java -jar .../build/compiler.jar                    \\\r\n        --compilation_level ADVANCED_OPTIMIZATIONS      \\\r\n        --warning_level VERBOSE                         \\\r\n        --externs window.js                             \\\r\n        --js input.js                                   \\\r\n        --js_output_file output.js\r\n\r\n3. That's all!\r\n\r\nWhat is the expected output?\r\n\r\n    window.foo=function(a,b){var HOLD=a.prop;return b(a)+HOLD};\r\n\r\nWhat do you see instead?\r\n\r\n    window.foo=function(a,b){return b(a)+a.prop};\r\n\r\nNote how this is semantically very different if modifiesProp/b (whose\r\nsemantics are unknown to the compiler) side-effects a.prop.\r\n\r\nThe evaluation order of + is well-defined in EcmaScript 5, but even\r\nthen, this happens even if one substitutes the , (comma) operator.\r\n\r\n<b>What version of the product are you using? On what operating system?</b>\n\r\nGit HEAD\r\n\r\n    commit 4a62ee4bca02169dd77a6f26ed64a624b3f05f95\r\n    Author: Chad Killingsworth &lt;chadkillingsworth@missouristate.edu&gt;\r\n    Date:   Wed Sep 25 14:52:28 2013 -0500\r\n    \r\n        Add history.state to html5 externs\r\n\r\non Linux.",
    "desc_source": "google"
  },
  "Closure_116": {
    "description": "Erroneous optimization in ADVANCED_OPTIMIZATIONS mode\n<b>What steps will reproduce the problem?</b>\n\r\n1. Create a file input.js with the following &quot;minimal&quot; test case:\r\n\r\n    window[&quot;anchor&quot;] = function (obj, modifiesProp) {\r\n        return (function (saved) {\r\n            return modifiesProp(obj) + saved;\r\n        })(obj[&quot;prop&quot;]);\r\n    }\r\n\r\n2. Compile it with:\r\n\r\n    java -jar .../build/compiler.jar                    \\\r\n        --compilation_level ADVANCED_OPTIMIZATIONS      \\\r\n        --warning_level VERBOSE                         \\\r\n        --externs window.js                             \\\r\n        --js input.js                                   \\\r\n        --js_output_file output.js\r\n\r\n3. That's all!\r\n\r\nWhat is the expected output?\r\n\r\n    window.foo=function(a,b){var HOLD=a.prop;return b(a)+HOLD};\r\n\r\nWhat do you see instead?\r\n\r\n    window.foo=function(a,b){return b(a)+a.prop};\r\n\r\nNote how this is semantically very different if modifiesProp/b (whose\r\nsemantics are unknown to the compiler) side-effects a.prop.\r\n\r\nThe evaluation order of + is well-defined in EcmaScript 5, but even\r\nthen, this happens even if one substitutes the , (comma) operator.\r\n\r\n<b>What version of the product are you using? On what operating system?</b>\n\r\nGit HEAD\r\n\r\n    commit 4a62ee4bca02169dd77a6f26ed64a624b3f05f95\r\n    Author: Chad Killingsworth &lt;chadkillingsworth@missouristate.edu&gt;\r\n    Date:   Wed Sep 25 14:52:28 2013 -0500\r\n    \r\n        Add history.state to html5 externs\r\n\r\non Linux.",
    "desc_source": "google"
  },
  "Closure_117": {
    "description": "Wrong type name reported on missing property error.\n/**\r\n * @constructor\r\n */\r\nfunction C2() {}\r\n\r\n/**\r\n * @constructor\r\n */\r\nfunction C3(c2) {\r\n  /**\r\n   * @type {C2} \r\n   * @private\r\n   */\r\n  this.c2_;\r\n\r\n  use(this.c2_.prop);\r\n}\r\n\r\nProduces:\r\n\r\nProperty prop never defined on C3.c2_\r\n\r\nBut should be:\r\n\r\nProperty prop never defined on C2",
    "desc_source": "google"
  },
  "Closure_118": {
    "description": "Prototype method incorrectly removed\n// ==ClosureCompiler==\r\n// @compilation_level ADVANCED_OPTIMIZATIONS\r\n// @output_file_name default.js\r\n// @formatting pretty_print\r\n// ==/ClosureCompiler==\r\n\r\n/** @const */\r\nvar foo = {};\r\nfoo.bar = {\r\n  'bar1': function() { console.log('bar1'); }\r\n}\r\n\r\n/** @constructor */\r\nfunction foobar() {}\r\nfoobar.prototype = foo.bar;\r\n\r\nfoo.foobar = new foobar;\r\n\r\nconsole.log(foo.foobar['bar1']);",
    "desc_source": "google"
  },
  "Closure_119": {
    "description": "catch(e) yields JSC_UNDEFINED_NAME warning when e is used in catch in advanced mode\n<b>What steps will reproduce the problem?</b>\n1. set closure for advanced compilation\r\n2. compile this:\r\n// ==ClosureCompiler==\r\n// @compilation_level ADVANCED_OPTIMIZATIONS\r\n// @output_file_name default.js\r\n// ==/ClosureCompiler==\r\n\r\ntry {\r\nvar x = 5;\r\n}\r\ncatch(e) {\r\nvar s = &quot;FAIL&quot; + e.name + &quot;: &quot;+ e.message;\r\n}\r\n\r\n<b>What is the expected output? What do you see instead?</b>\nI expect no warning or error for this.  Instead I see this:\r\n\r\nJSC_UNREACHABLE_CODE: unreachable code at line 4 character 0\r\ncatch(e) {\r\n^\r\nJSC_UNDEFINED_NAME: e is never defined at line 5 character 17\r\nvar s = &quot;FAIL&quot; + e.name + &quot;: &quot;+ e.message;\r\n                 ^\r\nJSC_UNDEFINED_NAME: e is never defined at line 5 character 32\r\nvar s = &quot;FAIL&quot; + e.name + &quot;: &quot;+ e.message;\r\n                                ^\r\nIn my case I'm especially complaining about the JSC_UNDEFINED_NAME warning...  Also it seems the unreachable complaint isn't right, but i'm not sure.\r\n\r\n<b>What version of the product are you using? On what operating system?</b>\nI'm using this url: http://closure-compiler.appspot.com/home\r\nusing chrome browser on windows: Version 28.0.1500.95 m \r\n... but this is a server side error from what I see...\r\n\r\n<b>Please provide any additional information below.</b>",
    "desc_source": "google"
  },
  "Closure_120": {
    "description": "Overzealous optimization confuses variables\nThe following code:\r\n\r\n\t// ==ClosureCompiler==\r\n\t// @compilation_level ADVANCED_OPTIMIZATIONS\r\n\t// ==/ClosureCompiler==\r\n\tvar uid;\r\n\tfunction reset() {\r\n\t\tuid = Math.random();\r\n\t}\r\n\tfunction doStuff() {\r\n\t\treset();\r\n\t\tvar _uid = uid;\r\n\r\n\t\tif (uid &lt; 0.5) {\r\n\t\t\tdoStuff();\r\n\t\t}\r\n\r\n\t\tif (_uid !== uid) {\r\n\t\t\tthrow 'reset() was called';\r\n\t\t}\r\n\t}\r\n\tdoStuff();\r\n\r\n...gets optimized to:\r\n\r\n\tvar a;function b(){a=Math.random();0.5&gt;a&amp;&amp;b();if(a!==a)throw&quot;reset() was called&quot;;}b();\r\n\r\nNotice how _uid gets optimized away and (uid!==_uid) becomes (a!==a) even though doStuff() might have been called and uid's value may have changed and become different from _uid.\r\n\r\nAs an aside, replacing the declaration with &quot;var _uid = +uid;&quot; fixes it, as does adding an extra &quot;uid = _uid&quot; after &quot;var _uid = uid&quot;.",
    "desc_source": "google"
  },
  "Closure_121": {
    "description": "Overzealous optimization confuses variables\nThe following code:\r\n\r\n\t// ==ClosureCompiler==\r\n\t// @compilation_level ADVANCED_OPTIMIZATIONS\r\n\t// ==/ClosureCompiler==\r\n\tvar uid;\r\n\tfunction reset() {\r\n\t\tuid = Math.random();\r\n\t}\r\n\tfunction doStuff() {\r\n\t\treset();\r\n\t\tvar _uid = uid;\r\n\r\n\t\tif (uid &lt; 0.5) {\r\n\t\t\tdoStuff();\r\n\t\t}\r\n\r\n\t\tif (_uid !== uid) {\r\n\t\t\tthrow 'reset() was called';\r\n\t\t}\r\n\t}\r\n\tdoStuff();\r\n\r\n...gets optimized to:\r\n\r\n\tvar a;function b(){a=Math.random();0.5&gt;a&amp;&amp;b();if(a!==a)throw&quot;reset() was called&quot;;}b();\r\n\r\nNotice how _uid gets optimized away and (uid!==_uid) becomes (a!==a) even though doStuff() might have been called and uid's value may have changed and become different from _uid.\r\n\r\nAs an aside, replacing the declaration with &quot;var _uid = +uid;&quot; fixes it, as does adding an extra &quot;uid = _uid&quot; after &quot;var _uid = uid&quot;.",
    "desc_source": "google"
  },
  "Closure_122": {
    "description": "Inconsistent handling of non-JSDoc comments\n<b>What steps will reproduce the problem?</b>\n<b>1.</b>\n<b>2.</b>\n<b>3.</b>\n\r\n<b>What is the expected output? What do you see instead?</b>\n\r\nWhen given:\r\n\r\n    /* @preserve Foo License */\r\n    alert(&quot;foo&quot;);\r\n\r\nIt spits out:\r\n\r\n    stdin:1: WARNING - Parse error. Non-JSDoc comment has annotations. Did you mean to start it with '/**'?\r\n    /* @license Foo License */\r\n    ^\r\n    \r\n    0 error(s), 1 warning(s)\r\n    alert(&quot;foo&quot;);\r\n\r\nIf I take the suggestion and change the opening of the comment to '/**', everything is great.  However, if I change it to '/*!', the warning goes away, but it doesn't preserve the comment either.\r\n\r\nI expect it to print the above warning, or preserve the comment.  That it does neither when starting with &quot;/*!&quot; (and every other character I tried) is confusing.\r\n\r\n<b>What version of the product are you using? On what operating system?</b>\n\r\nTested with my compilation of the &quot;v20130603&quot; tag:\r\n\r\n    Closure Compiler (http://code.google.com/closure/compiler)\r\n    Version: v20130603\r\n    Built on: 2013/07/07 15:04\r\n\r\nAnd with the provided binary:\r\n\r\n    Closure Compiler (http://code.google.com/closure/compiler)\r\n    Version: v20130411-90-g4e19b4e\r\n    Built on: 2013/06/03 12:07\r\n\r\nI'm on Parabola GNU/Linux-libre with Java:\r\n\r\n    java version &quot;1.7.0_40&quot;\r\n    OpenJDK Runtime Environment (IcedTea 2.4.0) (ArchLinux build 7.u40_2.4.0-1-i686)\r\n    OpenJDK Server VM (build 24.0-b40, mixed mode)\r\n\r\n<b>Please provide any additional information below.</b>",
    "desc_source": "google"
  },
  "Closure_123": {
    "description": "Generates code with invalid for/in left-hand assignment\n<b>What steps will reproduce the problem?</b>\n1. Compile this:\r\n\r\nwindow.Foo = function(A, B, C, D) {\r\n  if ( A ) {                        \r\n    if ( B ) {\r\n      C = 0;\r\n    } else {\r\n      C = 0 in D;\r\n    }\r\n    while ( C-- ) {}\r\n  }\r\n}\r\n\r\n<b>What is the expected output? What do you see instead?</b>\n\r\nExpected: Something that doesn't have a syntax error, maybe\r\n\r\nwindow.Foo=function(b,c,a,d){if(b)for(a=c?0:(0 in d);a--;);};\r\n\r\nActual:\r\n\r\nwindow.Foo=function(b,c,a,d){if(b)for(a=c?0:0 in d;a--;);};\r\n\r\nSyntaxError: Unexpected token ; (Chrome)\r\ninvalid for/in left-hand side (Firefox)\r\n\r\n\r\n<b>What version of the product are you using? On what operating system?</b>\n\r\nhttp://closure-compiler.appspot.com/home\r\n\r\n\r\n<b>Please provide any additional information below.</b>\n\r\nI noticed this while attempting to minify jquery",
    "desc_source": "google"
  },
  "Closure_124": {
    "description": "Different output from RestAPI and command line jar\nWhen I compile using the jar file from the command line I get a result that is not correct. However, when I test it via the REST API or the Web UI I get a correct output. I've attached a file with the code that we are compiling.\r\n\r\n<b>What steps will reproduce the problem?</b>\n1. Compile the attached file with &quot;java -jar compiler.jar --js test.js&quot;\r\n2. Compile the content of the attached file on http://closure-compiler.appspot.com/home\r\n3. Compare the output, note how the following part is converted in the two cases:\r\n\r\n&quot;var foreignObject = gfx.parentNode.parentNode;\r\nvar parentContainer = foreignObject.parentNode.parentNode;&quot;\r\n\r\n<b>What is the expected output? What do you see instead?</b>\nThe Web UI converts the lines into: if(b){if(a=b.parentNode.parentNode,b=a.parentNode.parentNode,null!==b)\r\nThe command line converts it into: var b=a=a.parentNode.parentNode;\r\nThe Web UI results in correct code, the other results in code that tries to do &quot;c.appendChild(b)&quot; with c = b (c=a=a.parentNode.parentNode)\r\n\r\n<b>What version of the product are you using? On what operating system?</b>\ncompiler.jar: v20130411-90-g4e19b4e\r\nMac OSX 10.8.3\r\nJava: java 1.6.0_45\r\n\r\n<b>Please provide any additional information below.</b>\nWe are also using the compiler form within our java code, with the same result.\r\nWeb UI was called with:\r\n// ==ClosureCompiler==\r\n// @compilation_level SIMPLE_OPTIMIZATIONS\r\n// @output_file_name default.js\r\n// ==/ClosureCompiler==",
    "desc_source": "google"
  },
  "Closure_125": {
    "description": "IllegalStateException at com.google.javascript.rhino.jstype.FunctionType.getInstanceType\n&gt; What steps will reproduce the problem?\r\n1. Unpack attached test case.\r\n2. Ensure make, wget, unzip, and java are on your PATH\r\n3. make prep (or just set up the build manually, it's not complicated)\r\n4. make crash\r\n\r\n&gt; What is the expected output? What do you see instead?\r\nExpected output: either successful compilation, or a compilation error.\r\nActual output: \r\n$ java \\\r\n\t  -jar ./compiler.jar \\\r\n\t  --js crash.js \\\r\n\t  --warning_level=VERBOSE \\\r\n\t  --compilation_level=SIMPLE_OPTIMIZATIONS\r\njava.lang.RuntimeException: java.lang.IllegalStateException\r\n\tat com.google.javascript.jscomp.Compiler.runInCompilerThread(Compiler.java:715)\r\n\tat com.google.javascript.jscomp.Compiler.compile(Compiler.java:647)\r\n\tat com.google.javascript.jscomp.Compiler.compile(Compiler.java:603)\r\n\tat com.google.javascript.jscomp.AbstractCommandLineRunner.doRun(AbstractCommandLineRunner.java:783)\r\n\tat com.google.javascript.jscomp.AbstractCommandLineRunner.run(AbstractCommandLineRunner.java:379)\r\n\tat com.google.javascript.jscomp.CommandLineRunner.main(CommandLineRunner.java:972)\r\nCaused by: java.lang.IllegalStateException\r\n\tat com.google.common.base.Preconditions.checkState(Preconditions.java:133)\r\n\tat com.google.javascript.rhino.jstype.FunctionType.getInstanceType(FunctionType.java:1071)\r\n\tat com.google.javascript.jscomp.TypeCheck.visitNew(TypeCheck.java:1567)\r\n\tat com.google.javascript.jscomp.TypeCheck.visit(TypeCheck.java:569)\r\n\tat com.google.javascript.jscomp.NodeTraversal.traverseBranch(NodeTraversal.java:534)\r\n\tat com.google.javascript.jscomp.NodeTraversal.traverseBranch(NodeTraversal.java:528)\r\n\tat com.google.javascript.jscomp.NodeTraversal.traverseBranch(NodeTraversal.java:528)\r\n\tat com.google.javascript.jscomp.NodeTraversal.traverseBranch(NodeTraversal.java:528)\r\n\tat com.google.javascript.jscomp.NodeTraversal.traverseBranch(NodeTraversal.java:528)\r\n\tat com.google.javascript.jscomp.NodeTraversal.traverseBranch(NodeTraversal.java:528)\r\n\tat com.google.javascript.jscomp.NodeTraversal.traverseBranch(NodeTraversal.java:528)\r\n\tat com.google.javascript.jscomp.NodeTraversal.traverseFunction(NodeTraversal.java:569)\r\n\tat com.google.javascript.jscomp.NodeTraversal.traverseBranch(NodeTraversal.java:522)\r\n\tat com.google.javascript.jscomp.NodeTraversal.traverseBranch(NodeTraversal.java:528)\r\n\tat com.google.javascript.jscomp.NodeTraversal.traverseBranch(NodeTraversal.java:528)\r\n\tat com.google.javascript.jscomp.NodeTraversal.traverseBranch(NodeTraversal.java:528)\r\n\tat com.google.javascript.jscomp.NodeTraversal.traverseBranch(NodeTraversal.java:528)\r\n\tat com.google.javascript.jscomp.NodeTraversal.traverseWithScope(NodeTraversal.java:353)\r\n\tat com.google.javascript.jscomp.TypeCheck.check(TypeCheck.java:400)\r\n\tat com.google.javascript.jscomp.TypeCheck.process(TypeCheck.java:371)\r\n\tat com.google.javascript.jscomp.DefaultPassConfig$30$1.process(DefaultPassConfig.java:1237)\r\n\tat com.google.javascript.jscomp.PhaseOptimizer$NamedPass.process(PhaseOptimizer.java:293)\r\n\tat com.google.javascript.jscomp.PhaseOptimizer.process(PhaseOptimizer.java:237)\r\n\tat com.google.javascript.jscomp.Compiler.check(Compiler.java:830)\r\n\tat com.google.javascript.jscomp.Compiler.compileInternal(Compiler.java:742)\r\n\tat com.google.javascript.jscomp.Compiler.access$000(Compiler.java:83)\r\n\tat com.google.javascript.jscomp.Compiler$2.call(Compiler.java:650)\r\n\tat com.google.javascript.jscomp.Compiler$2.call(Compiler.java:647)\r\n\tat com.google.javascript.jscomp.Compiler$3.call(Compiler.java:677)\r\n\tat java.util.concurrent.FutureTask$Sync.innerRun(FutureTask.java:303)\r\n\tat java.util.concurrent.FutureTask.run(FutureTask.java:138)\r\n\tat java.util.concurrent.ThreadPoolExecutor$Worker.runTask(ThreadPoolExecutor.java:895)\r\n\tat java.util.concurrent.ThreadPoolExecutor$Worker.run(ThreadPoolExecutor.java:918)\r\n\tat java.lang.Thread.run(Thread.java:680)\r\nmake: *** [crash] Error 254\r\n\r\n&gt; What version of the product are you using? On what operating system?\r\nclosure-compiler release 20130411.  I have also encountered this error on earlier versions of closure-compiler, but the above repro recipe uses 20130411.  I'm currently testing on OS X but this probably happens on other platforms too.\r\n\r\n&gt; Please provide any additional information below.\r\n\r\nHere's the contents of crash.js (included in the attached archive):\r\n\r\n-----begin snip-----\r\nvar test = {};\r\n\r\n/**\r\n * @interface\r\n */\r\ntest.T = function() {};\r\n\r\n/**\r\n * @constructor\r\n * @implements {test.T}\r\n */\r\ntest.A = function() {};\r\n\r\n/**\r\n * @constructor\r\n * @implements {test.T}\r\n */\r\ntest.B = function() {};\r\n\r\n/**\r\n * @constructor\r\n */\r\ntest.X = function() {\r\n    this.type = test.A;\r\n    this.t = this.f();\r\n};\r\n\r\n/**\r\n * @return {test.T}\r\n */\r\ntest.X.prototype.f = function() {\r\n    if (this.type === test.A) {\r\n        return new test.A();\r\n    } else if (this.type === test.B) {\r\n        return new test.B();\r\n    }\r\n};\r\n-----end snip-----",
    "desc_source": "google"
  },
  "Closure_126": {
    "description": "Break in finally block isn't optimized properly\nb: try { throw(&quot;throw me&quot;) } finally { /* fake catcher */ ; break b }; console.log(&quot;ok then...&quot;)\r\n\r\n... gets optimized into ...\r\n\r\n  throw&quot;throw me&quot;;\r\n\r\n... which is not the same.\r\n\r\nThe break in the finally block should prevent the exception from being passed on. The expected result is:\r\n\r\n   console.log(&quot;ok then...&quot;)\r\n\r\nECMA-262 says:\r\n\r\nThe production TryStatement : try Block Finally is evaluated as follows:\r\n\r\nLet B be the result of evaluating Block.\r\nLet F be the result of evaluating Finally.\r\nIf F.type is normal, return B.\r\nReturn F.\r\n\r\nF.type in this case would be 'break' and not 'normal', so 'break' overrides the 'throw' of B\r\n\r\nThis is with the build available for download on Feb 28 2013.",
    "desc_source": "google"
  },
  "Closure_127": {
    "description": "Break in finally block isn't optimized properly\nb: try { throw(&quot;throw me&quot;) } finally { /* fake catcher */ ; break b }; console.log(&quot;ok then...&quot;)\r\n\r\n... gets optimized into ...\r\n\r\n  throw&quot;throw me&quot;;\r\n\r\n... which is not the same.\r\n\r\nThe break in the finally block should prevent the exception from being passed on. The expected result is:\r\n\r\n   console.log(&quot;ok then...&quot;)\r\n\r\nECMA-262 says:\r\n\r\nThe production TryStatement : try Block Finally is evaluated as follows:\r\n\r\nLet B be the result of evaluating Block.\r\nLet F be the result of evaluating Finally.\r\nIf F.type is normal, return B.\r\nReturn F.\r\n\r\nF.type in this case would be 'break' and not 'normal', so 'break' overrides the 'throw' of B\r\n\r\nThis is with the build available for download on Feb 28 2013.",
    "desc_source": "google"
  },
  "Closure_128": {
    "description": "The compiler quotes the \"0\" keys in object literals\n<b>What steps will reproduce the problem?</b>\n1. Compile alert({0:0, 1:1});\r\n\r\nWhat is the expected output?\r\nalert({0:0, 1:1});\r\n\r\nWhat do you see instead?\r\nalert({&quot;0&quot;:0, 1:1});\r\n\r\n<b>What version of the product are you using? On what operating system?</b>\nLatest version on Goobuntu.",
    "desc_source": "google"
  },
  "Closure_129": {
    "description": "Casting a function before calling it produces bad code and breaks plugin code\n1. Compile this code with ADVANCED_OPTIMIZATIONS:\r\nconsole.log( /** @type {function(!string):!string} */ ((new window.ActiveXObject( 'ShockwaveFlash.ShockwaveFlash' ))['GetVariable'])( '$version' ) );\r\n\r\nproduces:\r\n\r\n'use strict';console.log((0,(new window.ActiveXObject(&quot;ShockwaveFlash.ShockwaveFlash&quot;)).GetVariable)(&quot;$version&quot;));\r\n\r\n2. Compare with this code:\r\nconsole.log( /** @type {!string} */ ((new window.ActiveXObject( 'ShockwaveFlash.ShockwaveFlash' ))['GetVariable']( '$version' )) )\r\n\r\nproduces:\r\n\r\n'use strict';console.log((new window.ActiveXObject(&quot;ShockwaveFlash.ShockwaveFlash&quot;)).GetVariable(&quot;$version&quot;));\r\n\r\n\r\nNotice the (0,...) wrapping around the GetVariable function in the first example. This causes the call to fail in every browser (this code is IE-only but it's just for a minimal example). The second version produces a warning that the type of GetVariable could not be determined (I enabled type warnings), and it wouldn't be possible to define these in an externs file without making a horrible mess.\r\n\r\nThis applies to all cases where functions are cast, but only causes problems (other than bloat) with plugins like this. It seems to serve no purpose whatsoever, so I assume it is a bug.\r\n\r\nRunning on a mac, not sure what version but it reports Built on: 2013/02/12 17:00, so will have been downloaded about that time.",
    "desc_source": "google"
  },
  "Closure_130": {
    "description": "arguments is moved to another scope\nUsing ADVANCED_OPTIMIZATIONS with CompilerOptions.collapsePropertiesOnExternTypes = true a script I used broke, it was something like:\r\n\r\nfunction () {\r\n  return function () {\r\n    var arg = arguments;\r\n    setTimeout(function() { alert(args); }, 0);\r\n  }\r\n}\r\n\r\nUnfortunately it was rewritten to:\r\n\r\nfunction () {\r\n  return function () {\r\n    setTimeout(function() { alert(arguments); }, 0);\r\n  }\r\n}\r\n\r\narguments should not be collapsed.",
    "desc_source": "google"
  },
  "Closure_131": {
    "description": "unicode characters in property names result in invalid output\n<b>What steps will reproduce the problem?</b>\n1. use unicode characters in a property name for an object, like this:\r\nvar test={&quot;a\\u0004b&quot;:&quot;c&quot;};\r\n\r\n2. compile\r\n\r\n<b>What is the expected output? What do you see instead?</b>\nBecause unicode characters are not allowed in property names without quotes, the output should be the same as the input. However, the compiler converts the string \\u0004 to the respective unicode character, and the output is: \r\nvar test={a\u0004b:&quot;c&quot;}; // unicode character between a and b can not be displayed here\r\n\r\n<b>What version of the product are you using? On what operating system?</b>\nnewest current snapshot on multiple os (OSX/linux)\r\n\r\n<b>Please provide any additional information below.</b>",
    "desc_source": "google"
  },
  "Closure_132": {
    "description": "if statement\n<b>What steps will reproduce the problem?</b>\nINPUT:\r\nif( es[--esi][ es[esi+1] ] === 1)\r\n{\r\n\tes[esi] = 0;\r\n}\r\nelse\r\n{\r\n\tes[esi] = 1;\r\n}\r\nOUTPUT:\r\n\r\nes[esi] = 1 === es[--esi][es[esi + 1]] ? 0 : 1;\r\n\r\nBUT MUST BE\r\nes[--esi] = 1 === es[esi][es[esi + 1]] ? 0 : 1;\r\n\r\nIm using latest version on windows",
    "desc_source": "google"
  },
  "Closure_133": {
    "description": "Exception when parsing erroneous jsdoc: /**@return {@code foo} bar   *    baz. */\nThe following causes an exception in JSDocInfoParser.\r\n\r\n/** \r\n * @return {@code foo} bar \r\n *    baz. */\r\nvar x;\r\n\r\n\r\n\r\nFix to follow.",
    "desc_source": "google"
  },
  "Closure_134": {
    "description": "@inheritDoc doesn't play well with interfaces\nIf I use interface inheritance with @inheritDoc, the compiler doesn't \r\nknow about the types used in the method signature.\r\n\r\nSample code:\r\n\r\n/**\r\n * Interface\r\n * @interface\r\n */\r\nA = function() {};\r\n\r\n/**\r\n * @param {string} a\r\n */\r\nA.prototype.foo = function(a) {};\r\n\r\n/**\r\n * @constructor\r\n * @implements {A}\r\n */\r\nB = function() {};\r\n\r\n/**\r\n * @inheritDoc\r\n */\r\nB.prototype.foo = function(a) {\r\n  alert(a.substring(0));   //  ERROR - could not determine the type of \r\nthis expression\r\n};",
    "desc_source": "google"
  },
  "Closure_135": {
    "description": "Inheritance not detected when prototype directly assigned\nGiven the following input JS:\r\n//--------------------------\r\n/**\r\n* @constructor\r\n*/\r\nfunction SuperClass () {\r\n}\r\n\r\nSuperClass.prototype.CustomMethod = function() {\r\n}\r\n\r\n/**\r\n* @constructor\r\n* @extends {SuperClass}\r\n*/\r\nfunction SubClass () {\r\n}\r\nSubClass.prototype = new SuperClass();\r\n\r\n/**\r\n* @override\r\n*/\r\nSubClass.prototype.CustomMethod = function() {\r\n\tthis.myProperty = &quot;value&quot;;\r\n}\r\n\r\nwindow['SubClassInstance'] = new SubClass();\r\n//---------------------------------\r\n\r\nWhen compiled with ADVANCED_OPTIMIZATIONS produces the warning:\r\nJSC_UNKNOWN_OVERRIDE: property CustomMethod not defined on any superclass\r\nof SubClass\r\n\r\nThis error has been reproduced in both the downloaded compiler and the\r\nCompiler Service UI.\r\n\r\nWhen the prototype assignment is wrapped in a function, it is correctly\r\ndetected. See below:\r\n//---------------------------------\r\nfunction inherit(Child, Parent) {\r\n    Child.prototype = new Parent();\r\n} \r\ninherit(SubClass, SuperClass);\r\n//---------------------------------",
    "desc_source": "google"
  },
  "Closure_136": {
    "description": "$super is replaced when it should not be replaced\n<b>What steps will reproduce the problem?</b>\n1. Have javascript using prototype's $super\r\n2. Compile with advanced_optimizations\r\n3. See that $super is replaced by for example $super$$4\r\n\r\n<b>What is the expected output? What do you see instead?</b>\n$super should not be renamed as it is used by prototype.\r\n\r\n<b>What version of the product are you using? On what operating system?</b>\nLatest from svn.\r\n\r\n<b>Please provide any additional information below.</b>\nPersonally I made a quick fix in MakeDeclaredNamesUnique.java line 79:\r\nif (t.getCompiler().getCodingConvention().isExported(name)) { continue; }\r\nThis fixed it for me, but not sure if that's the right place or method to\r\nsolve this, as I am unfamiliar with the project.",
    "desc_source": "google"
  },
  "Closure_137": {
    "description": "Invalid JSC_DETERMINISTIC_TEST\n<b>What steps will reproduce the problem?</b>\n\r\n1. Compile following code:\r\n\r\n// ==ClosureCompiler==\r\n// @output_file_name default.js\r\n// @compilation_level ADVANCED_OPTIMIZATIONS\r\n// ==/ClosureCompiler==\r\n\r\nvar t = null;\r\n\r\nwindow.test = function()\r\n{\r\n    if (t != null)\r\n    {\r\n       t = null;\r\n    }\r\n\r\n    t = 1;\r\n};\r\n\r\n<b>What is the expected output? What do you see instead?</b>\n\r\nCode should be compiled without warnings, but I see \r\n&quot;JSC_DETERMINISTIC_TEST: condition always evaluates to false&quot;.",
    "desc_source": "google"
  },
  "Closure_138": {
    "description": "Invalid JSC_DETERMINISTIC_TEST\n<b>What steps will reproduce the problem?</b>\n\r\n1. Compile following code:\r\n\r\n// ==ClosureCompiler==\r\n// @output_file_name default.js\r\n// @compilation_level ADVANCED_OPTIMIZATIONS\r\n// ==/ClosureCompiler==\r\n\r\nvar t = null;\r\n\r\nwindow.test = function()\r\n{\r\n    if (t != null)\r\n    {\r\n       t = null;\r\n    }\r\n\r\n    t = 1;\r\n};\r\n\r\n<b>What is the expected output? What do you see instead?</b>\n\r\nCode should be compiled without warnings, but I see \r\n&quot;JSC_DETERMINISTIC_TEST: condition always evaluates to false&quot;.",
    "desc_source": "google"
  },
  "Closure_139": {
    "description": "Redefinition of a function in third party code can be miscompiled\n<b>What steps will reproduce the problem?</b>\n1. Run this code snippet and observe that it doesn't raise an error:\r\n\r\nfunction assert(b) {if (!b) throw &quot;error&quot;}\r\n\r\nassert(f() === 1)\r\nvar f = function() {return 2;}\r\nassert(f() === 2)\r\n\r\nfunction f() {return 1;}\r\n\r\n2. Compile it as third_party:\r\n3. Observe that the first definition of f has been changed from an assignment to a declaration, and that the code now raises an error.\r\n\r\n<b>What version of the product are you using? On what operating system?</b>\nr8\r\n\r\n<b>Please provide any additional information below.</b>\n\r\nThis bug is originally from a blog comment[1], I don't know if it has hit anyone in the wild yet.\r\n\r\n1) http://webreflection.blogspot.com/2009/11/google-closure-im-not-impressed.html#1604178721861066706",
    "desc_source": "google"
  },
  "Closure_140": {
    "description": "Google Common Loader Extern\nI needed this for one of my projects.\r\n\r\nChad Killingsworth",
    "desc_source": "google"
  },
  "Closure_141": {
    "description": "The side effects of function1||function2 are not calculated\n<b>What steps will reproduce the problem?</b>\n1. Compile (Math.sin||Math.cos)(0)\r\n\r\n<b>What is the expected output? What do you see instead?</b>\nEmpty output.\r\n\r\n<b>What version of the product are you using? On what operating system?</b>\nThe closure-compiler web service at r114.\r\n\r\n<b>Please provide any additional information below.</b>\nAs a result of this issue goog.now() is considered to have side effects.",
    "desc_source": "google"
  },
  "Closure_142": {
    "description": "Internet Explorer runtime error after compilation.\n<b>What steps will reproduce the problem?</b>\nSee attached HTML file in IE6+ (does not work in IE8 unless Compatibility View is turned *on* for \r\nsome reason).\r\n\r\n<b>What is the expected output? What do you see instead?</b>\nExpected output is on the left-hand side of the page (it is generated by the raw source). Google \r\nClosure's output is on the right-hand side of the page.\r\n\r\n<b>What version of the product are you using? On what operating system?</b>\nI downloaded compiler-latest.zip today (Nov. 24, 2009, ~ 12:00 PM EST)\r\n\r\n<b>Please provide any additional information below.</b>\nThere is a variable called &quot;threshold&quot; which is used to generate an array of arrays in the attached \r\nHTML file. If it is a small number, IE seems to pass arrays into the sort method (sorting an array \r\nof arrays) by value like all other browsers do. But when threshold is large enough (on my \r\nmachine that happens around 250) IE starts passing the arrays in by value. Google Closure \r\ncompiler has changed my original source from making local copies to modifying the arguments \r\nbeing passed into the sort comparator ... but as a result of this IE behavior the Closure compiled \r\ncode breaks.",
    "desc_source": "google"
  },
  "Closure_143": {
    "description": "@define does not support strings\n$ java -jar compiler.jar --compilation_level ADVANCED_OPTIMIZATIONS --define='test.VERSION=1.0.0' --js_output_file \r\ntest-min.js --js test.js\r\njava.lang.RuntimeException: --define flag syntax invalid: test.VERSION=1.0.0\r\n\tat com.google.javascript.jscomp.AbstractCommandLineRunner.createDefineReplacements(Unknown Source)\r\n\tat com.google.javascript.jscomp.AbstractCommandLineRunner.initOptionsFromFlags(Unknown Source)\r\n\tat com.google.javascript.jscomp.CommandLineRunner.createOptions(Unknown Source)\r\n\tat com.google.javascript.jscomp.AbstractCommandLineRunner.doRun(Unknown Source)\r\n\tat com.google.javascript.jscomp.AbstractCommandLineRunner.run(Unknown Source)\r\n\tat com.google.javascript.jscomp.CommandLineRunner.main(Unknown Source)\r\n\r\ntest.js:\r\n/** @define {string} */\r\ntest.VERSION = &quot;&quot;;\r\n\r\n\r\nI have tried both of these:\r\n--define='test.VERSION=1.0.0'\r\n--define='test.VERSION=&quot;1.0.0&quot;'\r\n\r\nBoth generate the same error.",
    "desc_source": "google"
  },
  "Closure_144": {
    "description": "Auto-identify void functions\nfunction f() {\r\n}\r\n\r\nalert(f());\r\n\r\nshould emit a warning",
    "desc_source": "google"
  },
  "Closure_145": {
    "description": "Bug with labeled loops and breaks\n<b>What steps will reproduce the problem?</b>\nTry to compile this code with the closure compiler : \r\nvar i = 0; \r\nlab1: do{ \r\n    lab2: do{ \r\n        i++; \r\n        if (1) { \r\n            break lab2; \r\n        } else { \r\n            break lab1; \r\n        } \r\n    } while(false); \r\n} while(false); \r\n\r\nconsole.log(i); \r\n\r\n<b>What is the expected output? What do you see instead?</b>\nThe generated code produced is :\r\nvar a=0;do b:do{a++;break b}while(0);while(0);console.log(a); \r\n\r\nWhich works on all browsers except IE (Looks like IE doesn't like \r\nthe missing brackets just after the first do instruction).\r\n\r\n<b>What version of the product are you using? On what operating system?</b>\nI am using the version of Jun 16 (latest) on ubuntu 10\r\n\r\n<b>Please provide any additional information below.</b>\nStrangely, this bug doesn't happen when I use PRETTY_PRINT formatting option.",
    "desc_source": "google"
  },
  "Closure_146": {
    "description": "bad type inference for != undefined\n<b>What steps will reproduce the problem?</b>\n\r\n// ==ClosureCompiler==\r\n// @compilation_level ADVANCED_OPTIMIZATIONS\r\n// @output_file_name default.js\r\n// ==/ClosureCompiler==\r\n\r\n/** @param {string} x */\r\nfunction g(x) {}\r\n\r\n/** @param {undefined} x */\r\nfunction f(x) {\r\n  if (x != undefined) { g(x); }\r\n}\r\n\r\n<b>What is the expected output? What do you see instead?</b>\n\r\nJSC_DETERMINISTIC_TEST: condition always evaluates to false\r\nleft : undefined\r\nright: undefined at line 6 character 6\r\nif (x != undefined) { g(x); }\r\n      ^\r\nJSC_TYPE_MISMATCH: actual parameter 1 of g does not match formal parameter\r\nfound   : undefined\r\nrequired: string at line 6 character 24\r\nif (x != undefined) { g(x); }\r\n                        ^\r\n\r\nthe second warning is bogus.",
    "desc_source": "google"
  },
  "Closure_147": {
    "description": "Lost a JSC_USED_GLOBAL_THIS warning in 0616 release vs 0514\n<b>What steps will reproduce the problem?</b>\n//------------------\r\n// should warn &quot;JSC_USED_GLOBAL_THIS: dangerous use of the global this object&quot; in both methods\r\n// none of these warns in 0616 release\r\nvar NS = {\r\n\tread: function()\r\n\t{\r\n\t\treturn this.foo; // does not warn in 0514 release\r\n\t},\r\n\r\n\twrite: function()\r\n\t{\r\n\t\tthis.foo = 123; // warns in 0514 release\r\n\t}\r\n};\r\n\r\n// only the non-inline notation warns in 0616 release\r\nNS.write2 = function()\r\n{\r\n\tthis.foo = 123;\r\n};\r\n\r\n//-----------------------\r\n<b>What is the expected output? What do you see instead?</b>\nSince the 0514 release warned in in the &quot;write&quot; case above I would expect the 0616 to also report this. \r\n\r\n<b>What version of the product are you using? On what operating system?</b>\nAs said above, 20100514 and 20100616 releases.\r\n\r\n<b>Please provide any additional information below.</b>\nI understand that the status is that inline-notation isn't preferred, though I wouldn't expect a previous, correct, warning to disappear. (Since I reported issue #144 I'm also aware of the previous limitation in global this).",
    "desc_source": "google"
  },
  "Closure_148": {
    "description": "CSS3 'writingMode' not recognised in advanced mode\nelement.style.writingMode was defined in CSS3 but later dropped. However it is supported by IE7 (possibly earlier). It's a useful way to achieve vertical text in IE.\r\n\r\nClosure Compiler will change references of element.style.writingMode to element.style.a, breaking implementation.\r\n\r\nI've attached a patch adding this to the IE css properties.\r\n\r\nCheers,\r\nJake.",
    "desc_source": "google"
  },
  "Closure_149": {
    "description": "Add option to turn off string escaping\n<b>What steps will reproduce the problem?</b>\n\r\n1. I'm having large files with strings (patterns for hyphenation, see http://code.google.com/p/hyphenator/) and no-ASCII-characters.\r\n2. Minifying with closure compiler makes them bigger\r\n    ru.js (orig): 41'216 Bytes\r\n    ru.js (orig, gzip): 17'124 Bytes\r\n    ru.js (mini): 110'770 Bytes\r\n    ru.js (mini, gzip): 18'860 Bytes\r\n\r\nWhat is the expected output?\r\nI'd like to be able to turn OFF the string escaping mechanism.\r\n\r\nThanks",
    "desc_source": "google"
  },
  "Closure_150": {
    "description": "Type checker misses annotations on functions defined within functions\n<b>What steps will reproduce the problem?</b>\n1. Compile the following code under --warning_level VERBOSE\r\n\r\nvar ns = {};\r\n\r\n/** @param {string=} b */\r\nns.a = function(b) {}\r\n\r\nfunction d() {\r\n    ns.a();\r\n    ns.a(123);\r\n}\r\n\r\n2. Observe that the type checker correctly emits one warning, as 123 \r\ndoesn't match the type {string}\r\n\r\n3. Now compile the code with ns.a defined within an anonymous function, \r\nlike so:\r\n\r\nvar ns = {};\r\n\r\n(function() {\r\n    /** @param {string=} b */\r\n    ns.a = function(b) {}\r\n})();\r\n\r\nfunction d() {\r\n    ns.a();\r\n    ns.a(123);\r\n}\r\n\r\n4. Observe that a warning is emitted for calling ns.a with 0 parameters, and \r\nnot for the type error, as though the @param declaration were ignored. \r\n\r\n<b>What version of the product are you using? On what operating system?</b>\nr15\r\n\r\n<b>Please provide any additional information below.</b>\n\r\nThis sort of module pattern is common enough that it strikes me as worth \r\nsupporting.\r\n\r\nOne last note to make matters stranger: if the calling code isn't itself within \r\na function, no warnings are emitted at all:\r\n\r\nvar ns = {};\r\n\r\n(function() {\r\n    /** @param {string=} b */\r\n    ns.a = function(b) {}\r\n})();\r\n\r\nns.a();\r\nns.a(123);",
    "desc_source": "google"
  },
  "Closure_151": {
    "description": "Add a --version option for the compiler.\n<b>What steps will reproduce the problem?</b>\n1. Run java -jar compiler.jar --version\r\n\r\n<b>What is the expected output? What do you see instead?</b>\nExpected: A version statement.\r\nActual: An error that --version is not supported.\r\n\r\n<b>What version of the product are you using? On what operating system?</b>\nSee above. This is a compiler.jar I downloaded from this project (didn't \r\nbuild it myself), file is dated 04/12/2009.\r\nOn Windows XP.\r\n\r\n<b>Please provide any additional information below.</b>\nThis information doesn't seem to be given anywhere, don't see it on --help \r\neither.\r\n\r\nThis is an enhancement request, not a bug report.",
    "desc_source": "google"
  },
  "Closure_152": {
    "description": "resolveTypes: jstype.UnionType cannot be cast to jstype.ObjectType\n<b>What steps will reproduce the problem?</b>\n\r\n1. Compile a bunch of JavaScript files that I can't release with these options: ['--create_name_map_files', 'true', '--jscomp_warning', 'missingProperties', '--jscomp_warning', 'undefinedVars', '--jscomp_warning', 'checkTypes', '--warning_level', 'VERBOSE', '--summary_detail_level', '3', '--process_closure_primitives', 'true', '--jscomp_error', 'strictModuleDepCheck', '--jscomp_error', 'invalidCasts', '--logging_level', 'ALL', '--compilation_level', 'ADVANCED_OPTIMIZATIONS']\r\n\r\n2. During this pass:\r\n\r\n        Oct 26, 2010 12:09:38 AM com.google.javascript.jscomp.PhaseOptimizer$NamedPass process\r\n        INFO: resolveTypes\r\n\r\n, compilation terminates with:\r\n\r\n        java.lang.RuntimeException: java.lang.ClassCastException: com.google.javascript.rhino.jstype.UnionType cannot be cast to com.google.javascript.rhino.jstype.ObjectType\r\n                at com.google.javascript.jscomp.Compiler.runInCompilerThread(Unknown Source)\r\n                at com.google.javascript.jscomp.Compiler.compile(Unknown Source)\r\n                at com.google.javascript.jscomp.Compiler.compile(Unknown Source)\r\n                at com.google.javascript.jscomp.AbstractCommandLineRunner.doRun(Unknown Source)\r\n                at com.google.javascript.jscomp.AbstractCommandLineRunner.run(Unknown Source)\r\n                at com.google.javascript.jscomp.CommandLineRunner.main(Unknown Source)\r\n        Caused by: java.lang.ClassCastException: com.google.javascript.rhino.jstype.UnionType cannot be cast to com.google.javascript.rhino.jstype.ObjectType\r\n                at com.google.javascript.rhino.jstype.FunctionType.resolveInternal(Unknown Source)\r\n                at com.google.javascript.rhino.jstype.JSType.resolve(Unknown Source)\r\n                at com.google.javascript.jscomp.TypedScopeCreator$DeferredSetType.resolve(Unknown Source)\r\n                at com.google.javascript.jscomp.TypedScopeCreator$AbstractScopeBuilder.resolveTypes(Unknown Source)\r\n                at com.google.javascript.jscomp.TypedScopeCreator.createScope(Unknown Source)\r\n                at com.google.javascript.jscomp.MemoizedScopeCreator.createScope(Unknown Source)\r\n                at com.google.javascript.jscomp.DefaultPassConfig$GlobalTypeResolver.process(Unknown Source)\r\n                at com.google.javascript.jscomp.PhaseOptimizer$PassFactoryDelegate.processInternal(Unknown Source)\r\n                at com.google.javascript.jscomp.PhaseOptimizer$NamedPass.process(Unknown Source)\r\n                at com.google.javascript.jscomp.PhaseOptimizer.process(Unknown Source)\r\n                at com.google.javascript.jscomp.Compiler.check(Unknown Source)\r\n                at com.google.javascript.jscomp.Compiler.compileInternal(Unknown Source)\r\n                at com.google.javascript.jscomp.Compiler.access$000(Unknown Source)\r\n                at com.google.javascript.jscomp.Compiler$1.call(Unknown Source)\r\n                at com.google.javascript.jscomp.Compiler$1.call(Unknown Source)\r\n                at com.google.javascript.jscomp.Compiler$2.run(Unknown Source)\r\n                at java.lang.Thread.run(Thread.java:662)\r\n\r\n\r\n<b>What version of the product are you using? On what operating system?</b>\n\r\nI'm using Closure Compiler r506.  The problem first appeared in r482.",
    "desc_source": "google"
  },
  "Closure_153": {
    "description": "Namespace definition in Prototype is broken\n<b>What steps will reproduce the problem?</b>\n1. Namespace definition in prototype.js (Prototype library) looks like:\r\nif (!Node) var Node = { };\r\n2. Compile with latest command line compiler (Version: 20100917 (revision 440) Built on: 2010/09/17 17:55), with default options\r\n3. Open html which uses this script in IE8 - IE will show error message (something like &quot;Node - definition is missing&quot;, I use localized version and cannot write exact english message).\r\n\r\nWhat is the expected output?\r\nSomething like:\r\nif(!Node)var Node={};\r\n\r\nWhat do you see instead?\r\nNode||(Node={});\r\n\r\n<b>What version of the product are you using? On what operating system?</b>\nCommand line compiler (Version: 20100917 (revision 440) Built on: 2010/09/17 17:55), with default options, OS Linux Mint 7.",
    "desc_source": "google"
  },
  "Closure_154": {
    "description": "Add support for data members on interfaces\n/**\r\n * @interface\r\n */\r\nfunction I() {};\r\n\r\n/** @type {string} */\r\nI.prototype.foobar;\r\n\r\n/**\r\n * @constructor\r\n * @implements {I}\r\n */\r\nfunction C() {\r\n  // No warning generated here.\r\n  this.foobar = 2;\r\n};\r\n\r\n/** @type {I} */\r\nvar test = new C(); \r\nalert(test.foobar);",
    "desc_source": "google"
  },
  "Closure_155": {
    "description": "Overzealous arguments optimisation\nConsider the following JavaScript code:\r\n\r\nfunction d3_call(callback) {\r\n  var f = callback;\r\n  arguments[0] = this;\r\n  f.apply(this, arguments);\r\n  return this;\r\n}\r\n\r\nThis is optimised to:\r\n\r\nfunction d3_call(a){arguments[0]=this;a.apply(this,arguments);return this};\r\n\r\nHowever, the use of a temporary variable `f` is necessary to avoid `arguments[0] = this` from overwriting the first argument.\r\n\r\nIn the above optimised code, `arguments[0] = this` causes `this` to be assigned to `a`.\r\n\r\nVerified on latest SVN r878.\r\n\r\nSee also: https://github.com/mbostock/d3/issues/closed#issue/68",
    "desc_source": "google"
  },
  "Closure_156": {
    "description": "Compiler crashes on assign statement\nIt is a large app (containing the entire Dojo Toolkit library). Code fragment that fails:\r\n\r\n/** @constructor\r\n *  @param {...Object} params\r\n */\r\ndojox.gfx.shape.Shape = function(params) {};\r\ndojox.gfx.shape.Shape = dojo.declare(&quot;dojox.gfx.shape.Shape&quot;, null, /** @lends dojox.gfx.shape.Shape.prototype */ { .......\r\n\r\n\r\nError message:\r\n\r\njava.lang.RuntimeException: java.lang.RuntimeException: INTERNAL COMPILER ERROR.\r\nPlease report this problem.\r\nUnexpected variable dojox$gfx$shape$Shape\r\n  Node(NAME dojox$gfx$shape$Shape): release\\src\\dijit.js.uncompressed.js:15135:0\r\ndojox.gfx.shape.Shape = dojo.declare(&quot;dojox.gfx.shape.Shape&quot;, null, /** @lends dojox.gfx.shape.Shape.prototype */ {\r\n  Parent(ASSIGN): release\\src\\dijit.js.uncompressed.js:15135:22\r\ndojox.gfx.shape.Shape = dojo.declare(&quot;dojox.gfx.shape.Shape&quot;, null, /** @lends dojox.gfx.shape.Shape.prototype */ {\r\n\r\n\tat com.google.javascript.jscomp.Compiler.runCallable(Unknown Source)\r\n\tat com.google.javascript.jscomp.Compiler.runInCompilerThread(Unknown Source)\r\n\tat com.google.javascript.jscomp.Compiler.compile(Unknown Source)\r\n\tat com.google.javascript.jscomp.Compiler.compile(Unknown Source)\r\n\tat com.google.javascript.jscomp.AbstractCommandLineRunner.doRun(Unknown Source)\r\n\tat com.google.javascript.jscomp.AbstractCommandLineRunner.run(Unknown Source)\r\n\tat com.google.javascript.jscomp.CommandLineRunner.main(Unknown Source)\r\nCaused by: java.lang.RuntimeException: INTERNAL COMPILER ERROR.\r\nPlease report this problem.\r\nUnexpected variable dojox$gfx$shape$Shape\r\n  Node(NAME dojox$gfx$shape$Shape): release\\src\\dijit.js.uncompressed.js:15135:0\r\ndojox.gfx.shape.Shape = dojo.declare(&quot;dojox.gfx.shape.Shape&quot;, null, /** @lends dojox.gfx.shape.Shape.prototype */ {\r\n  Parent(ASSIGN): release\\src\\dijit.js.uncompressed.js:15135:22\r\ndojox.gfx.shape.Shape = dojo.declare(&quot;dojox.gfx.shape.Shape&quot;, null, /** @lends dojox.gfx.shape.Shape.prototype */ {\r\n\r\n\tat com.google.javascript.jscomp.VarCheck.visit(Unknown Source)\r\n\tat com.google.javascript.jscomp.NodeTraversal.traverseBranch(Unknown Source)\r\n\tat com.google.javascript.jscomp.NodeTraversal.traverseBranch(Unknown Source)\r\n\tat com.google.javascript.jscomp.NodeTraversal.traverseBranch(Unknown Source)\r\n\tat com.google.javascript.jscomp.NodeTraversal.traverseBranch(Unknown Source)\r\n\tat com.google.javascript.jscomp.NodeTraversal.traverseBranch(Unknown Source)\r\n\tat com.google.javascript.jscomp.NodeTraversal.traverseBranch(Unknown Source)\r\n\tat com.google.javascript.jscomp.NodeTraversal.traverseBranch(Unknown Source)\r\n\tat com.google.javascript.jscomp.NodeTraversal.traverseBranch(Unknown Source)\r\n\tat com.google.javascript.jscomp.NodeTraversal.traverseBranch(Unknown Source)\r\n\tat com.google.javascript.jscomp.NodeTraversal.traverseBranch(Unknown Source)\r\n\tat com.google.javascript.jscomp.NodeTraversal.traverseBranch(Unknown Source)\r\n\tat com.google.javascript.jscomp.NodeTraversal.traverseBranch(Unknown Source)\r\n\tat com.google.javascript.jscomp.NodeTraversal.traverseBranch(Unknown Source)\r\n\tat com.google.javascript.jscomp.NodeTraversal.traverseBranch(Unknown Source)\r\n\tat com.google.javascript.jscomp.NodeTraversal.traverseBranch(Unknown Source)\r\n\tat com.google.javascript.jscomp.NodeTraversal.traverseBranch(Unknown Source)\r\n\tat com.google.javascript.jscomp.NodeTraversal.traverseBranch(Unknown Source)\r\n\tat com.google.javascript.jscomp.NodeTraversal.traverseBranch(Unknown Source)\r\n\tat com.google.javascript.jscomp.NodeTraversal.traverseBranch(Unknown Source)\r\n\tat com.google.javascript.jscomp.NodeTraversal.traverseBranch(Unknown Source)\r\n\tat com.google.javascript.jscomp.NodeTraversal.traverseBranch(Unknown Source)\r\n\tat com.google.javascript.jscomp.NodeTraversal.traverseBranch(Unknown Source)\r\n\tat com.google.javascript.jscomp.NodeTraversal.traverseBranch(Unknown Source)\r\n\tat com.google.javascript.jscomp.NodeTraversal.traverseBranch(Unknown Source)\r\n\tat com.google.javascript.jscomp.NodeTraversal.traverseBranch(Unknown Source)\r\n\tat com.google.javascript.jscomp.NodeTraversal.traverseBranch(Unknown Source)\r\n\tat com.google.javascript.jscomp.NodeTraversal.traverseBranch(Unknown Source)\r\n\tat com.google.javascript.jscomp.NodeTraversal.traverseBranch(Unknown Source)\r\n\tat com.google.javascript.jscomp.NodeTraversal.traverseBranch(Unknown Source)\r\n\tat com.google.javascript.jscomp.NodeTraversal.traverseBranch(Unknown Source)\r\n\tat com.google.javascript.jscomp.NodeTraversal.traverseBranch(Unknown Source)\r\n\tat com.google.javascript.jscomp.NodeTraversal.traverseBranch(Unknown Source)\r\n\tat com.google.javascript.jscomp.NodeTraversal.traverseBranch(Unknown Source)\r\n\tat com.google.javascript.jscomp.NodeTraversal.traverseRoots(Unknown Source)\r\n\tat com.google.javascript.jscomp.NodeTraversal.traverseRoots(Unknown Source)\r\n\tat com.google.javascript.jscomp.VarCheck.process(Unknown Source)\r\n\tat com.google.javascript.jscomp.PhaseOptimizer$PassFactoryDelegate.processInternal(Unknown Source)\r\n\tat com.google.javascript.jscomp.PhaseOptimizer$NamedPass.process(Unknown Source)\r\n\tat com.google.javascript.jscomp.PhaseOptimizer.process(Unknown Source)\r\n\tat com.google.javascript.jscomp.Compiler.optimize(Unknown Source)\r\n\tat com.google.javascript.jscomp.Compiler.compileInternal(Unknown Source)\r\n\tat com.google.javascript.jscomp.Compiler.access$000(Unknown Source)\r\n\tat com.google.javascript.jscomp.Compiler$1.call(Unknown Source)\r\n\tat com.google.javascript.jscomp.Compiler$1.call(Unknown Source)\r\n\tat com.google.javascript.jscomp.Compiler$2.run(Unknown Source)\r\n\tat java.lang.Thread.run(Unknown Source)\r\nCaused by: java.lang.IllegalStateException: Unexpected variable dojox$gfx$shape$Shape\r\n\t... 47 more",
    "desc_source": "google"
  },
  "Closure_157": {
    "description": "Numbers and quoted property names reject for get and set properties.\n- Use --language_in=ECMASCRIPT5.\r\n- Note that these definitions cause parse errors:\r\n\r\nvar x = { get 'x'() { return 1 } };\r\nvar x = { get 1() { return 1 } };\r\n\r\nES5 allow these.  The Rhino parser needs to be updated.",
    "desc_source": "google"
  },
  "Closure_158": {
    "description": "Order of jscomp_error, jscomp_warning, jscomp_off flags are not preserved\n&quot;off&quot; always takes precedence over &quot;warning&quot;, and &quot;warning&quot; always takes precedence over &quot;error&quot;\r\n\r\nThis should be changed so that the last arguments always has highest precedence.",
    "desc_source": "google"
  },
  "Closure_159": {
    "description": "Closure Compiler failed to translate all instances of a function name\n<b>What steps will reproduce the problem?</b>\n1. Compile the attached jQuery Multicheck plugin using SIMPLE optimization.\r\n\r\n<b>What is the expected output? What do you see instead?</b>\nYou expect that the function preload_check_all() gets its name translated appropriately. In fact, the Closure Compiler breaks the code by changing the function declaration but NOT changing the call to the function on line 76.",
    "desc_source": "google"
  },
  "Closure_160": {
    "description": "checkVars / undefinedVars diagnostics not working from command line\nIt seems that setting neither checkVars nor undefinedVars via the jscomp_warning command line argument does anything. The check(s) do work when &quot;warning_level VERBOSE&quot; is set though. Other diagnostic groups, such as globalThis, do work however.\r\n\r\nHere's what I'm seeing on the console:\r\n\r\n---------------------\r\n\r\n&gt;java -jar compiler.jar --js test.js\r\nfoo={bar:function(){alert(this.baz)}};\r\n\r\n&gt;java -jar compiler.jar --js test.js --warning_level VERBOSE\r\ntest.js:2: WARNING - dangerous use of the global this object\r\n\r\ntest.js:1: ERROR - variable foo is undefined\r\nfoo = {};\r\n^\r\n\r\n1 error(s), 1 warning(s)\r\n\r\n&gt;java -jar compiler.jar --js test.js --jscomp_warning globalThis\r\ntest.js:2: WARNING - dangerous use of the global this object\r\n\r\n0 error(s), 1 warning(s)\r\nfoo={bar:function(){alert(this.baz)}};\r\n\r\n&gt;java -jar compiler.jar --js test.js --jscomp_warning checkVars\r\nfoo={bar:function(){alert(this.baz)}};\r\n\r\n&gt;java -jar compiler.jar --js test.js --jscomp_warning undefinedVars\r\nfoo={bar:function(){alert(this.baz)}};\r\n\r\n---------------------\r\n\r\nMy test.js file looks like this:\r\n\r\n---------------------\r\n\r\nfoo = {};\r\nfoo.bar = function() { alert(this.baz); };\r\n\r\n---------------------\r\n\r\nTested against r1123 which was committed 5/20/11.",
    "desc_source": "google"
  },
  "Closure_161": {
    "description": "peephole constants folding pass is trying to fold [][11] as if it were a property lookup instead of a property assignment\n<b>What steps will reproduce the problem?</b>\n1.Try on line CC with Advance\r\n2.On the following 2-line code\r\n<b>3.</b>\n\r\n<b>What is the expected output? What do you see instead?</b>\n// ==ClosureCompiler==\r\n// @output_file_name default.js\r\n// @compilation_level ADVANCED_OPTIMIZATIONS\r\n// ==/ClosureCompiler==\r\n\r\n\r\nvar Mdt=[];\r\nMdt[11] = ['22','19','19','16','21','18','16','20','17','17','21','17'];\r\n\r\nThe error:\r\nJSC_INDEX_OUT_OF_BOUNDS_ERROR: Array index out of bounds: NUMBER 11.0\r\n2 [sourcename: Input_0] : number at line 2 character 4\r\n\r\n\r\n<b>What version of the product are you using? On what operating system?</b>\nThe online version on 201.07.27",
    "desc_source": "google"
  },
  "Closure_162": {
    "description": "Type aliases cannot be used in type annotations before their definitions\n<b>What steps will reproduce the problem?</b>\n1. Compile the following with full warnings:\r\n\r\ngoog.provide('foo.Foo');\r\ngoog.provide('foo.Foo.Bar');\r\n\r\ngoog.scope(function() {\r\n  /**\r\n   * @param {Foo.Bar} bar\r\n   * @constructor\r\n   */\r\n  foo.Foo = function(bar) {\r\n    this.bar = bar;\r\n  };\r\n  var Foo = foo.Foo;\r\n\r\n  /** @type {Foo.Bar} */\r\n  Foo.prototype.bar = null;\r\n\r\n  /** @constructor */\r\n  Foo.Bar = function() {};\r\n});\r\n\r\n\r\n<b>What is the expected output? What do you see instead?</b>\nThis should work, but instead I get an error:\r\n\r\nERROR - Bad type annotation. Unknown type Foo.Bar\r\n   * @param {Foo.Bar} bar\r\n                    ^\r\n\r\nThis can be worked around by writing explicitly foo.Foo.Bar, but this leads to strange inconsistencies in the code before vs. after the alias definition.\r\n\r\n\r\n<b>What version of the product are you using? On what operating system?</b>\nr1346 in Linux\r\n\r\n<b>Please provide any additional information below.</b>",
    "desc_source": "google"
  },
  "Closure_163": {
    "description": "VarCheck Crash When Using Modules\njava -jar \\users\\chad\\workspace\\closure-compiler\\build\\compiler.jar --compilation_level ADVANCED_OPTIMIZATIONS --formatting PRETTY_PRINT --debug --module jquery:1 --module core:1:jquery --module_output_path_prefix mod_ --js ..\\..\\dist\\jquery.js --js core.js --externs ..\\qunit_externs.js\r\n\r\njava.lang.RuntimeException: java.lang.RuntimeException: INTERNAL COMPILER ERROR.\r\nPlease report this problem.\r\nUnexpected variable jQuery$$2\r\n  Node(NAME jQuery$$2): core.js:100:12\r\n        equal( jQuery(&quot; &lt;div/&gt; &quot;).length, 1, &quot;Make sure whitespace is trimmed.&quot; );\r\n  Parent(GETPROP): core.js:100:12\r\n        equal( jQuery(&quot; &lt;div/&gt; &quot;).length, 1, &quot;Make sure whitespace is trimmed.&quot; );\r\n\r\n        at com.google.javascript.jscomp.Compiler.runCallable(Compiler.java:628)\r\n        at com.google.javascript.jscomp.Compiler.runInCompilerThread(Compiler.java:573)\r\n        at com.google.javascript.jscomp.Compiler.compile(Compiler.java:555)\r\n        at com.google.javascript.jscomp.Compiler.compileModules(Compiler.java:546)\r\n        at com.google.javascript.jscomp.AbstractCommandLineRunner.doRun(AbstractCommandLineRunner.java:709)\r\n        at com.google.javascript.jscomp.AbstractCommandLineRunner.run(AbstractCommandLineRunner.java:329)\r\n        at com.google.javascript.jscomp.CommandLineRunner.main(CommandLineRunner.java:825)\r\nCaused by: java.lang.RuntimeException: INTERNAL COMPILER ERROR.\r\nPlease report this problem.\r\nUnexpected variable jQuery$$2\r\n  Node(NAME jQuery$$2): core.js:100:12\r\n        equal( jQuery(&quot; &lt;div/&gt; &quot;).length, 1, &quot;Make sure whitespace is trimmed.&quot; );\r\n  Parent(GETPROP): core.js:100:12\r\n        equal( jQuery(&quot; &lt;div/&gt; &quot;).length, 1, &quot;Make sure whitespace is trimmed.&quot; );\r\n\r\n        at com.google.javascript.jscomp.VarCheck.visit(VarCheck.java:170)\r\n        at com.google.javascript.jscomp.NodeTraversal.traverseBranch(NodeTraversal.java:498)\r\n        at com.google.javascript.jscomp.NodeTraversal.traverseBranch(NodeTraversal.java:491)\r\n        at com.google.javascript.jscomp.NodeTraversal.traverseBranch(NodeTraversal.java:491)\r\n        at com.google.javascript.jscomp.NodeTraversal.traverseBranch(NodeTraversal.java:491)\r\n        at com.google.javascript.jscomp.NodeTraversal.traverseBranch(NodeTraversal.java:491)\r\n        at com.google.javascript.jscomp.NodeTraversal.traverseBranch(NodeTraversal.java:491)\r\n        at com.google.javascript.jscomp.NodeTraversal.traverseBranch(NodeTraversal.java:491)\r\n        at com.google.javascript.jscomp.NodeTraversal.traverseRoots(NodeTraversal.java:304)\r\n        at com.google.javascript.jscomp.NodeTraversal.traverseRoots(NodeTraversal.java:464)\r\n        at com.google.javascript.jscomp.VarCheck.process(VarCheck.java:108)\r\n        at com.google.javascript.jscomp.PhaseOptimizer$PassFactoryDelegate.processInternal(PhaseOptimizer.java:273)\r\n        at com.google.javascript.jscomp.PhaseOptimizer$NamedPass.process(PhaseOptimizer.java:250)\r\n        at com.google.javascript.jscomp.PhaseOptimizer.process(PhaseOptimizer.java:168)\r\n        at com.google.javascript.jscomp.Compiler.optimize(Compiler.java:1636)\r\n        at com.google.javascript.jscomp.Compiler.compileInternal(Compiler.java:663)\r\n        at com.google.javascript.jscomp.Compiler.access$1(Compiler.java:634)\r\n        at com.google.javascript.jscomp.Compiler$2.call(Compiler.java:558)\r\n        at com.google.javascript.jscomp.Compiler$2.call(Compiler.java:1)\r\n        at com.google.javascript.jscomp.Compiler$3.run(Compiler.java:600)\r\n        at java.lang.Thread.run(Unknown Source)\r\nCaused by: java.lang.IllegalStateException: Unexpected variable jQuery$$2\r\n        ... 21 more",
    "desc_source": "google"
  },
  "Closure_164": {
    "description": "{function(number, string)} should not be assignable to {function(number)}\nConsider the following snippet. I don't think the &quot;second call&quot; should compile. As a side note: it would be great if none of the compiled in some pseudo-strict compile mode.\r\n\r\n/** @param {function(string,number):boolean} param */\r\nfunction func(param) {}\r\n\r\n/** @type {function(string,number,boolean):boolean} */\r\nfunction paramFunc1() {}\r\n\r\n/** @type {function(string):boolean} */\r\nfunction paramFunc2() {}\r\n\r\n// first call\r\nfunc(paramFunc1);\r\n\r\n// second call\r\nfunc(paramFunc2);",
    "desc_source": "google"
  },
  "Closure_165": {
    "description": "Properties defined on any record type applying to unrelated record types\nConsider the following code:\r\n\r\n/** @typedef {{name: string, id: number}} */\r\nvar RecordType1;\r\n\r\n/**\r\n* @param {RecordType1} rec\r\n*/\r\nvar func = function(rec) {\r\n  alert(rec.name2);\r\n};\r\nfunc({name: 'jim', id: 0});\r\n\r\nCompiled with: \r\njava -jar build/compiler.jar --compilation_level=ADVANCED_OPTIMIZATIONS --jscomp_error=accessControls --jscomp_error=checkTypes --jscomp_error=checkVars --js ~/Desktop/test.js\r\n\r\nProperly errors:\r\n/Users/dolapo/Desktop/test.js:9: ERROR - Property name2 never defined on rec\r\n  alert(rec.name2);\r\n\r\n\r\nHowever, add another recordtype with name2 defined:\r\n\r\n/** @typedef {{name: string, id: number}} */\r\nvar RecordType1;\r\n\r\n/** @typedef {{name2: string}} */\r\nvar RecordType2;\r\n\r\n/**\r\n* @param {RecordType1} rec\r\n*/\r\nvar func = function(rec) {\r\n  alert(rec.name2);\r\n};\r\nfunc({name: 'jim', id: 0});\r\n\r\n\r\n\r\nand this compiles with no errors.",
    "desc_source": "google"
  },
  "Closure_166": {
    "description": "anonymous object type inference inconsistency when used in union\nCode:\r\n/** @param {{prop: string, prop2: (string|undefined)}} record */\r\nvar func = function(record) {\r\n  window.console.log(record.prop);\r\n}\r\n\r\n/** @param {{prop: string, prop2: (string|undefined)}|string} record */\r\nvar func2 = function(record) {\r\n  if (typeof record == 'string') {\r\n    window.console.log(record);\r\n  } else {\r\n    window.console.log(record.prop);\r\n  }\r\n}\r\n\r\nfunc({prop: 'a'});\r\nfunc2({prop: 'a'});\r\n\r\n\r\n\r\n\r\nerrors with:\r\nERROR - actual parameter 1 of func2 does not match formal parameter\r\nfound   : {prop: string}\r\nrequired: (string|{prop: string, prop2: (string|undefined)})\r\nfunc2({prop: 'a'});\r\n\r\n\r\nthe type of the record input to func and func2 are identical but the parameters to func2 allow some other type.",
    "desc_source": "google"
  },
  "Closure_167": {
    "description": "invalid property not erroring in for loop in prototype function\nI think this example can be simplified to use a typedef instead of externs, but using an extern for the repro case.\r\n\r\nCompile the attached with:\r\njava -jar build/compiler.jar --formatting=PRETTY_PRINT --jscomp_error=checkTypes --jscomp_error=externsValidation --compilation_level=SIMPLE_OPTIMIZATIONS --externs=inloop-externs.js inloop.js (pasted below for completeness)\r\n\r\nI would expect an error on the line in the for loop in the doIt function, but this compiles just fine. The commented out line above it properly errors, and if the same code is outside a prototype function, it errors. It does not error within the prototype function.\r\n\r\nThanks\r\n\r\n\r\n/**\r\n * @param {ns.Thing} thing\r\n * @constructor\r\n */\r\nns.MyClass = function(thing) {\r\n  /** @type {ns.Thing} */ this.thing_ = thing;\r\n};\r\n\r\nns.MyClass.prototype.doIt = function() {\r\n  var subthing = this.thing_.subthing;\r\n  // ERRORS:\r\n  // window.console.log(subthing.noprop);\r\n\r\n  // NO ERROR:\r\n  for (var i = 0; i &lt; subthing.noprop; i++) {\r\n    window.console.log(i);\r\n  }\r\n};\r\n\r\nvar thing = /** @type {ns.Thing} */({subthing: {prop: 3}});\r\n\r\n/*\r\n  ERRORS:\r\n  var subthing = thing.subthing;\r\n  for (var i = 0; i &lt; subthing.noprop; i++) {\r\n    window.console.log(i);\r\n  } */\r\n\r\nvar c = new ns.MyClass(thing);\r\nco.doIt();",
    "desc_source": "google"
  },
  "Closure_168": {
    "description": "Wrong argument count error not reported on this aliasing (on function with @this annotation)\nThe following code (attached as test2-1.js) when compiled with:\r\njava -jar build/compiler.jar --compilation_level=ADVANCED_OPTIMIZATIONS --jscomp_error=accessControls --jscomp_error=checkTypes --jscomp_error=checkVars --jscomp_error=uselessCode --jscomp_off=globalThis --js ~/Desktop/test2.js \r\n\r\ncorrectly fails with:\r\n\r\n/Users/dolapo/Desktop/test2.js:28: ERROR - Function Person.prototype.getName: called with 1 argument(s). Function requires at least 0 argument(s) and no more than 0 argument(s).\r\n\r\nHowever, if the say function is modified such that this is aliased and the function is called within a setTimeout (test2-2.js), the error is not caught\r\n\r\n\r\n\r\n\r\n\r\ntest2-1.js:\r\nvar makeClass = function(protoMethods) {\r\n  var clazz = function() {\r\n    this.initialize.apply(this, arguments);\r\n  }\r\n  for (var i in protoMethods) {\r\n    clazz.prototype[i] = protoMethods[i];\r\n  }\r\n\r\n  return clazz;\r\n}\r\n\r\n/** @constructor */\r\nvar Person = function(name){};\r\nPerson = makeClass(/** @lends Person.prototype */ {\r\n  /** @this {Person} */\r\n  initialize: function(name) {\r\n    this.name = name;\r\n  },\r\n\r\n  /** @this {Person} */\r\n  getName: function() { return this.name; },\r\n\r\n  /**\r\n   * @param {string} message\r\n   * @this {Person}\r\n   */\r\n  say: function(message) {\r\n    window.console.log(this.getName(1) + ' says: ' + message);\r\n  }\r\n});\r\n\r\n\r\nvar joe = new Person('joe');\r\njoe.say('hi');\r\nvar jane = new Person('jane');\r\njane.say('hello');\r\n\r\n\r\n\r\ntest2-2.js:\r\n\r\nvar makeClass = function(protoMethods) {\r\n  var clazz = function() {\r\n    this.initialize.apply(this, arguments);\r\n  }\r\n  for (var i in protoMethods) {\r\n    clazz.prototype[i] = protoMethods[i];\r\n  }\r\n\r\n  return clazz;\r\n}\r\n\r\n/** @constructor */\r\nvar Person = function(name){};\r\nPerson = makeClass(/** @lends Person.prototype */ {\r\n  /** @this {Person} */\r\n  initialize: function(name) {\r\n    this.name = name;\r\n  },\r\n\r\n  /** @this {Person} */\r\n  getName: function() { return this.name; },\r\n\r\n  /**\r\n   * @param {string} message\r\n   * @this {Person}\r\n   */\r\n  say: function(message) {\r\n    // window.console.log(this.getName(1) + ' says: ' + message);\r\n    var self = this;\r\n    setTimeout(function() {\r\n      window.console.log(self.getName(1) + ' says: ' + message);\r\n    }, 500); \r\n  }\r\n});\r\n\r\n\r\nvar joe = new Person('joe');\r\njoe.say('hi');\r\nvar jane = new Person('jane');\r\njane.say('hello');",
    "desc_source": "google"
  },
  "Closure_169": {
    "description": "Strange \"wrong parameter\" warning for callback function\n<b>What steps will reproduce the problem?</b>\nCompile the followed code:\r\n   /** @param {{func: function()}} obj */\r\n   function test1(obj) {};\r\n   var fnStruc1 = {};\r\n   fnStruc1.func = function() {};\r\n   test1(fnStruc1); \r\n\r\n<b>What is the expected output? What do you see instead?</b>\nExpected: compiled OK\r\nI see:\r\nWARNING - actual parameter 1 of func does not match formal parameter\r\nfound   : {func: function (): undefined}\r\nrequired: {func: function (): ?}\r\nfunc(fnStruc);\r\n     ^\r\n\r\n<b>What version of the product are you using? On what operating system?</b>\nr2102, Win7 x64\r\n\r\n<b>Please provide any additional information below.</b>\nThe followed code compiles OK:\r\n   /** @param {{func: function()}} obj */\r\n   function test2(obj) {};\r\n   var fnStruc2 = { func: function() {} };\r\n   test2(fnStruc2);\r\n\r\nDiscussion: https://groups.google.com/d/topic/closure-compiler-discuss/JuzERhGo48I/discussion",
    "desc_source": "google"
  },
  "Closure_170": {
    "description": "Overly aggressive comma removal\nWhen I compile the following code using simple optimizations, \r\nfunction Test(n) {\r\n  var i = 0;\r\n  return typeof n !== &quot;undefined&quot; ? (i = n.length) : (n = &quot;foo&quot;), i\r\n}\r\nvar dummy = &quot;6chars&quot;;\r\nconsole &amp;&amp; console.log( Test(dummy) );\r\n\r\nI get this:\r\nfunction Test(a) {\r\n  return 0\r\n}\r\nvar dummy = &quot;6chars&quot;;\r\nconsole &amp;&amp; console.log(Test(dummy));\r\n\r\nWhich provides a different result than the original code.",
    "desc_source": "google"
  },
  "Closure_171": {
    "description": "Assigning object literals to obj.prototype in a immediately executed function not recognized.\n/** @constructor */\r\nfunction foo() {}\r\n(function() {\r\n  foo.prototype = {\r\n    alert: function() {\r\n      alert(&quot;hello world&quot;);\r\n    }\r\n  };\r\n})()\r\nwindow.console.log(foo.prototype.alert); //undefined property warning",
    "desc_source": "google"
  },
  "Closure_172": {
    "description": "Type of prototype property incorrectly inferred to string\n<b>What steps will reproduce the problem?</b>\n1. Compile the following code:\r\n\r\n/** @param {Object} a */\r\nfunction f(a) {\r\n  a.prototype = '__proto';\r\n}\r\n\r\n/** @param {Object} a */\r\nfunction g(a) {\r\n  a.prototype = function(){};\r\n}\r\n\r\n<b>What is the expected output? What do you see instead?</b>\n\r\nShould type check. Instead, gives error:\r\n\r\nWARNING - assignment to property prototype of Object\r\nfound   : function (): undefined\r\nrequired: string\r\n  a.prototype = function(){};\r\n  ^",
    "desc_source": "google"
  },
  "Closure_173": {
    "description": "Operator precedence breaks with certain combinations of *, / and %.\n<b>What steps will reproduce the problem?</b>\n1. Try to compile this: x = a % b / b * c * 2; using either simple or advanced optimizations\r\n\r\n<b>What is the expected output? What do you see instead?</b>\n\r\nExpected: probably x=a%b/b*c*2;\r\nActual: x=2*a%b/b*c; (2 is incorrectly bumped to the beginning)\r\n\r\n\r\n<b>What version of the product are you using? On what operating system?</b>\n\r\nHappens on latest version and online. By the looks of things the change occurred somewhere between versions 20111003 and 20111114.\r\n\r\n\r\n<b>Please provide any additional information below.</b>\n\r\nAs *, / and % all have the same operator precedence they should be left-to-right, but hoisting the 2 to the beginning means it's on the wrong side of the modulus operator.",
    "desc_source": "google"
  },
  "Closure_174": {
    "description": "compiler crash on goog.scope locals\ngoog.provide(&quot;main&quot;);\r\ngoog.scope (function (){\r\n  var a = foo, b, c = 1;\r\n});\r\n\r\nReported by Thomas Fischer\r\n\r\nThere are 2 separate issues here: that there's an error, and that the error make the compiler crash.",
    "desc_source": "google"
  },
  "Closure_175": {
    "description": "Erroneous optimization in ADVANCED_OPTIMIZATIONS mode\n<b>What steps will reproduce the problem?</b>\n\r\n1. Create a file input.js with the following &quot;minimal&quot; test case:\r\n\r\n    window[&quot;anchor&quot;] = function (obj, modifiesProp) {\r\n        return (function (saved) {\r\n            return modifiesProp(obj) + saved;\r\n        })(obj[&quot;prop&quot;]);\r\n    }\r\n\r\n2. Compile it with:\r\n\r\n    java -jar .../build/compiler.jar                    \\\r\n        --compilation_level ADVANCED_OPTIMIZATIONS      \\\r\n        --warning_level VERBOSE                         \\\r\n        --externs window.js                             \\\r\n        --js input.js                                   \\\r\n        --js_output_file output.js\r\n\r\n3. That's all!\r\n\r\nWhat is the expected output?\r\n\r\n    window.foo=function(a,b){var HOLD=a.prop;return b(a)+HOLD};\r\n\r\nWhat do you see instead?\r\n\r\n    window.foo=function(a,b){return b(a)+a.prop};\r\n\r\nNote how this is semantically very different if modifiesProp/b (whose\r\nsemantics are unknown to the compiler) side-effects a.prop.\r\n\r\nThe evaluation order of + is well-defined in EcmaScript 5, but even\r\nthen, this happens even if one substitutes the , (comma) operator.\r\n\r\n<b>What version of the product are you using? On what operating system?</b>\n\r\nGit HEAD\r\n\r\n    commit 4a62ee4bca02169dd77a6f26ed64a624b3f05f95\r\n    Author: Chad Killingsworth &lt;chadkillingsworth@missouristate.edu&gt;\r\n    Date:   Wed Sep 25 14:52:28 2013 -0500\r\n    \r\n        Add history.state to html5 externs\r\n\r\non Linux.",
    "desc_source": "google"
  },
  "Closure_176": {
    "description": "initial type of variable wrong when initialize in a \"var\" statement with type declaration.\nThe following code doesn't give any warning even though it is an obvious bug:\r\n\r\n-------------===============================---------\r\n/**\r\n * @constructor\r\n */\r\nfunction MyClass() {\r\n  this.value = 1;\r\n}\r\n\r\nMyClass.prototype.show = function() {\r\n  window.console.log(this.value)\r\n}\r\n\r\n/**\r\n * @type {MyClass}\r\n */\r\nvar x = null;\r\nx.show();\r\n-------------===============================---------\r\n\r\nHowever, if you remove the @type from the var declaration, then closure realizes the problem and warns about x being null rather than an Object.\r\n\r\nIn any case, since x &quot;can be null&quot;, closure should warn about a potential null pointer error, and suggest to guard against the null value, like it does if we try to pass x as an argument where a non-null type is expected. That could be an optional behavior protected behind a flag, but it would definitely help catch lots of errors and write safer code.\r\n\r\nI am using the latest closure version available to date, on Ubuntu 13.04, on an amd64 machine.",
    "desc_source": "google"
  }
}